[0.784s] Invoking command in '/home/hp/ROS2_WS/build/slam_toolbox': CMAKE_PREFIX_PATH=${CMAKE_PREFIX_PATH}:/home/hp/ROS2_WS/install/my_robot_controller:/home/hp/ROS2_WS/install/my_exo:/home/hp/ROS2_WS/install/dynamic_tf:/opt/ros/humble /usr/bin/cmake --build /home/hp/ROS2_WS/build/slam_toolbox -- -j8 -l8
[0.898s] [  0%] Built target slam_toolbox__cpp
[0.902s] [35m[1mConsolidate compiler generated dependencies of target kartoSlamToolbox[0m
[0.908s] [  9%] Built target slam_toolbox__rosidl_generator_c
[0.913s] [  9%] Built target ament_cmake_python_symlink_slam_toolbox
[0.973s] [ 18%] Built target slam_toolbox__rosidl_typesupport_cpp
[0.975s] [ 27%] Built target slam_toolbox__rosidl_typesupport_c
[0.980s] [ 28%] [32mBuilding CXX object lib/karto_sdk/CMakeFiles/kartoSlamToolbox.dir/src/Mapper.cpp.o[0m
[0.983s] [ 38%] Built target slam_toolbox__rosidl_typesupport_fastrtps_c
[0.985s] [ 46%] Built target slam_toolbox__rosidl_typesupport_fastrtps_cpp
[0.988s] [ 57%] Built target slam_toolbox__rosidl_typesupport_introspection_cpp
[0.989s] [ 64%] Built target slam_toolbox__rosidl_typesupport_introspection_c
[1.025s] [ 64%] Built target slam_toolbox
[1.033s] [ 66%] Built target SlamToolboxPlugin
[1.062s] [ 67%] Built target slam_toolbox__py
[1.104s] [ 75%] Built target slam_toolbox__rosidl_generator_py
[1.149s] [ 76%] Built target slam_toolbox__rosidl_typesupport_fastrtps_c__pyext
[1.156s] [ 77%] Built target slam_toolbox__rosidl_typesupport_c__pyext
[1.163s] [ 78%] Built target slam_toolbox__rosidl_typesupport_introspection_c__pyext
[1.562s] running egg_info
[1.563s] writing slam_toolbox.egg-info/PKG-INFO
[1.564s] writing dependency_links to slam_toolbox.egg-info/dependency_links.txt
[1.564s] writing top-level names to slam_toolbox.egg-info/top_level.txt
[1.570s] reading manifest file 'slam_toolbox.egg-info/SOURCES.txt'
[1.572s] writing manifest file 'slam_toolbox.egg-info/SOURCES.txt'
[1.626s] [ 78%] Built target ament_cmake_python_build_slam_toolbox_egg
[4.713s] [01m[K/home/hp/ROS2_WS/src/slam_toolbox/lib/karto_sdk/src/Mapper.cpp:[m[K In member function â€˜[01m[Kvirtual kt_bool karto::Mapper::Process(karto::LocalizedRangeScan*, karto::Matrix3*)[m[Kâ€™:
[4.713s] [01m[K/home/hp/ROS2_WS/src/slam_toolbox/lib/karto_sdk/src/Mapper.cpp:2850:43:[m[K [01;31m[Kerror: [m[Kâ€˜[01m[KBOOST_SERIALIZATION_VERSION[m[Kâ€™ was not declared in this scope; did you mean â€˜[01m[KBOOST_SERIALIZATION_VERSION_HPP[m[Kâ€™?
[4.714s]  2850 |                 pScan->serialize(scan_oa, [01;31m[KBOOST_SERIALIZATION_VERSION[m[K(pScan));
[4.714s]       |                                           [01;31m[K^~~~~~~~~~~~~~~~~~~~~~~~~~~[m[K
[4.714s]       |                                           [32m[KBOOST_SERIALIZATION_VERSION_HPP[m[K
[7.463s] gmake[2]: *** [lib/karto_sdk/CMakeFiles/kartoSlamToolbox.dir/build.make:90: lib/karto_sdk/CMakeFiles/kartoSlamToolbox.dir/src/Mapper.cpp.o] Error 1
[7.463s] gmake[1]: *** [CMakeFiles/Makefile2:1045: lib/karto_sdk/CMakeFiles/kartoSlamToolbox.dir/all] Error 2
[7.463s] gmake: *** [Makefile:146: all] Error 2
[7.466s] Invoked command in '/home/hp/ROS2_WS/build/slam_toolbox' returned '2': CMAKE_PREFIX_PATH=${CMAKE_PREFIX_PATH}:/home/hp/ROS2_WS/install/my_robot_controller:/home/hp/ROS2_WS/install/my_exo:/home/hp/ROS2_WS/install/dynamic_tf:/opt/ros/humble /usr/bin/cmake --build /home/hp/ROS2_WS/build/slam_toolbox -- -j8 -l8
