[01m[K/home/hp/ROS2_WS/src/slam_toolbox/lib/karto_sdk/src/Mapper.cpp:[m[K In member function â€˜[01m[Kvirtual kt_bool karto::Mapper::Process(karto::LocalizedRangeScan*, karto::Matrix3*)[m[Kâ€™:
[01m[K/home/hp/ROS2_WS/src/slam_toolbox/lib/karto_sdk/src/Mapper.cpp:2733:55:[m[K [01;31m[Kerror: [m[Kinvalid operands of types â€˜[01m[Kconst char [13][m[Kâ€™ and â€˜[01m[Kkarto::Matrix3*[m[Kâ€™ to binary â€˜[01m[Koperator*[m[Kâ€™
 2733 |         inputFile << *pScan << "\n" << [32m[K"Covariance :"[m[K [01;31m[K*[m[K[34m[Kcovariance[m[K << "\n";
      |                                        [32m[K~~~~~~~~~~~~~~[m[K [01;31m[K^[m[K[34m[K~~~~~~~~~~[m[K
      |                                        [32m[K|[m[K               [34m[K|[m[K
      |                                        [32m[Kconst char [13][m[K [34m[Kkarto::Matrix3*[m[K
gmake[2]: *** [lib/karto_sdk/CMakeFiles/kartoSlamToolbox.dir/build.make:90: lib/karto_sdk/CMakeFiles/kartoSlamToolbox.dir/src/Mapper.cpp.o] Error 1
gmake[1]: *** [CMakeFiles/Makefile2:1045: lib/karto_sdk/CMakeFiles/kartoSlamToolbox.dir/all] Error 2
gmake: *** [Makefile:146: all] Error 2
