[0.856s] Invoking command in '/home/hp/ROS2_WS/build/slam_toolbox': CMAKE_PREFIX_PATH=${CMAKE_PREFIX_PATH}:/home/hp/ROS2_WS/install/my_robot_controller:/home/hp/ROS2_WS/install/my_exo:/home/hp/ROS2_WS/install/dynamic_tf:/opt/ros/humble /usr/bin/cmake --build /home/hp/ROS2_WS/build/slam_toolbox -- -j8 -l8
[2.601s] [35m[1mConsolidate compiler generated dependencies of target kartoSlamToolbox[0m
[2.606s] [  0%] Built target ament_cmake_python_symlink_slam_toolbox
[2.638s] [  1%] [32mBuilding CXX object lib/karto_sdk/CMakeFiles/kartoSlamToolbox.dir/src/Karto.cpp.o[0m
[2.642s] [  2%] [32mBuilding CXX object lib/karto_sdk/CMakeFiles/kartoSlamToolbox.dir/src/Mapper.cpp.o[0m
[2.687s] [  2%] Built target slam_toolbox__cpp
[2.713s] [ 11%] Built target slam_toolbox__rosidl_generator_c
[2.752s] [ 20%] Built target slam_toolbox__rosidl_typesupport_introspection_cpp
[2.767s] [ 29%] Built target slam_toolbox__rosidl_typesupport_fastrtps_cpp
[2.770s] [ 38%] Built target slam_toolbox__rosidl_typesupport_introspection_c
[2.799s] [ 65%] Built target slam_toolbox__rosidl_typesupport_c
[2.799s] [ 65%] Built target slam_toolbox__rosidl_typesupport_cpp
[2.799s] [ 65%] Built target slam_toolbox__rosidl_typesupport_fastrtps_c
[2.829s] [ 65%] Built target slam_toolbox
[2.890s] [ 66%] Built target slam_toolbox__py
[2.920s] [ 68%] Built target SlamToolboxPlugin
[2.963s] running egg_info
[2.964s] writing slam_toolbox.egg-info/PKG-INFO
[2.964s] writing dependency_links to slam_toolbox.egg-info/dependency_links.txt
[2.964s] writing top-level names to slam_toolbox.egg-info/top_level.txt
[2.993s] reading manifest file 'slam_toolbox.egg-info/SOURCES.txt'
[2.994s] writing manifest file 'slam_toolbox.egg-info/SOURCES.txt'
[3.025s] [ 68%] Built target ament_cmake_python_build_slam_toolbox_egg
[3.147s] [ 76%] Built target slam_toolbox__rosidl_generator_py
[3.171s] [ 78%] Built target slam_toolbox__rosidl_typesupport_fastrtps_c__pyext
[3.172s] [ 78%] Built target slam_toolbox__rosidl_typesupport_c__pyext
[3.177s] [ 79%] Built target slam_toolbox__rosidl_typesupport_introspection_c__pyext
[5.001s] In file included from [01m[K/home/hp/ROS2_WS/src/slam_toolbox/lib/karto_sdk/src/Karto.cpp:27[m[K:
[5.001s] [01m[K/home/hp/ROS2_WS/src/slam_toolbox/lib/karto_sdk/include/karto_sdk/Karto.h:[m[K In member function â€˜[01m[Kvoid karto::Matrix3::load(std::istream&)[m[Kâ€™:
[5.001s] [01m[K/home/hp/ROS2_WS/src/slam_toolbox/lib/karto_sdk/include/karto_sdk/Karto.h:2715:21:[m[K [01;31m[Kerror: [m[Kâ€˜[01m[Kxml_iarchive[m[Kâ€™ is not a member of â€˜[01m[Kboost::archive[m[Kâ€™
[5.001s]  2715 |     boost::archive::[01;31m[Kxml_iarchive[m[K ia(is);
[5.001s]       |                     [01;31m[K^~~~~~~~~~~~[m[K
[5.008s] [01m[K/home/hp/ROS2_WS/src/slam_toolbox/lib/karto_sdk/include/karto_sdk/Karto.h:2716:5:[m[K [01;31m[Kerror: [m[Kâ€˜[01m[Kia[m[Kâ€™ was not declared in this scope; did you mean â€˜[01m[Kis[m[Kâ€™?
[5.009s]  2716 |     [01;31m[Kia[m[K >> boost::serialization::make_nvp("Matrix3", *this);
[5.009s]       |     [01;31m[K^~[m[K
[5.009s]       |     [32m[Kis[m[K
[5.115s] In file included from [01m[K/home/hp/ROS2_WS/src/slam_toolbox/lib/karto_sdk/src/Karto.cpp:27[m[K:
[5.115s] [01m[K/home/hp/ROS2_WS/src/slam_toolbox/lib/karto_sdk/include/karto_sdk/Karto.h:[m[K At global scope:
[5.115s] [01m[K/home/hp/ROS2_WS/src/slam_toolbox/lib/karto_sdk/include/karto_sdk/Karto.h:5818:8:[m[K [01;31m[Kerror: [m[KISO C++ forbids declaration of â€˜[01m[KMÃ©thode[m[Kâ€™ with no type [[01;31m[K]8;;https://gcc.gnu.org/onlinedocs/gcc/Warning-Options.html#index-fpermissive-fpermissive]8;;[m[K]
[5.115s]  5818 |      * [01;31m[KMÃ©thode[m[K pour sÃ©rialiser un objet LocalizedRangeScan dans un fichier binaire
[5.115s]       |        [01;31m[K^~~~~~~[m[K
[5.115s] [01m[K/home/hp/ROS2_WS/src/slam_toolbox/lib/karto_sdk/include/karto_sdk/Karto.h:5818:8:[m[K [01;31m[Kerror: [m[Kexpected â€˜[01m[K;[m[Kâ€™ at end of member declaration
[5.116s]  5818 |      * [01;31m[KMÃ©thode[m[K pour sÃ©rialiser un objet LocalizedRangeScan dans un fichier binaire
[5.116s]       |        [01;31m[K^~~~~~~[m[K
[5.116s]       |               [32m[K;[m[K
[5.118s] [01m[K/home/hp/ROS2_WS/src/slam_toolbox/lib/karto_sdk/include/karto_sdk/Karto.h:5818:16:[m[K [01;31m[Kerror: [m[Kâ€˜[01m[Kpour[m[Kâ€™ does not name a type
[5.118s]  5818 |      * MÃ©thode [01;31m[Kpour[m[K sÃ©rialiser un objet LocalizedRangeScan dans un fichier binaire
[5.119s]       |                [01;31m[K^~~~[m[K
[6.537s] In file included from [01m[K/home/hp/ROS2_WS/src/slam_toolbox/lib/karto_sdk/include/karto_sdk/Mapper.h:36[m[K,
[6.537s]                  from [01m[K/home/hp/ROS2_WS/src/slam_toolbox/lib/karto_sdk/src/Mapper.cpp:37[m[K:
[6.537s] [01m[K/home/hp/ROS2_WS/src/slam_toolbox/lib/karto_sdk/include/karto_sdk/Karto.h:[m[K In member function â€˜[01m[Kvoid karto::Matrix3::load(std::istream&)[m[Kâ€™:
[6.537s] [01m[K/home/hp/ROS2_WS/src/slam_toolbox/lib/karto_sdk/include/karto_sdk/Karto.h:2715:21:[m[K [01;31m[Kerror: [m[Kâ€˜[01m[Kxml_iarchive[m[Kâ€™ is not a member of â€˜[01m[Kboost::archive[m[Kâ€™
[6.537s]  2715 |     boost::archive::[01;31m[Kxml_iarchive[m[K ia(is);
[6.537s]       |                     [01;31m[K^~~~~~~~~~~~[m[K
[6.550s] [01m[K/home/hp/ROS2_WS/src/slam_toolbox/lib/karto_sdk/include/karto_sdk/Karto.h:2716:5:[m[K [01;31m[Kerror: [m[Kâ€˜[01m[Kia[m[Kâ€™ was not declared in this scope; did you mean â€˜[01m[Kis[m[Kâ€™?
[6.550s]  2716 |     [01;31m[Kia[m[K >> boost::serialization::make_nvp("Matrix3", *this);
[6.550s]       |     [01;31m[K^~[m[K
[6.550s]       |     [32m[Kis[m[K
[6.570s] gmake[2]: *** [lib/karto_sdk/CMakeFiles/kartoSlamToolbox.dir/build.make:76: lib/karto_sdk/CMakeFiles/kartoSlamToolbox.dir/src/Karto.cpp.o] Error 1
[6.570s] gmake[2]: *** Waiting for unfinished jobs....
[6.592s] In file included from [01m[K/home/hp/ROS2_WS/src/slam_toolbox/lib/karto_sdk/include/karto_sdk/Mapper.h:36[m[K,
[6.592s]                  from [01m[K/home/hp/ROS2_WS/src/slam_toolbox/lib/karto_sdk/src/Mapper.cpp:37[m[K:
[6.592s] [01m[K/home/hp/ROS2_WS/src/slam_toolbox/lib/karto_sdk/include/karto_sdk/Karto.h:[m[K At global scope:
[6.592s] [01m[K/home/hp/ROS2_WS/src/slam_toolbox/lib/karto_sdk/include/karto_sdk/Karto.h:5818:8:[m[K [01;31m[Kerror: [m[KISO C++ forbids declaration of â€˜[01m[KMÃ©thode[m[Kâ€™ with no type [[01;31m[K]8;;https://gcc.gnu.org/onlinedocs/gcc/Warning-Options.html#index-fpermissive-fpermissive]8;;[m[K]
[6.592s]  5818 |      * [01;31m[KMÃ©thode[m[K pour sÃ©rialiser un objet LocalizedRangeScan dans un fichier binaire
[6.593s]       |        [01;31m[K^~~~~~~[m[K
[6.593s] [01m[K/home/hp/ROS2_WS/src/slam_toolbox/lib/karto_sdk/include/karto_sdk/Karto.h:5818:8:[m[K [01;31m[Kerror: [m[Kexpected â€˜[01m[K;[m[Kâ€™ at end of member declaration
[6.593s]  5818 |      * [01;31m[KMÃ©thode[m[K pour sÃ©rialiser un objet LocalizedRangeScan dans un fichier binaire
[6.593s]       |        [01;31m[K^~~~~~~[m[K
[6.593s]       |               [32m[K;[m[K
[6.595s] [01m[K/home/hp/ROS2_WS/src/slam_toolbox/lib/karto_sdk/include/karto_sdk/Karto.h:5818:16:[m[K [01;31m[Kerror: [m[Kâ€˜[01m[Kpour[m[Kâ€™ does not name a type
[6.595s]  5818 |      * MÃ©thode [01;31m[Kpour[m[K sÃ©rialiser un objet LocalizedRangeScan dans un fichier binaire
[6.595s]       |                [01;31m[K^~~~[m[K
[6.757s] [01m[K/home/hp/ROS2_WS/src/slam_toolbox/lib/karto_sdk/src/Mapper.cpp:[m[K In member function â€˜[01m[Kvirtual kt_bool karto::Mapper::Process(karto::LocalizedRangeScan*, karto::Matrix3*)[m[Kâ€™:
[6.757s] [01m[K/home/hp/ROS2_WS/src/slam_toolbox/lib/karto_sdk/src/Mapper.cpp:2836:16:[m[K [01;31m[Kerror: [m[Kâ€˜[01m[Kclass karto::LocalizedRangeScan[m[Kâ€™ has no member named â€˜[01m[KSerialize[m[Kâ€™; did you mean â€˜[01m[Kserialize[m[Kâ€™?
[6.757s]  2836 |         pScan->[01;31m[KSerialize[m[K("scan_data.bin");
[6.757s]       |                [01;31m[K^~~~~~~~~[m[K
[6.757s]       |                [32m[Kserialize[m[K
[6.757s] [01m[K/home/hp/ROS2_WS/src/slam_toolbox/lib/karto_sdk/src/Mapper.cpp:2838:30:[m[K [01;31m[Kerror: [m[Kno matching function for call to â€˜[01m[Kkarto::Matrix3::serialize(const char [20])[m[Kâ€™
[6.757s]  2838 |         [01;31m[Kcovariance->serialize("covariance_data.bin")[m[K;
[6.757s]       |         [01;31m[K~~~~~~~~~~~~~~~~~~~~~^~~~~~~~~~~~~~~~~~~~~~~[m[K
[6.757s] In file included from [01m[K/home/hp/ROS2_WS/src/slam_toolbox/lib/karto_sdk/include/karto_sdk/Mapper.h:36[m[K,
[6.757s]                  from [01m[K/home/hp/ROS2_WS/src/slam_toolbox/lib/karto_sdk/src/Mapper.cpp:37[m[K:
[6.758s] [01m[K/home/hp/ROS2_WS/src/slam_toolbox/lib/karto_sdk/include/karto_sdk/Karto.h:2723:8:[m[K [01;36m[Knote: [m[Kcandidate: â€˜[01m[Ktemplate<class Archive> void karto::Matrix3::serialize(Archive&, unsigned int)[m[Kâ€™
[6.758s]  2723 |   void [01;36m[Kserialize[m[K(Archive & ar, const unsigned int version)
[6.758s]       |        [01;36m[K^~~~~~~~~[m[K
[6.758s] [01m[K/home/hp/ROS2_WS/src/slam_toolbox/lib/karto_sdk/include/karto_sdk/Karto.h:2723:8:[m[K [01;36m[Knote: [m[K  template argument deduction/substitution failed:
[6.758s] [01m[K/home/hp/ROS2_WS/src/slam_toolbox/lib/karto_sdk/src/Mapper.cpp:2838:30:[m[K [01;36m[Knote: [m[K  candidate expects 2 arguments, 1 provided
[6.758s]  2838 |         [01;36m[Kcovariance->serialize("covariance_data.bin")[m[K;
[6.758s]       |         [01;36m[K~~~~~~~~~~~~~~~~~~~~~^~~~~~~~~~~~~~~~~~~~~~~[m[K
[9.026s] gmake[2]: *** [lib/karto_sdk/CMakeFiles/kartoSlamToolbox.dir/build.make:90: lib/karto_sdk/CMakeFiles/kartoSlamToolbox.dir/src/Mapper.cpp.o] Error 1
[9.026s] gmake[1]: *** [CMakeFiles/Makefile2:1045: lib/karto_sdk/CMakeFiles/kartoSlamToolbox.dir/all] Error 2
[9.026s] gmake: *** [Makefile:146: all] Error 2
[9.030s] Invoked command in '/home/hp/ROS2_WS/build/slam_toolbox' returned '2': CMAKE_PREFIX_PATH=${CMAKE_PREFIX_PATH}:/home/hp/ROS2_WS/install/my_robot_controller:/home/hp/ROS2_WS/install/my_exo:/home/hp/ROS2_WS/install/dynamic_tf:/opt/ros/humble /usr/bin/cmake --build /home/hp/ROS2_WS/build/slam_toolbox -- -j8 -l8
