[0.782s] Invoking command in '/home/hp/ROS2_WS/build/slam_toolbox': CMAKE_PREFIX_PATH=${CMAKE_PREFIX_PATH}:/home/hp/ROS2_WS/install/my_robot_controller:/home/hp/ROS2_WS/install/my_exo:/home/hp/ROS2_WS/install/dynamic_tf:/opt/ros/humble /usr/bin/cmake --build /home/hp/ROS2_WS/build/slam_toolbox -- -j8 -l8
[0.893s] [  0%] Built target slam_toolbox__cpp
[0.904s] [35m[1mConsolidate compiler generated dependencies of target kartoSlamToolbox[0m
[0.904s] [  9%] Built target slam_toolbox__rosidl_generator_c
[0.909s] [  9%] Built target ament_cmake_python_symlink_slam_toolbox
[0.953s] [ 18%] Built target slam_toolbox__rosidl_typesupport_cpp
[0.974s] [ 19%] [32mBuilding CXX object lib/karto_sdk/CMakeFiles/kartoSlamToolbox.dir/src/Karto.cpp.o[0m
[0.976s] [ 28%] Built target slam_toolbox__rosidl_typesupport_fastrtps_cpp
[0.977s] [ 37%] Built target slam_toolbox__rosidl_typesupport_introspection_cpp
[0.980s] [ 38%] [32mBuilding CXX object lib/karto_sdk/CMakeFiles/kartoSlamToolbox.dir/src/Mapper.cpp.o[0m
[0.985s] [ 47%] Built target slam_toolbox__rosidl_typesupport_introspection_c
[0.994s] [ 56%] Built target slam_toolbox__rosidl_typesupport_fastrtps_c
[1.009s] [ 65%] Built target slam_toolbox__rosidl_typesupport_c
[1.041s] [ 67%] Built target SlamToolboxPlugin
[1.043s] [ 67%] Built target slam_toolbox
[1.074s] [ 68%] Built target slam_toolbox__py
[1.118s] [ 76%] Built target slam_toolbox__rosidl_generator_py
[1.173s] [ 77%] Built target slam_toolbox__rosidl_typesupport_introspection_c__pyext
[1.183s] [ 78%] Built target slam_toolbox__rosidl_typesupport_c__pyext
[1.187s] [ 79%] Built target slam_toolbox__rosidl_typesupport_fastrtps_c__pyext
[1.554s] running egg_info
[1.556s] writing slam_toolbox.egg-info/PKG-INFO
[1.556s] writing dependency_links to slam_toolbox.egg-info/dependency_links.txt
[1.556s] writing top-level names to slam_toolbox.egg-info/top_level.txt
[1.561s] reading manifest file 'slam_toolbox.egg-info/SOURCES.txt'
[1.563s] writing manifest file 'slam_toolbox.egg-info/SOURCES.txt'
[1.623s] [ 79%] Built target ament_cmake_python_build_slam_toolbox_egg
[3.502s] In file included from [01m[K/home/hp/ROS2_WS/src/slam_toolbox/lib/karto_sdk/src/Karto.cpp:27[m[K:
[3.502s] [01m[K/home/hp/ROS2_WS/src/slam_toolbox/lib/karto_sdk/include/karto_sdk/Karto.h:5818:8:[m[K [01;31m[Kerror: [m[KISO C++ forbids declaration of â€˜[01m[KMÃ©thode[m[Kâ€™ with no type [[01;31m[K]8;;https://gcc.gnu.org/onlinedocs/gcc/Warning-Options.html#index-fpermissive-fpermissive]8;;[m[K]
[3.502s]  5818 |      * [01;31m[KMÃ©thode[m[K pour sÃ©rialiser un objet LocalizedRangeScan dans un fichier binaire
[3.502s]       |        [01;31m[K^~~~~~~[m[K
[3.502s] [01m[K/home/hp/ROS2_WS/src/slam_toolbox/lib/karto_sdk/include/karto_sdk/Karto.h:5818:8:[m[K [01;31m[Kerror: [m[Kexpected â€˜[01m[K;[m[Kâ€™ at end of member declaration
[3.502s]  5818 |      * [01;31m[KMÃ©thode[m[K pour sÃ©rialiser un objet LocalizedRangeScan dans un fichier binaire
[3.502s]       |        [01;31m[K^~~~~~~[m[K
[3.502s]       |               [32m[K;[m[K
[3.504s] [01m[K/home/hp/ROS2_WS/src/slam_toolbox/lib/karto_sdk/include/karto_sdk/Karto.h:5818:16:[m[K [01;31m[Kerror: [m[Kâ€˜[01m[Kpour[m[Kâ€™ does not name a type
[3.504s]  5818 |      * MÃ©thode [01;31m[Kpour[m[K sÃ©rialiser un objet LocalizedRangeScan dans un fichier binaire
[3.504s]       |                [01;31m[K^~~~[m[K
[5.056s] gmake[2]: *** [lib/karto_sdk/CMakeFiles/kartoSlamToolbox.dir/build.make:76: lib/karto_sdk/CMakeFiles/kartoSlamToolbox.dir/src/Karto.cpp.o] Error 1
[5.056s] gmake[2]: *** Waiting for unfinished jobs....
[5.060s] In file included from [01m[K/home/hp/ROS2_WS/src/slam_toolbox/lib/karto_sdk/include/karto_sdk/Mapper.h:36[m[K,
[5.061s]                  from [01m[K/home/hp/ROS2_WS/src/slam_toolbox/lib/karto_sdk/src/Mapper.cpp:37[m[K:
[5.061s] [01m[K/home/hp/ROS2_WS/src/slam_toolbox/lib/karto_sdk/include/karto_sdk/Karto.h:5818:8:[m[K [01;31m[Kerror: [m[KISO C++ forbids declaration of â€˜[01m[KMÃ©thode[m[Kâ€™ with no type [[01;31m[K]8;;https://gcc.gnu.org/onlinedocs/gcc/Warning-Options.html#index-fpermissive-fpermissive]8;;[m[K]
[5.061s]  5818 |      * [01;31m[KMÃ©thode[m[K pour sÃ©rialiser un objet LocalizedRangeScan dans un fichier binaire
[5.061s]       |        [01;31m[K^~~~~~~[m[K
[5.061s] [01m[K/home/hp/ROS2_WS/src/slam_toolbox/lib/karto_sdk/include/karto_sdk/Karto.h:5818:8:[m[K [01;31m[Kerror: [m[Kexpected â€˜[01m[K;[m[Kâ€™ at end of member declaration
[5.061s]  5818 |      * [01;31m[KMÃ©thode[m[K pour sÃ©rialiser un objet LocalizedRangeScan dans un fichier binaire
[5.061s]       |        [01;31m[K^~~~~~~[m[K
[5.061s]       |               [32m[K;[m[K
[5.064s] [01m[K/home/hp/ROS2_WS/src/slam_toolbox/lib/karto_sdk/include/karto_sdk/Karto.h:5818:16:[m[K [01;31m[Kerror: [m[Kâ€˜[01m[Kpour[m[Kâ€™ does not name a type
[5.064s]  5818 |      * MÃ©thode [01;31m[Kpour[m[K sÃ©rialiser un objet LocalizedRangeScan dans un fichier binaire
[5.064s]       |                [01;31m[K^~~~[m[K
[5.238s] [01m[K/home/hp/ROS2_WS/src/slam_toolbox/lib/karto_sdk/src/Mapper.cpp:[m[K In member function â€˜[01m[Kvirtual kt_bool karto::Mapper::Process(karto::LocalizedRangeScan*, karto::Matrix3*)[m[Kâ€™:
[5.238s] [01m[K/home/hp/ROS2_WS/src/slam_toolbox/lib/karto_sdk/src/Mapper.cpp:2836:16:[m[K [01;31m[Kerror: [m[Kâ€˜[01m[Kclass karto::LocalizedRangeScan[m[Kâ€™ has no member named â€˜[01m[KSerialize[m[Kâ€™; did you mean â€˜[01m[Kserialize[m[Kâ€™?
[5.238s]  2836 |         pScan->[01;31m[KSerialize[m[K("scan_data.bin");
[5.238s]       |                [01;31m[K^~~~~~~~~[m[K
[5.238s]       |                [32m[Kserialize[m[K
[5.238s] [01m[K/home/hp/ROS2_WS/src/slam_toolbox/lib/karto_sdk/src/Mapper.cpp:2838:30:[m[K [01;31m[Kerror: [m[Kno matching function for call to â€˜[01m[Kkarto::Matrix3::serialize(const char [20])[m[Kâ€™
[5.238s]  2838 |         [01;31m[Kcovariance->serialize("covariance_data.bin")[m[K;
[5.238s]       |         [01;31m[K~~~~~~~~~~~~~~~~~~~~~^~~~~~~~~~~~~~~~~~~~~~~[m[K
[5.239s] In file included from [01m[K/home/hp/ROS2_WS/src/slam_toolbox/lib/karto_sdk/include/karto_sdk/Mapper.h:36[m[K,
[5.239s]                  from [01m[K/home/hp/ROS2_WS/src/slam_toolbox/lib/karto_sdk/src/Mapper.cpp:37[m[K:
[5.239s] [01m[K/home/hp/ROS2_WS/src/slam_toolbox/lib/karto_sdk/include/karto_sdk/Karto.h:2723:8:[m[K [01;36m[Knote: [m[Kcandidate: â€˜[01m[Ktemplate<class Archive> void karto::Matrix3::serialize(Archive&, unsigned int)[m[Kâ€™
[5.239s]  2723 |   void [01;36m[Kserialize[m[K(Archive & ar, const unsigned int version)
[5.239s]       |        [01;36m[K^~~~~~~~~[m[K
[5.239s] [01m[K/home/hp/ROS2_WS/src/slam_toolbox/lib/karto_sdk/include/karto_sdk/Karto.h:2723:8:[m[K [01;36m[Knote: [m[K  template argument deduction/substitution failed:
[5.239s] [01m[K/home/hp/ROS2_WS/src/slam_toolbox/lib/karto_sdk/src/Mapper.cpp:2838:30:[m[K [01;36m[Knote: [m[K  candidate expects 2 arguments, 1 provided
[5.239s]  2838 |         [01;36m[Kcovariance->serialize("covariance_data.bin")[m[K;
[5.239s]       |         [01;36m[K~~~~~~~~~~~~~~~~~~~~~^~~~~~~~~~~~~~~~~~~~~~~[m[K
[7.790s] gmake[2]: *** [lib/karto_sdk/CMakeFiles/kartoSlamToolbox.dir/build.make:90: lib/karto_sdk/CMakeFiles/kartoSlamToolbox.dir/src/Mapper.cpp.o] Error 1
[7.791s] gmake[1]: *** [CMakeFiles/Makefile2:1045: lib/karto_sdk/CMakeFiles/kartoSlamToolbox.dir/all] Error 2
[7.791s] gmake: *** [Makefile:146: all] Error 2
[7.793s] Invoked command in '/home/hp/ROS2_WS/build/slam_toolbox' returned '2': CMAKE_PREFIX_PATH=${CMAKE_PREFIX_PATH}:/home/hp/ROS2_WS/install/my_robot_controller:/home/hp/ROS2_WS/install/my_exo:/home/hp/ROS2_WS/install/dynamic_tf:/opt/ros/humble /usr/bin/cmake --build /home/hp/ROS2_WS/build/slam_toolbox -- -j8 -l8
