[  0%] Built target slam_toolbox__cpp
[  9%] Built target slam_toolbox__rosidl_generator_c
[35m[1mConsolidate compiler generated dependencies of target kartoSlamToolbox[0m
[  9%] Built target ament_cmake_python_symlink_slam_toolbox
[ 10%] [32mBuilding CXX object lib/karto_sdk/CMakeFiles/kartoSlamToolbox.dir/src/Karto.cpp.o[0m
[ 28%] Built target slam_toolbox__rosidl_typesupport_cpp
[ 28%] Built target slam_toolbox__rosidl_typesupport_introspection_cpp
[ 29%] [32mBuilding CXX object lib/karto_sdk/CMakeFiles/kartoSlamToolbox.dir/src/Mapper.cpp.o[0m
[ 38%] Built target slam_toolbox__rosidl_typesupport_fastrtps_c
[ 47%] Built target slam_toolbox__rosidl_typesupport_fastrtps_cpp
[ 56%] Built target slam_toolbox__rosidl_typesupport_introspection_c
[ 65%] Built target slam_toolbox__rosidl_typesupport_c
[ 67%] Built target SlamToolboxPlugin
[ 67%] Built target slam_toolbox
[ 68%] Built target slam_toolbox__py
[ 76%] Built target slam_toolbox__rosidl_generator_py
[ 78%] Built target slam_toolbox__rosidl_typesupport_fastrtps_c__pyext
[ 78%] Built target slam_toolbox__rosidl_typesupport_introspection_c__pyext
[ 79%] Built target slam_toolbox__rosidl_typesupport_c__pyext
running egg_info
writing slam_toolbox.egg-info/PKG-INFO
writing dependency_links to slam_toolbox.egg-info/dependency_links.txt
writing top-level names to slam_toolbox.egg-info/top_level.txt
reading manifest file 'slam_toolbox.egg-info/SOURCES.txt'
writing manifest file 'slam_toolbox.egg-info/SOURCES.txt'
[ 79%] Built target ament_cmake_python_build_slam_toolbox_egg
[01m[K/home/hp/ROS2_WS/src/slam_toolbox/lib/karto_sdk/src/Mapper.cpp:[m[K In member function â€˜[01m[Kvirtual kt_bool karto::Mapper::Process(karto::LocalizedRangeScan*, karto::Matrix3*)[m[Kâ€™:
[01m[K/home/hp/ROS2_WS/src/slam_toolbox/lib/karto_sdk/src/Mapper.cpp:2850:33:[m[K [01;31m[Kerror: [m[Kâ€˜[01m[Kvoid karto::LocalizedRangeScan::serialize(Archive&, unsigned int) [with Archive = boost::archive::xml_oarchive][m[Kâ€™ is private within this context
 2850 |                 [01;31m[KpScan->serialize(scan_oa, 0)[m[K;
      |                 [01;31m[K~~~~~~~~~~~~~~~~^~~~~~~~~~~~[m[K
In file included from [01m[K/home/hp/ROS2_WS/src/slam_toolbox/lib/karto_sdk/include/karto_sdk/Mapper.h:36[m[K,
                 from [01m[K/home/hp/ROS2_WS/src/slam_toolbox/lib/karto_sdk/src/Mapper.cpp:39[m[K:
[01m[K/home/hp/ROS2_WS/src/slam_toolbox/lib/karto_sdk/include/karto_sdk/Karto.h:5812:8:[m[K [01;36m[Knote: [m[Kdeclared private here
 5812 |   void [01;36m[Kserialize[m[K(Archive & ar, const unsigned int version)
      |        [01;36m[K^~~~~~~~~[m[K
gmake[2]: *** [lib/karto_sdk/CMakeFiles/kartoSlamToolbox.dir/build.make:90: lib/karto_sdk/CMakeFiles/kartoSlamToolbox.dir/src/Mapper.cpp.o] Error 1
gmake[2]: *** Waiting for unfinished jobs....
gmake[1]: *** [CMakeFiles/Makefile2:1045: lib/karto_sdk/CMakeFiles/kartoSlamToolbox.dir/all] Error 2
gmake: *** [Makefile:146: all] Error 2
