[1.361s] Invoking command in '/home/hp/ROS2_WS/src/build/slam_toolbox': CMAKE_PREFIX_PATH=${CMAKE_PREFIX_PATH}:/home/hp/ROS2_WS/install/my_robot_controller:/home/hp/ROS2_WS/install/my_exo:/home/hp/ROS2_WS/install/dynamic_tf:/opt/ros/humble /usr/bin/cmake --build /home/hp/ROS2_WS/src/build/slam_toolbox -- -j8 -l8
[3.980s] -- Found ament_cmake: 1.3.9 (/opt/ros/humble/share/ament_cmake/cmake)
[8.539s] -- Override CMake install command with custom implementation using symlinks instead of copying resources
[9.625s] -- Found message_filters: 4.3.4 (/opt/ros/humble/share/message_filters/cmake)
[11.066s] -- Found rosidl_generator_c: 3.1.5 (/opt/ros/humble/share/rosidl_generator_c/cmake)
[11.284s] -- Found rosidl_adapter: 3.1.5 (/opt/ros/humble/share/rosidl_adapter/cmake)
[11.400s] -- Found rosidl_generator_cpp: 3.1.5 (/opt/ros/humble/share/rosidl_generator_cpp/cmake)
[11.966s] -- Using all available rosidl_typesupport_c: rosidl_typesupport_fastrtps_c;rosidl_typesupport_introspection_c
[12.382s] -- Using all available rosidl_typesupport_cpp: rosidl_typesupport_fastrtps_cpp;rosidl_typesupport_introspection_cpp
[13.291s] -- Found rmw_implementation_cmake: 6.1.2 (/opt/ros/humble/share/rmw_implementation_cmake/cmake)
[13.335s] -- Found rmw_cyclonedds_cpp: 1.3.4 (/opt/ros/humble/share/rmw_cyclonedds_cpp/cmake)
[14.243s] -- Using RMW implementation 'rmw_cyclonedds_cpp' as default
[15.408s] -- Found nav_msgs: 4.2.3 (/opt/ros/humble/share/nav_msgs/cmake)
[15.752s] -- Found sensor_msgs: 4.2.3 (/opt/ros/humble/share/sensor_msgs/cmake)
[15.913s] -- Found tf2: 0.25.6 (/opt/ros/humble/share/tf2/cmake)
[15.956s] -- Found tf2_ros: 0.25.6 (/opt/ros/humble/share/tf2_ros/cmake)
[16.604s] -- Found visualization_msgs: 4.2.3 (/opt/ros/humble/share/visualization_msgs/cmake)
[16.782s] -- Found pluginlib: 5.1.0 (/opt/ros/humble/share/pluginlib/cmake)
[17.152s] -- Found tf2_geometry_msgs: 0.25.6 (/opt/ros/humble/share/tf2_geometry_msgs/cmake)
[17.308s] -- Found eigen3_cmake_module: 0.1.1 (/opt/ros/humble/share/eigen3_cmake_module/cmake)
[17.311s] -- Ensuring Eigen3 include directory is part of orocos-kdl CMake target
[17.329s] -- Found tf2_sensor_msgs: 0.25.6 (/opt/ros/humble/share/tf2_sensor_msgs/cmake)
[17.362s] -- Found std_srvs: 4.2.3 (/opt/ros/humble/share/std_srvs/cmake)
[17.406s] -- Found rosidl_default_generators: 1.2.0 (/opt/ros/humble/share/rosidl_default_generators/cmake)
[17.473s] -- Found lifecycle_msgs: 1.2.1 (/opt/ros/humble/share/lifecycle_msgs/cmake)
[17.531s] -- Found bondcpp: 3.0.2 (/opt/ros/humble/share/bondcpp/cmake)
[17.780s] -- Found rviz_common: 11.2.12 (/opt/ros/humble/share/rviz_common/cmake)
[18.609s] -- Setting OGRE_DIR to: '/opt/ros/humble/share/rviz_ogre_vendor/cmake/../../../opt/rviz_ogre_vendor/lib/OGRE/cmake'
[18.625s] -- Found OGRE
[18.625s] --   static     : OFF
[18.625s] --   components : HLMS;MeshLodGenerator;Overlay;Paging;Property;RTShaderSystem;Terrain;Volume
[18.626s] --   plugins    : Plugin_BSPSceneManager;Plugin_OctreeSceneManager;Plugin_PCZSceneManager;Plugin_ParticleFX;RenderSystem_GL;RenderSystem_GL3Plus;Codec_STBI
[18.626s] --   media      : /opt/ros/humble/opt/rviz_ogre_vendor/share/OGRE/Media
[18.626s] -- OGRE_LIBRARIES: OgreHLMS;OgreMeshLodGenerator;OgreOverlay;OgrePaging;OgreProperty;OgreRTShaderSystem;OgreTerrain;OgreVolume;OgreMain
[18.626s] -- OGRE_LIBRARY_DIRS: /opt/ros/humble/opt/rviz_ogre_vendor/lib
[18.626s] -- OGRE_PLUGINS: Plugin_BSPSceneManager;Plugin_OctreeSceneManager;Plugin_PCZSceneManager;Plugin_ParticleFX;RenderSystem_GL;RenderSystem_GL3Plus;Codec_STBI
[18.627s] -- OGRE_PLUGIN_DIR: /opt/ros/humble/opt/rviz_ogre_vendor/lib/OGRE
[18.627s] -- rviz_ogre_vendor::OgreOverlay for IMPORTED_LOCATION_RELEASE: /opt/ros/humble/opt/rviz_ogre_vendor/lib/libOgreOverlay.so
[18.627s] -- rviz_ogre_vendor::OgreOverlay for IMPORTED_LOCATION_DEBUG: /opt/ros/humble/opt/rviz_ogre_vendor/lib/libOgreOverlay.so
[18.627s] -- rviz_ogre_vendor::OgreMain for IMPORTED_LOCATION_RELEASE: /opt/ros/humble/opt/rviz_ogre_vendor/lib/libOgreMain.so
[18.627s] -- rviz_ogre_vendor::OgreMain for IMPORTED_LOCATION_DEBUG: /opt/ros/humble/opt/rviz_ogre_vendor/lib/libOgreMain.so
[19.224s] -- rviz_ogre_vendor::RenderSystem_GL for IMPORTED_LOCATION_RELEASE: _render_system_gl_static_library_abs-NOTFOUND
[19.224s] -- rviz_ogre_vendor::RenderSystem_GL for IMPORTED_LOCATION_DEBUG: _render_system_gl_static_library_abs-NOTFOUND
[19.420s] -- library: /usr/lib/x86_64-linux-gnu/libcurl.so
[19.633s] -- Found rviz_default_plugins: 11.2.12 (/opt/ros/humble/share/rviz_default_plugins/cmake)
[20.789s] -- Found required Ceres dependency: Eigen version 3.4.0 in /usr/include/eigen3
[20.978s] -- Found required Ceres dependency: glog
[20.979s] -- Found required Ceres dependency: gflags
[20.981s] -- Found Ceres version: 2.0.0 installed in: /usr with components: [EigenSparse, SparseLinearAlgebraLibrary, LAPACK, SuiteSparse, CXSparse, SchurSpecializations, Multithreading]
[21.366s] [31mCMake Error at /opt/ros/humble/share/rosidl_adapter/cmake/rosidl_adapt_interfaces.cmake:59 (message):
[21.366s]   execute_process(/home/hp/anaconda3/bin/python3 -m rosidl_adapter
[21.366s]   --package-name slam_toolbox --arguments-file
[21.367s]   /home/hp/ROS2_WS/src/build/slam_toolbox/rosidl_adapter__arguments__slam_toolbox.json
[21.367s]   --output-dir
[21.367s]   /home/hp/ROS2_WS/src/build/slam_toolbox/rosidl_adapter/slam_toolbox
[21.367s]   --output-file
[21.367s]   /home/hp/ROS2_WS/src/build/slam_toolbox/rosidl_adapter/slam_toolbox.idls)
[21.367s]   returned error code 1:
[21.367s] 
[21.367s]   AttributeError processing template 'srv.idl.em'
[21.367s] 
[21.367s]   Traceback (most recent call last):
[21.368s] 
[21.368s]     File "/opt/ros/humble/local/lib/python3.10/dist-packages/rosidl_adapter/resource/__init__.py", line 51, in evaluate_template
[21.368s]       em.BUFFERED_OPT: True,
[21.368s]       ^^^^^^^^^^^^^^^
[21.368s] 
[21.368s]   AttributeError: module 'em' has no attribute 'BUFFERED_OPT'
[21.368s] 
[21.368s]   
[21.368s] 
[21.369s]   During handling of the above exception, another exception occurred:
[21.369s] 
[21.369s]   
[21.369s] 
[21.369s]   Traceback (most recent call last):
[21.369s] 
[21.369s]     File "<frozen runpy>", line 198, in _run_module_as_main
[21.369s]     File "<frozen runpy>", line 88, in _run_code
[21.369s]     File "/opt/ros/humble/local/lib/python3.10/dist-packages/rosidl_adapter/__main__.py", line 19, in <module>
[21.369s]       sys.exit(main())
[21.369s]                ^^^^^^
[21.369s]     File "/opt/ros/humble/local/lib/python3.10/dist-packages/rosidl_adapter/main.py", line 53, in main
[21.369s]       abs_idl_file = convert_to_idl(
[21.369s]                      ^^^^^^^^^^^^^^^
[21.370s]     File "/opt/ros/humble/local/lib/python3.10/dist-packages/rosidl_adapter/__init__.py", line 24, in convert_to_idl
[21.370s]       return convert_srv_to_idl(
[21.370s]              ^^^^^^^^^^^^^^^^^^^
[21.370s]     File "/opt/ros/humble/local/lib/python3.10/dist-packages/rosidl_adapter/srv/__init__.py", line 39, in convert_srv_to_idl
[21.370s]       expand_template('srv.idl.em', data, output_file, encoding='iso-8859-1')
[21.370s]     File "/opt/ros/humble/local/lib/python3.10/dist-packages/rosidl_adapter/resource/__init__.py", line 23, in expand_template
[21.370s]       content = evaluate_template(template_name, data)
[21.370s]                 ^^^^^^^^^^^^^^^^^^^^^^^^^^^^^^^^^^^^^^
[21.370s]     File "/opt/ros/humble/local/lib/python3.10/dist-packages/rosidl_adapter/resource/__init__.py", line 69, in evaluate_template
[21.370s]       _interpreter.shutdown()
[21.370s]       ^^^^^^^^^^^^^^^^^^^^^
[21.371s] 
[21.371s]   AttributeError: 'NoneType' object has no attribute 'shutdown'
[21.371s] 
[21.371s] Call Stack (most recent call first):
[21.371s]   /opt/ros/humble/share/rosidl_cmake/cmake/rosidl_generate_interfaces.cmake:130 (rosidl_adapt_interfaces)
[21.371s]   CMakeLists.txt:105 (rosidl_generate_interfaces)
[21.371s] 
[21.371s] [0m
[21.371s] -- Configuring incomplete, errors occurred!
[21.371s] See also "/home/hp/ROS2_WS/src/build/slam_toolbox/CMakeFiles/CMakeOutput.log".
[21.372s] See also "/home/hp/ROS2_WS/src/build/slam_toolbox/CMakeFiles/CMakeError.log".
[21.460s] gmake: *** [Makefile:3630: cmake_check_build_system] Error 1
[21.464s] Invoked command in '/home/hp/ROS2_WS/src/build/slam_toolbox' returned '2': CMAKE_PREFIX_PATH=${CMAKE_PREFIX_PATH}:/home/hp/ROS2_WS/install/my_robot_controller:/home/hp/ROS2_WS/install/my_exo:/home/hp/ROS2_WS/install/dynamic_tf:/opt/ros/humble /usr/bin/cmake --build /home/hp/ROS2_WS/src/build/slam_toolbox -- -j8 -l8
