[0.860s] Invoking command in '/home/hp/ROS2_WS/build/slam_toolbox': CMAKE_PREFIX_PATH=${CMAKE_PREFIX_PATH}:/home/hp/ROS2_WS/install/my_robot_controller:/home/hp/ROS2_WS/install/my_exo:/home/hp/ROS2_WS/install/dynamic_tf:/opt/ros/humble /usr/bin/cmake --build /home/hp/ROS2_WS/build/slam_toolbox -- -j8 -l8
[0.975s] [35m[1mConsolidate compiler generated dependencies of target kartoSlamToolbox[0m
[0.981s] [  0%] Built target ament_cmake_python_symlink_slam_toolbox
[0.983s] [  0%] Built target slam_toolbox__cpp
[0.983s] [  9%] Built target slam_toolbox__rosidl_generator_c
[1.055s] [ 10%] [32mBuilding CXX object lib/karto_sdk/CMakeFiles/kartoSlamToolbox.dir/src/Karto.cpp.o[0m
[1.062s] [ 11%] [32mBuilding CXX object lib/karto_sdk/CMakeFiles/kartoSlamToolbox.dir/src/Mapper.cpp.o[0m
[1.067s] [ 20%] Built target slam_toolbox__rosidl_typesupport_introspection_c
[1.069s] [ 29%] Built target slam_toolbox__rosidl_typesupport_cpp
[1.080s] [ 38%] Built target slam_toolbox__rosidl_typesupport_fastrtps_cpp
[1.081s] [ 47%] Built target slam_toolbox__rosidl_typesupport_introspection_cpp
[1.083s] [ 56%] Built target slam_toolbox__rosidl_typesupport_c
[1.152s] [ 58%] Built target SlamToolboxPlugin
[1.165s] [ 67%] Built target slam_toolbox__rosidl_typesupport_fastrtps_c
[1.199s] [ 67%] Built target slam_toolbox
[1.237s] [ 68%] Built target slam_toolbox__py
[1.279s] [ 76%] Built target slam_toolbox__rosidl_generator_py
[1.338s] [ 77%] Built target slam_toolbox__rosidl_typesupport_fastrtps_c__pyext
[1.349s] [ 78%] Built target slam_toolbox__rosidl_typesupport_introspection_c__pyext
[1.354s] [ 79%] Built target slam_toolbox__rosidl_typesupport_c__pyext
[1.618s] running egg_info
[1.619s] writing slam_toolbox.egg-info/PKG-INFO
[1.619s] writing dependency_links to slam_toolbox.egg-info/dependency_links.txt
[1.620s] writing top-level names to slam_toolbox.egg-info/top_level.txt
[1.623s] reading manifest file 'slam_toolbox.egg-info/SOURCES.txt'
[1.628s] writing manifest file 'slam_toolbox.egg-info/SOURCES.txt'
[1.714s] [ 79%] Built target ament_cmake_python_build_slam_toolbox_egg
[3.738s] In file included from [01m[K/home/hp/ROS2_WS/src/slam_toolbox/lib/karto_sdk/src/Karto.cpp:27[m[K:
[3.738s] [01m[K/home/hp/ROS2_WS/src/slam_toolbox/lib/karto_sdk/include/karto_sdk/Karto.h:2720:32:[m[K [01;31m[Kerror: [m[Kâ€˜[01m[Kxml_oarchive[m[Kâ€™ in namespace â€˜[01m[Kboost::archive[m[Kâ€™ does not name a type; did you mean â€˜[01m[Kxml_iarchive[m[Kâ€™?
[3.738s]  2720 |   friend class boost::archive::[01;31m[Kxml_oarchive[m[K;
[3.738s]       |                                [01;31m[K^~~~~~~~~~~~[m[K
[3.738s]       |                                [32m[Kxml_iarchive[m[K
[3.738s] [01m[K/home/hp/ROS2_WS/src/slam_toolbox/lib/karto_sdk/include/karto_sdk/Karto.h:2720:3:[m[K [01;31m[Kerror: [m[Kfriend declaration does not name a class or function
[3.738s]  2720 |   [01;31m[Kfriend[m[K class boost::archive::xml_oarchive;
[3.738s]       |   [01;31m[K^~~~~~[m[K
[3.791s] In file included from [01m[K/home/hp/ROS2_WS/src/slam_toolbox/lib/karto_sdk/src/Karto.cpp:27[m[K:
[3.791s] [01m[K/home/hp/ROS2_WS/src/slam_toolbox/lib/karto_sdk/include/karto_sdk/Karto.h:5742:32:[m[K [01;31m[Kerror: [m[Kâ€˜[01m[Kxml_oarchive[m[Kâ€™ in namespace â€˜[01m[Kboost::archive[m[Kâ€™ does not name a type; did you mean â€˜[01m[Kxml_iarchive[m[Kâ€™?
[3.791s]  5742 |   friend class boost::archive::[01;31m[Kxml_oarchive[m[K;
[3.791s]       |                                [01;31m[K^~~~~~~~~~~~[m[K
[3.791s]       |                                [32m[Kxml_iarchive[m[K
[3.791s] [01m[K/home/hp/ROS2_WS/src/slam_toolbox/lib/karto_sdk/include/karto_sdk/Karto.h:5742:3:[m[K [01;31m[Kerror: [m[Kfriend declaration does not name a class or function
[3.791s]  5742 |   [01;31m[Kfriend[m[K class boost::archive::xml_oarchive;
[3.791s]       |   [01;31m[K^~~~~~[m[K
[5.395s] gmake[2]: *** [lib/karto_sdk/CMakeFiles/kartoSlamToolbox.dir/build.make:76: lib/karto_sdk/CMakeFiles/kartoSlamToolbox.dir/src/Karto.cpp.o] Error 1
[5.396s] gmake[2]: *** Waiting for unfinished jobs....
[5.463s] [01m[K/home/hp/ROS2_WS/src/slam_toolbox/lib/karto_sdk/src/Mapper.cpp:[m[K In member function â€˜[01m[Kvirtual kt_bool karto::Mapper::Process(karto::LocalizedRangeScan*, karto::Matrix3*)[m[Kâ€™:
[5.464s] [01m[K/home/hp/ROS2_WS/src/slam_toolbox/lib/karto_sdk/src/Mapper.cpp:2850:33:[m[K [01;31m[Kerror: [m[Kâ€˜[01m[Kvoid karto::LocalizedRangeScan::serialize(Archive&, unsigned int) [with Archive = boost::archive::xml_oarchive][m[Kâ€™ is private within this context
[5.464s]  2850 |                 [01;31m[KpScan->serialize(scan_oa, 0)[m[K;
[5.464s]       |                 [01;31m[K~~~~~~~~~~~~~~~~^~~~~~~~~~~~[m[K
[5.464s] In file included from [01m[K/home/hp/ROS2_WS/src/slam_toolbox/lib/karto_sdk/include/karto_sdk/Mapper.h:36[m[K,
[5.464s]                  from [01m[K/home/hp/ROS2_WS/src/slam_toolbox/lib/karto_sdk/src/Mapper.cpp:39[m[K:
[5.464s] [01m[K/home/hp/ROS2_WS/src/slam_toolbox/lib/karto_sdk/include/karto_sdk/Karto.h:5811:8:[m[K [01;36m[Knote: [m[Kdeclared private here
[5.464s]  5811 |   void [01;36m[Kserialize[m[K(Archive & ar, const unsigned int version)
[5.464s]       |        [01;36m[K^~~~~~~~~[m[K
[5.464s] [01m[K/home/hp/ROS2_WS/src/slam_toolbox/lib/karto_sdk/src/Mapper.cpp:2864:42:[m[K [01;31m[Kerror: [m[Kâ€˜[01m[Kvoid karto::Matrix3::serialize(Archive&, unsigned int) [with Archive = boost::archive::xml_oarchive][m[Kâ€™ is private within this context
[5.464s]  2864 |                     [01;31m[Kcovariance->serialize(covariance_oa, 0)[m[K;
[5.464s]       |                     [01;31m[K~~~~~~~~~~~~~~~~~~~~~^~~~~~~~~~~~~~~~~~[m[K
[5.464s] In file included from [01m[K/home/hp/ROS2_WS/src/slam_toolbox/lib/karto_sdk/include/karto_sdk/Mapper.h:36[m[K,
[5.464s]                  from [01m[K/home/hp/ROS2_WS/src/slam_toolbox/lib/karto_sdk/src/Mapper.cpp:39[m[K:
[5.465s] [01m[K/home/hp/ROS2_WS/src/slam_toolbox/lib/karto_sdk/include/karto_sdk/Karto.h:2726:8:[m[K [01;36m[Knote: [m[Kdeclared private here
[5.465s]  2726 |   void [01;36m[Kserialize[m[K(Archive & ar, const unsigned int version)
[5.465s]       |        [01;36m[K^~~~~~~~~[m[K
[8.287s] gmake[2]: *** [lib/karto_sdk/CMakeFiles/kartoSlamToolbox.dir/build.make:90: lib/karto_sdk/CMakeFiles/kartoSlamToolbox.dir/src/Mapper.cpp.o] Error 1
[8.287s] gmake[1]: *** [CMakeFiles/Makefile2:1045: lib/karto_sdk/CMakeFiles/kartoSlamToolbox.dir/all] Error 2
[8.287s] gmake: *** [Makefile:146: all] Error 2
[8.290s] Invoked command in '/home/hp/ROS2_WS/build/slam_toolbox' returned '2': CMAKE_PREFIX_PATH=${CMAKE_PREFIX_PATH}:/home/hp/ROS2_WS/install/my_robot_controller:/home/hp/ROS2_WS/install/my_exo:/home/hp/ROS2_WS/install/dynamic_tf:/opt/ros/humble /usr/bin/cmake --build /home/hp/ROS2_WS/build/slam_toolbox -- -j8 -l8
