[0.803s] Invoking command in '/home/hp/ROS2_WS/build/slam_toolbox': CMAKE_PREFIX_PATH=${CMAKE_PREFIX_PATH}:/home/hp/ROS2_WS/install/my_robot_controller:/home/hp/ROS2_WS/install/my_exo:/home/hp/ROS2_WS/install/dynamic_tf:/opt/ros/humble /usr/bin/cmake --build /home/hp/ROS2_WS/build/slam_toolbox -- -j8 -l8
[0.902s] [  0%] Built target slam_toolbox__cpp
[0.915s] [35m[1mConsolidate compiler generated dependencies of target kartoSlamToolbox[0m
[0.933s] [  9%] Built target slam_toolbox__rosidl_generator_c
[0.946s] [  9%] Built target ament_cmake_python_symlink_slam_toolbox
[0.958s] [ 18%] Built target slam_toolbox__rosidl_typesupport_fastrtps_cpp
[0.971s] [ 27%] Built target slam_toolbox__rosidl_typesupport_introspection_cpp
[0.993s] [ 36%] Built target slam_toolbox__rosidl_typesupport_cpp
[0.994s] [ 45%] Built target slam_toolbox__rosidl_typesupport_introspection_c
[0.995s] [ 54%] Built target slam_toolbox__rosidl_typesupport_fastrtps_c
[1.000s] [ 55%] [32mBuilding CXX object lib/karto_sdk/CMakeFiles/kartoSlamToolbox.dir/src/Mapper.cpp.o[0m
[1.015s] [ 64%] Built target slam_toolbox__rosidl_typesupport_c
[1.049s] [ 64%] Built target slam_toolbox
[1.054s] [ 66%] Built target SlamToolboxPlugin
[1.084s] [ 67%] Built target slam_toolbox__py
[1.132s] [ 75%] Built target slam_toolbox__rosidl_generator_py
[1.167s] [ 76%] Built target slam_toolbox__rosidl_typesupport_introspection_c__pyext
[1.186s] [ 77%] Built target slam_toolbox__rosidl_typesupport_fastrtps_c__pyext
[1.196s] [ 78%] Built target slam_toolbox__rosidl_typesupport_c__pyext
[1.432s] running egg_info
[1.433s] writing slam_toolbox.egg-info/PKG-INFO
[1.434s] writing dependency_links to slam_toolbox.egg-info/dependency_links.txt
[1.434s] writing top-level names to slam_toolbox.egg-info/top_level.txt
[1.438s] reading manifest file 'slam_toolbox.egg-info/SOURCES.txt'
[1.440s] writing manifest file 'slam_toolbox.egg-info/SOURCES.txt'
[1.491s] [ 78%] Built target ament_cmake_python_build_slam_toolbox_egg
[4.746s] [01m[K/home/hp/ROS2_WS/src/slam_toolbox/lib/karto_sdk/src/Mapper.cpp:[m[K In member function â€˜[01m[Kvirtual kt_bool karto::Mapper::Process(karto::LocalizedRangeScan*, karto::Matrix3*)[m[Kâ€™:
[4.747s] [01m[K/home/hp/ROS2_WS/src/slam_toolbox/lib/karto_sdk/src/Mapper.cpp:2840:25:[m[K [01;31m[Kerror: [m[Kno matching function for call to â€˜[01m[Kkarto::LocalizedRangeScan::serialize(boost::archive::xml_oarchive&)[m[Kâ€™
[4.747s]  2840 |         [01;31m[KpScan->serialize(scan_oa)[m[K;
[4.747s]       |         [01;31m[K~~~~~~~~~~~~~~~~^~~~~~~~~[m[K
[4.747s] In file included from [01m[K/home/hp/ROS2_WS/src/slam_toolbox/lib/karto_sdk/include/karto_sdk/Mapper.h:36[m[K,
[4.747s]                  from [01m[K/home/hp/ROS2_WS/src/slam_toolbox/lib/karto_sdk/src/Mapper.cpp:39[m[K:
[4.747s] [01m[K/home/hp/ROS2_WS/src/slam_toolbox/lib/karto_sdk/include/karto_sdk/Karto.h:5805:8:[m[K [01;36m[Knote: [m[Kcandidate: â€˜[01m[Ktemplate<class Archive> void karto::LocalizedRangeScan::serialize(Archive&, unsigned int)[m[Kâ€™
[4.747s]  5805 |   void [01;36m[Kserialize[m[K(Archive & ar, const unsigned int version)
[4.747s]       |        [01;36m[K^~~~~~~~~[m[K
[4.747s] [01m[K/home/hp/ROS2_WS/src/slam_toolbox/lib/karto_sdk/include/karto_sdk/Karto.h:5805:8:[m[K [01;36m[Knote: [m[K  template argument deduction/substitution failed:
[4.747s] [01m[K/home/hp/ROS2_WS/src/slam_toolbox/lib/karto_sdk/src/Mapper.cpp:2840:25:[m[K [01;36m[Knote: [m[K  candidate expects 2 arguments, 1 provided
[4.747s]  2840 |         [01;36m[KpScan->serialize(scan_oa)[m[K;
[4.747s]       |         [01;36m[K~~~~~~~~~~~~~~~~^~~~~~~~~[m[K
[4.747s] [01m[K/home/hp/ROS2_WS/src/slam_toolbox/lib/karto_sdk/src/Mapper.cpp:2846:36:[m[K [01;31m[Kerror: [m[Kno matching function for call to â€˜[01m[Kkarto::Matrix3::serialize(boost::archive::xml_oarchive&)[m[Kâ€™
[4.747s]  2846 |               [01;31m[Kcovariance->serialize(covariance_oa)[m[K;
[4.748s]       |               [01;31m[K~~~~~~~~~~~~~~~~~~~~~^~~~~~~~~~~~~~~[m[K
[4.748s] In file included from [01m[K/home/hp/ROS2_WS/src/slam_toolbox/lib/karto_sdk/include/karto_sdk/Mapper.h:36[m[K,
[4.748s]                  from [01m[K/home/hp/ROS2_WS/src/slam_toolbox/lib/karto_sdk/src/Mapper.cpp:39[m[K:
[4.748s] [01m[K/home/hp/ROS2_WS/src/slam_toolbox/lib/karto_sdk/include/karto_sdk/Karto.h:2723:8:[m[K [01;36m[Knote: [m[Kcandidate: â€˜[01m[Ktemplate<class Archive> void karto::Matrix3::serialize(Archive&, unsigned int)[m[Kâ€™
[4.748s]  2723 |   void [01;36m[Kserialize[m[K(Archive & ar, const unsigned int version)
[4.748s]       |        [01;36m[K^~~~~~~~~[m[K
[4.748s] [01m[K/home/hp/ROS2_WS/src/slam_toolbox/lib/karto_sdk/include/karto_sdk/Karto.h:2723:8:[m[K [01;36m[Knote: [m[K  template argument deduction/substitution failed:
[4.748s] [01m[K/home/hp/ROS2_WS/src/slam_toolbox/lib/karto_sdk/src/Mapper.cpp:2846:36:[m[K [01;36m[Knote: [m[K  candidate expects 2 arguments, 1 provided
[4.748s]  2846 |               [01;36m[Kcovariance->serialize(covariance_oa)[m[K;
[4.748s]       |               [01;36m[K~~~~~~~~~~~~~~~~~~~~~^~~~~~~~~~~~~~~[m[K
[7.483s] gmake[2]: *** [lib/karto_sdk/CMakeFiles/kartoSlamToolbox.dir/build.make:90: lib/karto_sdk/CMakeFiles/kartoSlamToolbox.dir/src/Mapper.cpp.o] Error 1
[7.484s] gmake[1]: *** [CMakeFiles/Makefile2:1045: lib/karto_sdk/CMakeFiles/kartoSlamToolbox.dir/all] Error 2
[7.484s] gmake: *** [Makefile:146: all] Error 2
[7.486s] Invoked command in '/home/hp/ROS2_WS/build/slam_toolbox' returned '2': CMAKE_PREFIX_PATH=${CMAKE_PREFIX_PATH}:/home/hp/ROS2_WS/install/my_robot_controller:/home/hp/ROS2_WS/install/my_exo:/home/hp/ROS2_WS/install/dynamic_tf:/opt/ros/humble /usr/bin/cmake --build /home/hp/ROS2_WS/build/slam_toolbox -- -j8 -l8
