Traceback (most recent call last):
  File "/opt/ros/humble/share/rosidl_generator_c/cmake/../../../lib/rosidl_generator_c/rosidl_generator_c", line 8, in <module>
    from rosidl_generator_c import generate_c
  File "/opt/ros/humble/local/lib/python3.10/dist-packages/rosidl_generator_c/__init__.py", line 15, in <module>
    from rosidl_cmake import convert_camel_case_to_lower_case_underscore
  File "/opt/ros/humble/local/lib/python3.10/dist-packages/rosidl_cmake/__init__.py", line 24, in <module>
    from rosidl_parser.parser import parse_idl_file
  File "/opt/ros/humble/local/lib/python3.10/dist-packages/rosidl_parser/parser.py", line 20, in <module>
    from lark import Lark
ModuleNotFoundError: No module named 'lark'
Traceback (most recent call last):
  File "/opt/ros/humble/share/rosidl_generator_cpp/cmake/../../../lib/rosidl_generator_cpp/rosidl_generator_cpp", line 8, in <module>
    from rosidl_generator_cpp import generate_cpp
  File "/opt/ros/humble/local/lib/python3.10/dist-packages/rosidl_generator_cpp/__init__.py", line 17, in <module>
    from rosidl_cmake import generate_files
  File "/opt/ros/humble/local/lib/python3.10/dist-packages/rosidl_cmake/__init__.py", line 24, in <module>
    from rosidl_parser.parser import parse_idl_file
  File "/opt/ros/humble/local/lib/python3.10/dist-packages/rosidl_parser/parser.py", line 20, in <module>
gmake[2]: *** [CMakeFiles/slam_toolbox__rosidl_generator_c.dir/build.make:208: rosidl_generator_c/slam_toolbox/srv/pause.h] Error 1
    from lark import Lark
ModuleNotFoundError: No module named 'lark'
gmake[1]: *** [CMakeFiles/Makefile2:258: CMakeFiles/slam_toolbox__rosidl_generator_c.dir/all] Error 2
gmake[1]: *** Waiting for unfinished jobs....
gmake[2]: *** [CMakeFiles/slam_toolbox__cpp.dir/build.make:252: rosidl_generator_cpp/slam_toolbox/srv/pause.hpp] Error 1
gmake[1]: *** [CMakeFiles/Makefile2:311: CMakeFiles/slam_toolbox__cpp.dir/all] Error 2
/usr/bin/ld: CMakeFiles/kartoSlamToolbox.dir/src/Mapper.cpp.o: in function `karto::operator<<(std::ostream&, karto::LocalizedRangeScan const&)':
Mapper.cpp:(.text+0x1b80): multiple definition of `karto::operator<<(std::ostream&, karto::LocalizedRangeScan const&)'; CMakeFiles/kartoSlamToolbox.dir/src/Karto.cpp.o:Karto.cpp:(.text+0x520): first defined here
/usr/bin/ld: CMakeFiles/kartoSlamToolbox.dir/src/Mapper.cpp.o: in function `karto::operator>>(std::istream&, karto::LocalizedRangeScan&)':
Mapper.cpp:(.text+0x6ee0): multiple definition of `karto::operator>>(std::istream&, karto::LocalizedRangeScan&)'; CMakeFiles/kartoSlamToolbox.dir/src/Karto.cpp.o:Karto.cpp:(.text+0x16c0): first defined here
collect2: error: ld returned 1 exit status
gmake[2]: *** [lib/karto_sdk/CMakeFiles/kartoSlamToolbox.dir/build.make:183: lib/karto_sdk/libkartoSlamToolbox.so] Error 1
gmake[1]: *** [CMakeFiles/Makefile2:1045: lib/karto_sdk/CMakeFiles/kartoSlamToolbox.dir/all] Error 2
gmake: *** [Makefile:146: all] Error 2
