[0.814s] Invoking command in '/home/hp/ROS2_WS/src/build/slam_toolbox': CMAKE_PREFIX_PATH=${CMAKE_PREFIX_PATH}:/home/hp/ROS2_WS/install/my_robot_controller:/home/hp/ROS2_WS/install/my_exo:/home/hp/ROS2_WS/src/install/my_robot_controller:/home/hp/ROS2_WS/src/install/my_exo:/opt/ros/humble CONDA_PROMPT_MODIFIER=(base) /usr/bin/cmake /home/hp/ROS2_WS/src/slam_toolbox -DAMENT_CMAKE_SYMLINK_INSTALL=1 -DCMAKE_INSTALL_PREFIX=/home/hp/ROS2_WS/src/install/slam_toolbox
[0.828s] -- Found ament_cmake: 1.3.8 (/opt/ros/humble/share/ament_cmake/cmake)
[1.020s] -- Override CMake install command with custom implementation using symlinks instead of copying resources
[1.028s] -- Found message_filters: 4.3.3 (/opt/ros/humble/share/message_filters/cmake)
[1.078s] -- Found rosidl_generator_c: 3.1.5 (/opt/ros/humble/share/rosidl_generator_c/cmake)
[1.081s] -- Found rosidl_adapter: 3.1.5 (/opt/ros/humble/share/rosidl_adapter/cmake)
[1.089s] -- Found rosidl_generator_cpp: 3.1.5 (/opt/ros/humble/share/rosidl_generator_cpp/cmake)
[1.104s] -- Using all available rosidl_typesupport_c: rosidl_typesupport_fastrtps_c;rosidl_typesupport_introspection_c
[1.124s] -- Using all available rosidl_typesupport_cpp: rosidl_typesupport_fastrtps_cpp;rosidl_typesupport_introspection_cpp
[1.201s] -- Found rmw_implementation_cmake: 6.1.1 (/opt/ros/humble/share/rmw_implementation_cmake/cmake)
[1.202s] -- Found rmw_cyclonedds_cpp: 1.3.4 (/opt/ros/humble/share/rmw_cyclonedds_cpp/cmake)
[1.241s] -- Using RMW implementation 'rmw_cyclonedds_cpp' as default
[1.459s] -- Found nav_msgs: 4.2.3 (/opt/ros/humble/share/nav_msgs/cmake)
[1.597s] -- Found sensor_msgs: 4.2.3 (/opt/ros/humble/share/sensor_msgs/cmake)
[1.687s] -- Found tf2: 0.25.6 (/opt/ros/humble/share/tf2/cmake)
[1.696s] -- Found tf2_ros: 0.25.6 (/opt/ros/humble/share/tf2_ros/cmake)
[2.065s] -- Found visualization_msgs: 4.2.3 (/opt/ros/humble/share/visualization_msgs/cmake)
[2.175s] -- Found pluginlib: 5.1.0 (/opt/ros/humble/share/pluginlib/cmake)
[2.190s] -- Found tf2_geometry_msgs: 0.25.6 (/opt/ros/humble/share/tf2_geometry_msgs/cmake)
[2.194s] -- Found eigen3_cmake_module: 0.1.1 (/opt/ros/humble/share/eigen3_cmake_module/cmake)
[2.195s] -- Ensuring Eigen3 include directory is part of orocos-kdl CMake target
[2.203s] -- Found tf2_sensor_msgs: 0.25.6 (/opt/ros/humble/share/tf2_sensor_msgs/cmake)
[2.219s] -- Found std_srvs: 4.2.3 (/opt/ros/humble/share/std_srvs/cmake)
[2.232s] -- Found rosidl_default_generators: 1.2.0 (/opt/ros/humble/share/rosidl_default_generators/cmake)
[2.239s] -- Found lifecycle_msgs: 1.2.1 (/opt/ros/humble/share/lifecycle_msgs/cmake)
[2.253s] -- Found bondcpp: 3.0.2 (/opt/ros/humble/share/bondcpp/cmake)
[2.327s] -- Found rviz_common: 11.2.11 (/opt/ros/humble/share/rviz_common/cmake)
[2.338s] -- Setting OGRE_DIR to: '/opt/ros/humble/share/rviz_ogre_vendor/cmake/../../../opt/rviz_ogre_vendor/lib/OGRE/cmake'
[2.339s] -- Found OGRE
[2.339s] --   static     : OFF
[2.339s] --   components : HLMS;MeshLodGenerator;Overlay;Paging;Property;RTShaderSystem;Terrain;Volume
[2.340s] --   plugins    : Plugin_BSPSceneManager;Plugin_OctreeSceneManager;Plugin_PCZSceneManager;Plugin_ParticleFX;RenderSystem_GL;RenderSystem_GL3Plus;Codec_STBI
[2.340s] --   media      : /opt/ros/humble/opt/rviz_ogre_vendor/share/OGRE/Media
[2.340s] -- OGRE_LIBRARIES: OgreHLMS;OgreMeshLodGenerator;OgreOverlay;OgrePaging;OgreProperty;OgreRTShaderSystem;OgreTerrain;OgreVolume;OgreMain
[2.340s] -- OGRE_LIBRARY_DIRS: /opt/ros/humble/opt/rviz_ogre_vendor/lib
[2.340s] -- OGRE_PLUGINS: Plugin_BSPSceneManager;Plugin_OctreeSceneManager;Plugin_PCZSceneManager;Plugin_ParticleFX;RenderSystem_GL;RenderSystem_GL3Plus;Codec_STBI
[2.340s] -- OGRE_PLUGIN_DIR: /opt/ros/humble/opt/rviz_ogre_vendor/lib/OGRE
[2.340s] -- rviz_ogre_vendor::OgreOverlay for IMPORTED_LOCATION_RELEASE: /opt/ros/humble/opt/rviz_ogre_vendor/lib/libOgreOverlay.so
[2.340s] -- rviz_ogre_vendor::OgreOverlay for IMPORTED_LOCATION_DEBUG: /opt/ros/humble/opt/rviz_ogre_vendor/lib/libOgreOverlay.so
[2.340s] -- rviz_ogre_vendor::OgreMain for IMPORTED_LOCATION_RELEASE: /opt/ros/humble/opt/rviz_ogre_vendor/lib/libOgreMain.so
[2.340s] -- rviz_ogre_vendor::OgreMain for IMPORTED_LOCATION_DEBUG: /opt/ros/humble/opt/rviz_ogre_vendor/lib/libOgreMain.so
[2.383s] -- rviz_ogre_vendor::RenderSystem_GL for IMPORTED_LOCATION_RELEASE: _render_system_gl_static_library_abs-NOTFOUND
[2.383s] -- rviz_ogre_vendor::RenderSystem_GL for IMPORTED_LOCATION_DEBUG: _render_system_gl_static_library_abs-NOTFOUND
[2.414s] -- library: /usr/lib/x86_64-linux-gnu/libcurl.so
[2.472s] -- Found rviz_default_plugins: 11.2.11 (/opt/ros/humble/share/rviz_default_plugins/cmake)
[2.906s] -- Found required Ceres dependency: Eigen version 3.4.0 in /usr/include/eigen3
[2.909s] -- Found required Ceres dependency: glog
[2.909s] -- Found required Ceres dependency: gflags
[2.910s] -- Found Ceres version: 2.0.0 installed in: /usr with components: [EigenSparse, SparseLinearAlgebraLibrary, LAPACK, SuiteSparse, CXSparse, SchurSpecializations, Multithreading]
[3.040s] [31mCMake Error at /opt/ros/humble/share/rosidl_adapter/cmake/rosidl_adapt_interfaces.cmake:59 (message):
[3.040s]   execute_process(/home/hp/anaconda3/bin/python3 -m rosidl_adapter
[3.040s]   --package-name slam_toolbox --arguments-file
[3.040s]   /home/hp/ROS2_WS/src/build/slam_toolbox/rosidl_adapter__arguments__slam_toolbox.json
[3.040s]   --output-dir
[3.040s]   /home/hp/ROS2_WS/src/build/slam_toolbox/rosidl_adapter/slam_toolbox
[3.040s]   --output-file
[3.040s]   /home/hp/ROS2_WS/src/build/slam_toolbox/rosidl_adapter/slam_toolbox.idls)
[3.040s]   returned error code 1:
[3.040s] 
[3.041s]   AttributeError processing template 'srv.idl.em'
[3.041s] 
[3.041s]   Traceback (most recent call last):
[3.041s] 
[3.041s]     File "/opt/ros/humble/local/lib/python3.10/dist-packages/rosidl_adapter/resource/__init__.py", line 48, in evaluate_template
[3.041s]       _interpreter = em.Interpreter(
[3.041s]                      ^^^^^^^^^^^^^^
[3.041s] 
[3.041s]   AttributeError: module 'em' has no attribute 'Interpreter'
[3.041s] 
[3.042s]   
[3.042s] 
[3.042s]   During handling of the above exception, another exception occurred:
[3.042s] 
[3.042s]   
[3.042s] 
[3.042s]   Traceback (most recent call last):
[3.042s] 
[3.043s]     File "<frozen runpy>", line 198, in _run_module_as_main
[3.043s]     File "<frozen runpy>", line 88, in _run_code
[3.043s]     File "/opt/ros/humble/local/lib/python3.10/dist-packages/rosidl_adapter/__main__.py", line 19, in <module>
[3.043s]       sys.exit(main())
[3.043s]                ^^^^^^
[3.043s]     File "/opt/ros/humble/local/lib/python3.10/dist-packages/rosidl_adapter/main.py", line 53, in main
[3.044s]       abs_idl_file = convert_to_idl(
[3.044s]                      ^^^^^^^^^^^^^^^
[3.044s]     File "/opt/ros/humble/local/lib/python3.10/dist-packages/rosidl_adapter/__init__.py", line 24, in convert_to_idl
[3.044s]       return convert_srv_to_idl(
[3.044s]              ^^^^^^^^^^^^^^^^^^^
[3.044s]     File "/opt/ros/humble/local/lib/python3.10/dist-packages/rosidl_adapter/srv/__init__.py", line 39, in convert_srv_to_idl
[3.044s]       expand_template('srv.idl.em', data, output_file, encoding='iso-8859-1')
[3.045s]     File "/opt/ros/humble/local/lib/python3.10/dist-packages/rosidl_adapter/resource/__init__.py", line 23, in expand_template
[3.045s]       content = evaluate_template(template_name, data)
[3.045s]                 ^^^^^^^^^^^^^^^^^^^^^^^^^^^^^^^^^^^^^^
[3.045s]     File "/opt/ros/humble/local/lib/python3.10/dist-packages/rosidl_adapter/resource/__init__.py", line 69, in evaluate_template
[3.045s]       _interpreter.shutdown()
[3.045s]       ^^^^^^^^^^^^^^^^^^^^^
[3.045s] 
[3.045s]   AttributeError: 'NoneType' object has no attribute 'shutdown'
[3.045s] 
[3.045s] Call Stack (most recent call first):
[3.045s]   /opt/ros/humble/share/rosidl_cmake/cmake/rosidl_generate_interfaces.cmake:130 (rosidl_adapt_interfaces)
[3.045s]   CMakeLists.txt:105 (rosidl_generate_interfaces)
[3.045s] 
[3.045s] [0m
[3.045s] -- Configuring incomplete, errors occurred!
[3.046s] See also "/home/hp/ROS2_WS/src/build/slam_toolbox/CMakeFiles/CMakeOutput.log".
[3.046s] See also "/home/hp/ROS2_WS/src/build/slam_toolbox/CMakeFiles/CMakeError.log".
[3.058s] Invoked command in '/home/hp/ROS2_WS/src/build/slam_toolbox' returned '1': CMAKE_PREFIX_PATH=${CMAKE_PREFIX_PATH}:/home/hp/ROS2_WS/install/my_robot_controller:/home/hp/ROS2_WS/install/my_exo:/home/hp/ROS2_WS/src/install/my_robot_controller:/home/hp/ROS2_WS/src/install/my_exo:/opt/ros/humble CONDA_PROMPT_MODIFIER=(base) /usr/bin/cmake /home/hp/ROS2_WS/src/slam_toolbox -DAMENT_CMAKE_SYMLINK_INSTALL=1 -DCMAKE_INSTALL_PREFIX=/home/hp/ROS2_WS/src/install/slam_toolbox
