[0.875s] Invoking command in '/home/hp/ROS2_WS/build/slam_toolbox': CMAKE_PREFIX_PATH=${CMAKE_PREFIX_PATH}:/home/hp/ROS2_WS/install/my_robot_controller:/home/hp/ROS2_WS/install/my_exo:/home/hp/ROS2_WS/install/dynamic_tf:/opt/ros/humble /usr/bin/cmake --build /home/hp/ROS2_WS/build/slam_toolbox -- -j8 -l8
[1.016s] [  0%] Built target slam_toolbox__cpp
[1.071s] [35m[1mConsolidate compiler generated dependencies of target kartoSlamToolbox[0m
[1.072s] [  0%] Built target ament_cmake_python_symlink_slam_toolbox
[1.092s] [  9%] Built target slam_toolbox__rosidl_generator_c
[1.111s] [ 18%] Built target slam_toolbox__rosidl_typesupport_fastrtps_cpp
[1.123s] [ 27%] Built target slam_toolbox__rosidl_typesupport_cpp
[1.160s] [ 36%] Built target slam_toolbox__rosidl_typesupport_introspection_cpp
[1.164s] [ 37%] [32mBuilding CXX object lib/karto_sdk/CMakeFiles/kartoSlamToolbox.dir/src/Mapper.cpp.o[0m
[1.180s] [ 46%] Built target slam_toolbox__rosidl_typesupport_c
[1.215s] [ 55%] Built target slam_toolbox__rosidl_typesupport_fastrtps_c
[1.227s] [ 57%] Built target SlamToolboxPlugin
[1.228s] [ 66%] Built target slam_toolbox__rosidl_typesupport_introspection_c
[1.275s] [ 66%] Built target slam_toolbox
[1.315s] [ 67%] Built target slam_toolbox__py
[1.366s] [ 75%] Built target slam_toolbox__rosidl_generator_py
[1.428s] [ 76%] Built target slam_toolbox__rosidl_typesupport_fastrtps_c__pyext
[1.433s] [ 77%] Built target slam_toolbox__rosidl_typesupport_introspection_c__pyext
[1.449s] [ 78%] Built target slam_toolbox__rosidl_typesupport_c__pyext
[1.730s] running egg_info
[1.731s] writing slam_toolbox.egg-info/PKG-INFO
[1.731s] writing dependency_links to slam_toolbox.egg-info/dependency_links.txt
[1.732s] writing top-level names to slam_toolbox.egg-info/top_level.txt
[1.739s] reading manifest file 'slam_toolbox.egg-info/SOURCES.txt'
[1.742s] writing manifest file 'slam_toolbox.egg-info/SOURCES.txt'
[1.833s] [ 78%] Built target ament_cmake_python_build_slam_toolbox_egg
[5.450s] [01m[K/home/hp/ROS2_WS/src/slam_toolbox/lib/karto_sdk/src/Mapper.cpp:[m[K In member function â€˜[01m[Kvirtual kt_bool karto::Mapper::Process(karto::LocalizedRangeScan*, karto::Matrix3*)[m[Kâ€™:
[5.450s] [01m[K/home/hp/ROS2_WS/src/slam_toolbox/lib/karto_sdk/src/Mapper.cpp:2885:24:[m[K [01;31m[Kerror: [m[Kâ€˜[01m[KloadedScan[m[Kâ€™ was not declared in this scope
[5.450s]  2885 |         if (*pScan == *[01;31m[KloadedScan[m[K) {
[5.450s]       |                        [01;31m[K^~~~~~~~~~[m[K
[8.336s] gmake[2]: *** [lib/karto_sdk/CMakeFiles/kartoSlamToolbox.dir/build.make:90: lib/karto_sdk/CMakeFiles/kartoSlamToolbox.dir/src/Mapper.cpp.o] Error 1
[8.336s] gmake[1]: *** [CMakeFiles/Makefile2:1045: lib/karto_sdk/CMakeFiles/kartoSlamToolbox.dir/all] Error 2
[8.336s] gmake: *** [Makefile:146: all] Error 2
[8.340s] Invoked command in '/home/hp/ROS2_WS/build/slam_toolbox' returned '2': CMAKE_PREFIX_PATH=${CMAKE_PREFIX_PATH}:/home/hp/ROS2_WS/install/my_robot_controller:/home/hp/ROS2_WS/install/my_exo:/home/hp/ROS2_WS/install/dynamic_tf:/opt/ros/humble /usr/bin/cmake --build /home/hp/ROS2_WS/build/slam_toolbox -- -j8 -l8
