[  0%] Built target ament_cmake_python_symlink_slam_toolbox
[  0%] Built target slam_toolbox__cpp
[  9%] Built target slam_toolbox__rosidl_generator_c
[35m[1mConsolidate compiler generated dependencies of target kartoSlamToolbox[0m
[ 10%] [32mBuilding CXX object lib/karto_sdk/CMakeFiles/kartoSlamToolbox.dir/src/Karto.cpp.o[0m
[ 19%] Built target slam_toolbox__rosidl_typesupport_fastrtps_cpp
[ 20%] [32mBuilding CXX object lib/karto_sdk/CMakeFiles/kartoSlamToolbox.dir/src/Mapper.cpp.o[0m
[ 29%] Built target slam_toolbox__rosidl_typesupport_introspection_cpp
[ 38%] Built target slam_toolbox__rosidl_typesupport_fastrtps_c
[ 47%] Built target slam_toolbox__rosidl_typesupport_c
[ 56%] Built target slam_toolbox__rosidl_typesupport_cpp
[ 65%] Built target slam_toolbox__rosidl_typesupport_introspection_c
[ 65%] Built target slam_toolbox
[ 66%] Built target slam_toolbox__py
[ 68%] Built target SlamToolboxPlugin
[ 76%] Built target slam_toolbox__rosidl_generator_py
[ 77%] Built target slam_toolbox__rosidl_typesupport_fastrtps_c__pyext
[ 78%] Built target slam_toolbox__rosidl_typesupport_c__pyext
[ 79%] Built target slam_toolbox__rosidl_typesupport_introspection_c__pyext
running egg_info
writing slam_toolbox.egg-info/PKG-INFO
writing dependency_links to slam_toolbox.egg-info/dependency_links.txt
writing top-level names to slam_toolbox.egg-info/top_level.txt
reading manifest file 'slam_toolbox.egg-info/SOURCES.txt'
writing manifest file 'slam_toolbox.egg-info/SOURCES.txt'
[ 79%] Built target ament_cmake_python_build_slam_toolbox_egg
[01m[K/home/hp/ROS2_WS/src/slam_toolbox/lib/karto_sdk/src/Mapper.cpp:2772:9:[m[K [01;31m[Kerror: [m[Kredefinition of â€˜[01m[Kkt_bool karto::Mapper::Process(karto::Object*)[m[Kâ€™
 2772 | kt_bool [01;31m[KMapper[m[K::Process(Object* /*pObject*/)  // NOLINT
      |         [01;31m[K^~~~~~[m[K
[01m[K/home/hp/ROS2_WS/src/slam_toolbox/lib/karto_sdk/src/Mapper.cpp:2767:9:[m[K [01;36m[Knote: [m[Kâ€˜[01m[Kvirtual kt_bool karto::Mapper::Process(karto::Object*)[m[Kâ€™ previously defined here
 2767 | kt_bool [01;36m[KMapper[m[K::Process(Object* /*pObject*/)  // NOLINT
      |         [01;36m[K^~~~~~[m[K
gmake[2]: *** [lib/karto_sdk/CMakeFiles/kartoSlamToolbox.dir/build.make:90: lib/karto_sdk/CMakeFiles/kartoSlamToolbox.dir/src/Mapper.cpp.o] Error 1
gmake[2]: *** Waiting for unfinished jobs....
gmake[1]: *** [CMakeFiles/Makefile2:1045: lib/karto_sdk/CMakeFiles/kartoSlamToolbox.dir/all] Error 2
gmake: *** [Makefile:146: all] Error 2
