[0.910s] Invoking command in '/home/hp/ROS2_WS/build/slam_toolbox': CMAKE_PREFIX_PATH=${CMAKE_PREFIX_PATH}:/home/hp/ROS2_WS/install/my_robot_controller:/home/hp/ROS2_WS/install/my_exo:/home/hp/ROS2_WS/install/dynamic_tf:/opt/ros/humble /usr/bin/cmake --build /home/hp/ROS2_WS/build/slam_toolbox -- -j8 -l8
[1.573s] [  0%] Built target ament_cmake_python_symlink_slam_toolbox
[1.596s] [  0%] Built target slam_toolbox__cpp
[1.604s] [  9%] Built target slam_toolbox__rosidl_generator_c
[1.607s] [35m[1mConsolidate compiler generated dependencies of target kartoSlamToolbox[0m
[1.668s] [ 10%] [32mBuilding CXX object lib/karto_sdk/CMakeFiles/kartoSlamToolbox.dir/src/Karto.cpp.o[0m
[1.696s] [ 19%] Built target slam_toolbox__rosidl_typesupport_fastrtps_cpp
[1.709s] [ 20%] [32mBuilding CXX object lib/karto_sdk/CMakeFiles/kartoSlamToolbox.dir/src/Mapper.cpp.o[0m
[1.719s] [ 29%] Built target slam_toolbox__rosidl_typesupport_introspection_cpp
[1.757s] [ 38%] Built target slam_toolbox__rosidl_typesupport_fastrtps_c
[1.787s] [ 47%] Built target slam_toolbox__rosidl_typesupport_c
[1.812s] [ 56%] Built target slam_toolbox__rosidl_typesupport_cpp
[1.821s] [ 65%] Built target slam_toolbox__rosidl_typesupport_introspection_c
[1.852s] [ 65%] Built target slam_toolbox
[1.886s] [ 66%] Built target slam_toolbox__py
[1.914s] [ 68%] Built target SlamToolboxPlugin
[1.933s] [ 76%] Built target slam_toolbox__rosidl_generator_py
[1.974s] [ 77%] Built target slam_toolbox__rosidl_typesupport_fastrtps_c__pyext
[1.984s] [ 78%] Built target slam_toolbox__rosidl_typesupport_c__pyext
[1.990s] [ 79%] Built target slam_toolbox__rosidl_typesupport_introspection_c__pyext
[2.125s] running egg_info
[2.126s] writing slam_toolbox.egg-info/PKG-INFO
[2.126s] writing dependency_links to slam_toolbox.egg-info/dependency_links.txt
[2.126s] writing top-level names to slam_toolbox.egg-info/top_level.txt
[2.131s] reading manifest file 'slam_toolbox.egg-info/SOURCES.txt'
[2.155s] writing manifest file 'slam_toolbox.egg-info/SOURCES.txt'
[2.203s] [ 79%] Built target ament_cmake_python_build_slam_toolbox_egg
[7.087s] [01m[K/home/hp/ROS2_WS/src/slam_toolbox/lib/karto_sdk/src/Mapper.cpp:2772:9:[m[K [01;31m[Kerror: [m[Kredefinition of â€˜[01m[Kkt_bool karto::Mapper::Process(karto::Object*)[m[Kâ€™
[7.087s]  2772 | kt_bool [01;31m[KMapper[m[K::Process(Object* /*pObject*/)  // NOLINT
[7.088s]       |         [01;31m[K^~~~~~[m[K
[7.088s] [01m[K/home/hp/ROS2_WS/src/slam_toolbox/lib/karto_sdk/src/Mapper.cpp:2767:9:[m[K [01;36m[Knote: [m[Kâ€˜[01m[Kvirtual kt_bool karto::Mapper::Process(karto::Object*)[m[Kâ€™ previously defined here
[7.088s]  2767 | kt_bool [01;36m[KMapper[m[K::Process(Object* /*pObject*/)  // NOLINT
[7.088s]       |         [01;36m[K^~~~~~[m[K
[10.154s] gmake[2]: *** [lib/karto_sdk/CMakeFiles/kartoSlamToolbox.dir/build.make:90: lib/karto_sdk/CMakeFiles/kartoSlamToolbox.dir/src/Mapper.cpp.o] Error 1
[10.154s] gmake[2]: *** Waiting for unfinished jobs....
[13.351s] gmake[1]: *** [CMakeFiles/Makefile2:1045: lib/karto_sdk/CMakeFiles/kartoSlamToolbox.dir/all] Error 2
[13.351s] gmake: *** [Makefile:146: all] Error 2
[13.354s] Invoked command in '/home/hp/ROS2_WS/build/slam_toolbox' returned '2': CMAKE_PREFIX_PATH=${CMAKE_PREFIX_PATH}:/home/hp/ROS2_WS/install/my_robot_controller:/home/hp/ROS2_WS/install/my_exo:/home/hp/ROS2_WS/install/dynamic_tf:/opt/ros/humble /usr/bin/cmake --build /home/hp/ROS2_WS/build/slam_toolbox -- -j8 -l8
