[33mCMake Warning at CMakeLists.txt:122 (add_library):
  Cannot generate a safe runtime search path for target SlamToolboxPlugin
  because files in some directories may conflict with libraries in implicit
  directories:

    runtime library [libfreetype.so.6] in /usr/lib/x86_64-linux-gnu may be hidden by files in:
      /home/hp/anaconda3/lib
    runtime library [libz.so.1] in /usr/lib/x86_64-linux-gnu may be hidden by files in:
      /home/hp/anaconda3/lib
    runtime library [libcurl.so.4] in /usr/lib/x86_64-linux-gnu may be hidden by files in:
      /home/hp/anaconda3/lib

  Some of these libraries may not be found correctly.

[0m
[33mCMake Warning at CMakeLists.txt:140 (add_library):
  Cannot generate a safe runtime search path for target ceres_solver_plugin
  because files in some directories may conflict with libraries in implicit
  directories:

    runtime library [libfreetype.so.6] in /usr/lib/x86_64-linux-gnu may be hidden by files in:
      /home/hp/anaconda3/lib
    runtime library [libz.so.1] in /usr/lib/x86_64-linux-gnu may be hidden by files in:
      /home/hp/anaconda3/lib
    runtime library [libcurl.so.4] in /usr/lib/x86_64-linux-gnu may be hidden by files in:
      /home/hp/anaconda3/lib
    runtime library [libtbb.so.12] in /usr/lib/x86_64-linux-gnu may be hidden by files in:
      /home/hp/anaconda3/lib

  Some of these libraries may not be found correctly.

[0m
[33mCMake Warning at CMakeLists.txt:151 (add_library):
  Cannot generate a safe runtime search path for target toolbox_common
  because files in some directories may conflict with libraries in implicit
  directories:

    runtime library [libfreetype.so.6] in /usr/lib/x86_64-linux-gnu may be hidden by files in:
      /home/hp/anaconda3/lib
    runtime library [libz.so.1] in /usr/lib/x86_64-linux-gnu may be hidden by files in:
      /home/hp/anaconda3/lib
    runtime library [libcurl.so.4] in /usr/lib/x86_64-linux-gnu may be hidden by files in:
      /home/hp/anaconda3/lib
    runtime library [libtbb.so.12] in /usr/lib/x86_64-linux-gnu may be hidden by files in:
      /home/hp/anaconda3/lib

  Some of these libraries may not be found correctly.

[0m
[33mCMake Warning at CMakeLists.txt:160 (add_library):
  Cannot generate a safe runtime search path for target async_slam_toolbox
  because files in some directories may conflict with libraries in implicit
  directories:

    runtime library [libtbb.so.12] in /usr/lib/x86_64-linux-gnu may be hidden by files in:
      /home/hp/anaconda3/lib
    runtime library [libfreetype.so.6] in /usr/lib/x86_64-linux-gnu may be hidden by files in:
      /home/hp/anaconda3/lib
    runtime library [libcurl.so.4] in /usr/lib/x86_64-linux-gnu may be hidden by files in:
      /home/hp/anaconda3/lib
    runtime library [libz.so.1] in /usr/lib/x86_64-linux-gnu may be hidden by files in:
      /home/hp/anaconda3/lib

  Some of these libraries may not be found correctly.

[0m
[33mCMake Warning at CMakeLists.txt:162 (add_executable):
  Cannot generate a safe runtime search path for target
  async_slam_toolbox_node because files in some directories may conflict with
  libraries in implicit directories:

    runtime library [libfreetype.so.6] in /usr/lib/x86_64-linux-gnu may be hidden by files in:
      /home/hp/anaconda3/lib
    runtime library [libcurl.so.4] in /usr/lib/x86_64-linux-gnu may be hidden by files in:
      /home/hp/anaconda3/lib
    runtime library [libz.so.1] in /usr/lib/x86_64-linux-gnu may be hidden by files in:
      /home/hp/anaconda3/lib
    runtime library [libtbb.so.12] in /usr/lib/x86_64-linux-gnu may be hidden by files in:
      /home/hp/anaconda3/lib

  Some of these libraries may not be found correctly.

[0m
[33mCMake Warning at CMakeLists.txt:165 (add_library):
  Cannot generate a safe runtime search path for target sync_slam_toolbox
  because files in some directories may conflict with libraries in implicit
  directories:

    runtime library [libtbb.so.12] in /usr/lib/x86_64-linux-gnu may be hidden by files in:
      /home/hp/anaconda3/lib
    runtime library [libfreetype.so.6] in /usr/lib/x86_64-linux-gnu may be hidden by files in:
      /home/hp/anaconda3/lib
    runtime library [libcurl.so.4] in /usr/lib/x86_64-linux-gnu may be hidden by files in:
      /home/hp/anaconda3/lib
    runtime library [libz.so.1] in /usr/lib/x86_64-linux-gnu may be hidden by files in:
      /home/hp/anaconda3/lib

  Some of these libraries may not be found correctly.

[0m
[33mCMake Warning at CMakeLists.txt:167 (add_executable):
  Cannot generate a safe runtime search path for target
  sync_slam_toolbox_node because files in some directories may conflict with
  libraries in implicit directories:

    runtime library [libfreetype.so.6] in /usr/lib/x86_64-linux-gnu may be hidden by files in:
      /home/hp/anaconda3/lib
    runtime library [libcurl.so.4] in /usr/lib/x86_64-linux-gnu may be hidden by files in:
      /home/hp/anaconda3/lib
    runtime library [libz.so.1] in /usr/lib/x86_64-linux-gnu may be hidden by files in:
      /home/hp/anaconda3/lib
    runtime library [libtbb.so.12] in /usr/lib/x86_64-linux-gnu may be hidden by files in:
      /home/hp/anaconda3/lib

  Some of these libraries may not be found correctly.

[0m
[33mCMake Warning at CMakeLists.txt:170 (add_library):
  Cannot generate a safe runtime search path for target
  localization_slam_toolbox because files in some directories may conflict
  with libraries in implicit directories:

    runtime library [libtbb.so.12] in /usr/lib/x86_64-linux-gnu may be hidden by files in:
      /home/hp/anaconda3/lib
    runtime library [libfreetype.so.6] in /usr/lib/x86_64-linux-gnu may be hidden by files in:
      /home/hp/anaconda3/lib
    runtime library [libcurl.so.4] in /usr/lib/x86_64-linux-gnu may be hidden by files in:
      /home/hp/anaconda3/lib
    runtime library [libz.so.1] in /usr/lib/x86_64-linux-gnu may be hidden by files in:
      /home/hp/anaconda3/lib

  Some of these libraries may not be found correctly.

[0m
[33mCMake Warning at CMakeLists.txt:172 (add_executable):
  Cannot generate a safe runtime search path for target
  localization_slam_toolbox_node because files in some directories may
  conflict with libraries in implicit directories:

    runtime library [libfreetype.so.6] in /usr/lib/x86_64-linux-gnu may be hidden by files in:
      /home/hp/anaconda3/lib
    runtime library [libcurl.so.4] in /usr/lib/x86_64-linux-gnu may be hidden by files in:
      /home/hp/anaconda3/lib
    runtime library [libz.so.1] in /usr/lib/x86_64-linux-gnu may be hidden by files in:
      /home/hp/anaconda3/lib
    runtime library [libtbb.so.12] in /usr/lib/x86_64-linux-gnu may be hidden by files in:
      /home/hp/anaconda3/lib

  Some of these libraries may not be found correctly.

[0m
[33mCMake Warning at CMakeLists.txt:175 (add_library):
  Cannot generate a safe runtime search path for target lifelong_slam_toolbox
  because files in some directories may conflict with libraries in implicit
  directories:

    runtime library [libtbb.so.12] in /usr/lib/x86_64-linux-gnu may be hidden by files in:
      /home/hp/anaconda3/lib
    runtime library [libfreetype.so.6] in /usr/lib/x86_64-linux-gnu may be hidden by files in:
      /home/hp/anaconda3/lib
    runtime library [libcurl.so.4] in /usr/lib/x86_64-linux-gnu may be hidden by files in:
      /home/hp/anaconda3/lib
    runtime library [libz.so.1] in /usr/lib/x86_64-linux-gnu may be hidden by files in:
      /home/hp/anaconda3/lib

  Some of these libraries may not be found correctly.

[0m
[33mCMake Warning at CMakeLists.txt:177 (add_executable):
  Cannot generate a safe runtime search path for target
  lifelong_slam_toolbox_node because files in some directories may conflict
  with libraries in implicit directories:

    runtime library [libfreetype.so.6] in /usr/lib/x86_64-linux-gnu may be hidden by files in:
      /home/hp/anaconda3/lib
    runtime library [libcurl.so.4] in /usr/lib/x86_64-linux-gnu may be hidden by files in:
      /home/hp/anaconda3/lib
    runtime library [libz.so.1] in /usr/lib/x86_64-linux-gnu may be hidden by files in:
      /home/hp/anaconda3/lib
    runtime library [libtbb.so.12] in /usr/lib/x86_64-linux-gnu may be hidden by files in:
      /home/hp/anaconda3/lib

  Some of these libraries may not be found correctly.

[0m
[33mCMake Warning at CMakeLists.txt:180 (add_library):
  Cannot generate a safe runtime search path for target
  map_and_localization_slam_toolbox because files in some directories may
  conflict with libraries in implicit directories:

    runtime library [libfreetype.so.6] in /usr/lib/x86_64-linux-gnu may be hidden by files in:
      /home/hp/anaconda3/lib
    runtime library [libcurl.so.4] in /usr/lib/x86_64-linux-gnu may be hidden by files in:
      /home/hp/anaconda3/lib
    runtime library [libz.so.1] in /usr/lib/x86_64-linux-gnu may be hidden by files in:
      /home/hp/anaconda3/lib
    runtime library [libtbb.so.12] in /usr/lib/x86_64-linux-gnu may be hidden by files in:
      /home/hp/anaconda3/lib

  Some of these libraries may not be found correctly.

[0m
[33mCMake Warning at CMakeLists.txt:182 (add_executable):
  Cannot generate a safe runtime search path for target
  map_and_localization_slam_toolbox_node because files in some directories
  may conflict with libraries in implicit directories:

    runtime library [libfreetype.so.6] in /usr/lib/x86_64-linux-gnu may be hidden by files in:
      /home/hp/anaconda3/lib
    runtime library [libcurl.so.4] in /usr/lib/x86_64-linux-gnu may be hidden by files in:
      /home/hp/anaconda3/lib
    runtime library [libz.so.1] in /usr/lib/x86_64-linux-gnu may be hidden by files in:
      /home/hp/anaconda3/lib
    runtime library [libtbb.so.12] in /usr/lib/x86_64-linux-gnu may be hidden by files in:
      /home/hp/anaconda3/lib

  Some of these libraries may not be found correctly.

[0m
[33mCMake Warning at CMakeLists.txt:186 (add_executable):
  Cannot generate a safe runtime search path for target merge_maps_kinematic
  because files in some directories may conflict with libraries in implicit
  directories:

    runtime library [libtbb.so.12] in /usr/lib/x86_64-linux-gnu may be hidden by files in:
      /home/hp/anaconda3/lib
    runtime library [libfreetype.so.6] in /usr/lib/x86_64-linux-gnu may be hidden by files in:
      /home/hp/anaconda3/lib
    runtime library [libcurl.so.4] in /usr/lib/x86_64-linux-gnu may be hidden by files in:
      /home/hp/anaconda3/lib
    runtime library [libz.so.1] in /usr/lib/x86_64-linux-gnu may be hidden by files in:
      /home/hp/anaconda3/lib

  Some of these libraries may not be found correctly.

[0m
[33mCMake Warning at lib/karto_sdk/CMakeLists.txt:31 (add_library):
  Cannot generate a safe runtime search path for target kartoSlamToolbox
  because files in some directories may conflict with libraries in implicit
  directories:

    runtime library [libtbb.so.12] in /usr/lib/x86_64-linux-gnu may be hidden by files in:
      /home/hp/anaconda3/lib

  Some of these libraries may not be found correctly.

[0m
In file included from [01m[K/home/hp/ROS2_WS/src/slam_toolbox/lib/karto_sdk/src/Karto.cpp:27[m[K:
[01m[K/home/hp/ROS2_WS/src/slam_toolbox/lib/karto_sdk/include/karto_sdk/Karto.h:5513:24:[m[K [01;31m[Kerror: [m[Kâ€˜[01m[Kconst karto::Pose2& karto::LocalizedRangeScan::GetOdometricPose() const[m[Kâ€™ cannot be overloaded with â€˜[01m[Kconst karto::Pose2& karto::LocalizedRangeScan::GetOdometricPose() const[m[Kâ€™
 5513 |   inline const Pose2 & [01;31m[KGetOdometricPose[m[K() const
      |                        [01;31m[K^~~~~~~~~~~~~~~~[m[K
[01m[K/home/hp/ROS2_WS/src/slam_toolbox/lib/karto_sdk/include/karto_sdk/Karto.h:5453:16:[m[K [01;36m[Knote: [m[Kprevious declaration â€˜[01m[Kconst karto::Pose2& karto::LocalizedRangeScan::GetOdometricPose() const[m[Kâ€™
 5453 |   const Pose2& [01;36m[KGetOdometricPose[m[K() const { return m_OdometricPose; }
      |                [01;36m[K^~~~~~~~~~~~~~~~[m[K
[01m[K/home/hp/ROS2_WS/src/slam_toolbox/lib/karto_sdk/include/karto_sdk/Karto.h:5535:24:[m[K [01;31m[Kerror: [m[Kâ€˜[01m[Kconst karto::Pose2& karto::LocalizedRangeScan::GetCorrectedPose() const[m[Kâ€™ cannot be overloaded with â€˜[01m[Kconst karto::Pose2& karto::LocalizedRangeScan::GetCorrectedPose() const[m[Kâ€™
 5535 |   inline const Pose2 & [01;31m[KGetCorrectedPose[m[K() const
      |                        [01;31m[K^~~~~~~~~~~~~~~~[m[K
[01m[K/home/hp/ROS2_WS/src/slam_toolbox/lib/karto_sdk/include/karto_sdk/Karto.h:5454:16:[m[K [01;36m[Knote: [m[Kprevious declaration â€˜[01m[Kconst karto::Pose2& karto::LocalizedRangeScan::GetCorrectedPose() const[m[Kâ€™
 5454 |   const Pose2& [01;36m[KGetCorrectedPose[m[K() const { return m_CorrectedPose; }
      |                [01;36m[K^~~~~~~~~~~~~~~~[m[K
[01m[K/home/hp/ROS2_WS/src/slam_toolbox/lib/karto_sdk/include/karto_sdk/Karto.h:5565:24:[m[K [01;31m[Kerror: [m[Kâ€˜[01m[Kconst karto::Pose2& karto::LocalizedRangeScan::GetBarycenterPose() const[m[Kâ€™ cannot be overloaded with â€˜[01m[Kconst karto::Pose2& karto::LocalizedRangeScan::GetBarycenterPose() const[m[Kâ€™
 5565 |   inline const Pose2 & [01;31m[KGetBarycenterPose[m[K() const
      |                        [01;31m[K^~~~~~~~~~~~~~~~~[m[K
[01m[K/home/hp/ROS2_WS/src/slam_toolbox/lib/karto_sdk/include/karto_sdk/Karto.h:5455:16:[m[K [01;36m[Knote: [m[Kprevious declaration â€˜[01m[Kconst karto::Pose2& karto::LocalizedRangeScan::GetBarycenterPose() const[m[Kâ€™
 5455 |   const Pose2& [01;36m[KGetBarycenterPose[m[K() const { return m_BarycenterPose; }
      |                [01;36m[K^~~~~~~~~~~~~~~~~[m[K
[01m[K/home/hp/ROS2_WS/src/slam_toolbox/lib/karto_sdk/include/karto_sdk/Karto.h:5659:31:[m[K [01;31m[Kerror: [m[Kâ€˜[01m[Kconst karto::BoundingBox2& karto::LocalizedRangeScan::GetBoundingBox() const[m[Kâ€™ cannot be overloaded with â€˜[01m[Kconst karto::BoundingBox2& karto::LocalizedRangeScan::GetBoundingBox() const[m[Kâ€™
 5659 |   inline const BoundingBox2 & [01;31m[KGetBoundingBox[m[K() const
      |                               [01;31m[K^~~~~~~~~~~~~~[m[K
[01m[K/home/hp/ROS2_WS/src/slam_toolbox/lib/karto_sdk/include/karto_sdk/Karto.h:5459:23:[m[K [01;36m[Knote: [m[Kprevious declaration â€˜[01m[Kconst karto::BoundingBox2& karto::LocalizedRangeScan::GetBoundingBox() const[m[Kâ€™
 5459 |   const BoundingBox2& [01;36m[KGetBoundingBox[m[K() const { return m_BoundingBox; }
      |                       [01;36m[K^~~~~~~~~~~~~~[m[K
[01m[K/home/hp/ROS2_WS/src/slam_toolbox/lib/karto_sdk/include/karto_sdk/Karto.h:[m[K In member function â€˜[01m[Kvoid karto::GridIndexLookup<T>::ComputeOffsets(karto::LocalizedRangeScan*, kt_double, kt_double, kt_double)[m[Kâ€™:
[01m[K/home/hp/ROS2_WS/src/slam_toolbox/lib/karto_sdk/include/karto_sdk/Karto.h:6881:71:[m[K [01;31m[Kerror: [m[Kcall of overloaded â€˜[01m[KGetPointReadings()[m[Kâ€™ is ambiguous
 6881 |     const PointVectorDouble & rPointReadings = [01;31m[KpScan->GetPointReadings()[m[K;
      |                                                [01;31m[K~~~~~~~~~~~~~~~~~~~~~~~^~[m[K
[01m[K/home/hp/ROS2_WS/src/slam_toolbox/lib/karto_sdk/include/karto_sdk/Karto.h:5457:42:[m[K [01;36m[Knote: [m[Kcandidate: â€˜[01m[Kconst std::vector<karto::Vector2<double> >& karto::LocalizedRangeScan::GetPointReadings() const[m[Kâ€™
 5457 |   const std::vector<Vector2<kt_double>>& [01;36m[KGetPointReadings[m[K() const { return m_PointReadings; }
      |                                          [01;36m[K^~~~~~~~~~~~~~~~[m[K
[01m[K/home/hp/ROS2_WS/src/slam_toolbox/lib/karto_sdk/include/karto_sdk/Karto.h:5680:36:[m[K [01;36m[Knote: [m[Kcandidate: â€˜[01m[Kconst PointVectorDouble& karto::LocalizedRangeScan::GetPointReadings(kt_bool) const[m[Kâ€™
 5680 |   inline const PointVectorDouble & [01;36m[KGetPointReadings[m[K(kt_bool wantFiltered = false) const
      |                                    [01;36m[K^~~~~~~~~~~~~~~~[m[K
In file included from [01m[K/home/hp/ROS2_WS/src/slam_toolbox/lib/karto_sdk/include/karto_sdk/Mapper.h:36[m[K,
                 from [01m[K/home/hp/ROS2_WS/src/slam_toolbox/lib/karto_sdk/src/Mapper.cpp:36[m[K:
[01m[K/home/hp/ROS2_WS/src/slam_toolbox/lib/karto_sdk/include/karto_sdk/Karto.h:5513:24:[m[K [01;31m[Kerror: [m[Kâ€˜[01m[Kconst karto::Pose2& karto::LocalizedRangeScan::GetOdometricPose() const[m[Kâ€™ cannot be overloaded with â€˜[01m[Kconst karto::Pose2& karto::LocalizedRangeScan::GetOdometricPose() const[m[Kâ€™
 5513 |   inline const Pose2 & [01;31m[KGetOdometricPose[m[K() const
      |                        [01;31m[K^~~~~~~~~~~~~~~~[m[K
[01m[K/home/hp/ROS2_WS/src/slam_toolbox/lib/karto_sdk/include/karto_sdk/Karto.h:5453:16:[m[K [01;36m[Knote: [m[Kprevious declaration â€˜[01m[Kconst karto::Pose2& karto::LocalizedRangeScan::GetOdometricPose() const[m[Kâ€™
 5453 |   const Pose2& [01;36m[KGetOdometricPose[m[K() const { return m_OdometricPose; }
      |                [01;36m[K^~~~~~~~~~~~~~~~[m[K
[01m[K/home/hp/ROS2_WS/src/slam_toolbox/lib/karto_sdk/include/karto_sdk/Karto.h:5535:24:[m[K [01;31m[Kerror: [m[Kâ€˜[01m[Kconst karto::Pose2& karto::LocalizedRangeScan::GetCorrectedPose() const[m[Kâ€™ cannot be overloaded with â€˜[01m[Kconst karto::Pose2& karto::LocalizedRangeScan::GetCorrectedPose() const[m[Kâ€™
 5535 |   inline const Pose2 & [01;31m[KGetCorrectedPose[m[K() const
      |                        [01;31m[K^~~~~~~~~~~~~~~~[m[K
[01m[K/home/hp/ROS2_WS/src/slam_toolbox/lib/karto_sdk/include/karto_sdk/Karto.h:5454:16:[m[K [01;36m[Knote: [m[Kprevious declaration â€˜[01m[Kconst karto::Pose2& karto::LocalizedRangeScan::GetCorrectedPose() const[m[Kâ€™
 5454 |   const Pose2& [01;36m[KGetCorrectedPose[m[K() const { return m_CorrectedPose; }
      |                [01;36m[K^~~~~~~~~~~~~~~~[m[K
[01m[K/home/hp/ROS2_WS/src/slam_toolbox/lib/karto_sdk/include/karto_sdk/Karto.h:5565:24:[m[K [01;31m[Kerror: [m[Kâ€˜[01m[Kconst karto::Pose2& karto::LocalizedRangeScan::GetBarycenterPose() const[m[Kâ€™ cannot be overloaded with â€˜[01m[Kconst karto::Pose2& karto::LocalizedRangeScan::GetBarycenterPose() const[m[Kâ€™
 5565 |   inline const Pose2 & [01;31m[KGetBarycenterPose[m[K() const
      |                        [01;31m[K^~~~~~~~~~~~~~~~~[m[K
[01m[K/home/hp/ROS2_WS/src/slam_toolbox/lib/karto_sdk/include/karto_sdk/Karto.h:5455:16:[m[K [01;36m[Knote: [m[Kprevious declaration â€˜[01m[Kconst karto::Pose2& karto::LocalizedRangeScan::GetBarycenterPose() const[m[Kâ€™
 5455 |   const Pose2& [01;36m[KGetBarycenterPose[m[K() const { return m_BarycenterPose; }
      |                [01;36m[K^~~~~~~~~~~~~~~~~[m[K
[01m[K/home/hp/ROS2_WS/src/slam_toolbox/lib/karto_sdk/include/karto_sdk/Karto.h:5659:31:[m[K [01;31m[Kerror: [m[Kâ€˜[01m[Kconst karto::BoundingBox2& karto::LocalizedRangeScan::GetBoundingBox() const[m[Kâ€™ cannot be overloaded with â€˜[01m[Kconst karto::BoundingBox2& karto::LocalizedRangeScan::GetBoundingBox() const[m[Kâ€™
 5659 |   inline const BoundingBox2 & [01;31m[KGetBoundingBox[m[K() const
      |                               [01;31m[K^~~~~~~~~~~~~~[m[K
[01m[K/home/hp/ROS2_WS/src/slam_toolbox/lib/karto_sdk/include/karto_sdk/Karto.h:5459:23:[m[K [01;36m[Knote: [m[Kprevious declaration â€˜[01m[Kconst karto::BoundingBox2& karto::LocalizedRangeScan::GetBoundingBox() const[m[Kâ€™
 5459 |   const BoundingBox2& [01;36m[KGetBoundingBox[m[K() const { return m_BoundingBox; }
      |                       [01;36m[K^~~~~~~~~~~~~~[m[K
[01m[K/home/hp/ROS2_WS/src/slam_toolbox/lib/karto_sdk/include/karto_sdk/Karto.h:[m[K In member function â€˜[01m[Kvoid karto::GridIndexLookup<T>::ComputeOffsets(karto::LocalizedRangeScan*, kt_double, kt_double, kt_double)[m[Kâ€™:
[01m[K/home/hp/ROS2_WS/src/slam_toolbox/lib/karto_sdk/include/karto_sdk/Karto.h:6881:71:[m[K [01;31m[Kerror: [m[Kcall of overloaded â€˜[01m[KGetPointReadings()[m[Kâ€™ is ambiguous
 6881 |     const PointVectorDouble & rPointReadings = [01;31m[KpScan->GetPointReadings()[m[K;
      |                                                [01;31m[K~~~~~~~~~~~~~~~~~~~~~~~^~[m[K
[01m[K/home/hp/ROS2_WS/src/slam_toolbox/lib/karto_sdk/include/karto_sdk/Karto.h:5457:42:[m[K [01;36m[Knote: [m[Kcandidate: â€˜[01m[Kconst std::vector<karto::Vector2<double> >& karto::LocalizedRangeScan::GetPointReadings() const[m[Kâ€™
 5457 |   const std::vector<Vector2<kt_double>>& [01;36m[KGetPointReadings[m[K() const { return m_PointReadings; }
      |                                          [01;36m[K^~~~~~~~~~~~~~~~[m[K
[01m[K/home/hp/ROS2_WS/src/slam_toolbox/lib/karto_sdk/include/karto_sdk/Karto.h:5680:36:[m[K [01;36m[Knote: [m[Kcandidate: â€˜[01m[Kconst PointVectorDouble& karto::LocalizedRangeScan::GetPointReadings(kt_bool) const[m[Kâ€™
 5680 |   inline const PointVectorDouble & [01;36m[KGetPointReadings[m[K(kt_bool wantFiltered = false) const
      |                                    [01;36m[K^~~~~~~~~~~~~~~~[m[K
gmake[2]: *** [lib/karto_sdk/CMakeFiles/kartoSlamToolbox.dir/build.make:76: lib/karto_sdk/CMakeFiles/kartoSlamToolbox.dir/src/Karto.cpp.o] Error 1
gmake[2]: *** Waiting for unfinished jobs....
[01m[K/home/hp/ROS2_WS/src/slam_toolbox/lib/karto_sdk/src/Mapper.cpp:[m[K In member function â€˜[01m[Kkarto::PointVectorDouble karto::ScanMatcher::FindValidPoints(karto::LocalizedRangeScan*, const karto::Vector2<double>&) const[m[Kâ€™:
[01m[K/home/hp/ROS2_WS/src/slam_toolbox/lib/karto_sdk/src/Mapper.cpp:1159:69:[m[K [01;31m[Kerror: [m[Kcall of overloaded â€˜[01m[KGetPointReadings()[m[Kâ€™ is ambiguous
 1159 |   const PointVectorDouble & rPointReadings = [01;31m[KpScan->GetPointReadings()[m[K;
      |                                              [01;31m[K~~~~~~~~~~~~~~~~~~~~~~~^~[m[K
In file included from [01m[K/home/hp/ROS2_WS/src/slam_toolbox/lib/karto_sdk/include/karto_sdk/Mapper.h:36[m[K,
                 from [01m[K/home/hp/ROS2_WS/src/slam_toolbox/lib/karto_sdk/src/Mapper.cpp:36[m[K:
[01m[K/home/hp/ROS2_WS/src/slam_toolbox/lib/karto_sdk/include/karto_sdk/Karto.h:5457:42:[m[K [01;36m[Knote: [m[Kcandidate: â€˜[01m[Kconst std::vector<karto::Vector2<double> >& karto::LocalizedRangeScan::GetPointReadings() const[m[Kâ€™
 5457 |   const std::vector<Vector2<kt_double>>& [01;36m[KGetPointReadings[m[K() const { return m_PointReadings; }
      |                                          [01;36m[K^~~~~~~~~~~~~~~~[m[K
[01m[K/home/hp/ROS2_WS/src/slam_toolbox/lib/karto_sdk/include/karto_sdk/Karto.h:5680:36:[m[K [01;36m[Knote: [m[Kcandidate: â€˜[01m[Kconst PointVectorDouble& karto::LocalizedRangeScan::GetPointReadings(kt_bool) const[m[Kâ€™
 5680 |   inline const PointVectorDouble & [01;36m[KGetPointReadings[m[K(kt_bool wantFiltered = false) const
      |                                    [01;36m[K^~~~~~~~~~~~~~~~[m[K
gmake[2]: *** [lib/karto_sdk/CMakeFiles/kartoSlamToolbox.dir/build.make:90: lib/karto_sdk/CMakeFiles/kartoSlamToolbox.dir/src/Mapper.cpp.o] Error 1
gmake[1]: *** [CMakeFiles/Makefile2:1045: lib/karto_sdk/CMakeFiles/kartoSlamToolbox.dir/all] Error 2
gmake: *** [Makefile:146: all] Error 2
