-- Found ament_cmake: 1.3.9 (/opt/ros/humble/share/ament_cmake/cmake)
-- Override CMake install command with custom implementation using symlinks instead of copying resources
-- Found message_filters: 4.3.4 (/opt/ros/humble/share/message_filters/cmake)
-- Found rosidl_generator_c: 3.1.5 (/opt/ros/humble/share/rosidl_generator_c/cmake)
-- Found rosidl_adapter: 3.1.5 (/opt/ros/humble/share/rosidl_adapter/cmake)
-- Found rosidl_generator_cpp: 3.1.5 (/opt/ros/humble/share/rosidl_generator_cpp/cmake)
-- Using all available rosidl_typesupport_c: rosidl_typesupport_fastrtps_c;rosidl_typesupport_introspection_c
-- Using all available rosidl_typesupport_cpp: rosidl_typesupport_fastrtps_cpp;rosidl_typesupport_introspection_cpp
-- Found rmw_implementation_cmake: 6.1.2 (/opt/ros/humble/share/rmw_implementation_cmake/cmake)
-- Found rmw_cyclonedds_cpp: 1.3.4 (/opt/ros/humble/share/rmw_cyclonedds_cpp/cmake)
-- Using RMW implementation 'rmw_cyclonedds_cpp' as default
-- Found nav_msgs: 4.2.3 (/opt/ros/humble/share/nav_msgs/cmake)
-- Found sensor_msgs: 4.2.3 (/opt/ros/humble/share/sensor_msgs/cmake)
-- Found tf2: 0.25.6 (/opt/ros/humble/share/tf2/cmake)
-- Found tf2_ros: 0.25.6 (/opt/ros/humble/share/tf2_ros/cmake)
-- Found visualization_msgs: 4.2.3 (/opt/ros/humble/share/visualization_msgs/cmake)
-- Found pluginlib: 5.1.0 (/opt/ros/humble/share/pluginlib/cmake)
-- Found tf2_geometry_msgs: 0.25.6 (/opt/ros/humble/share/tf2_geometry_msgs/cmake)
-- Found eigen3_cmake_module: 0.1.1 (/opt/ros/humble/share/eigen3_cmake_module/cmake)
-- Ensuring Eigen3 include directory is part of orocos-kdl CMake target
-- Found tf2_sensor_msgs: 0.25.6 (/opt/ros/humble/share/tf2_sensor_msgs/cmake)
-- Found std_srvs: 4.2.3 (/opt/ros/humble/share/std_srvs/cmake)
-- Found rosidl_default_generators: 1.2.0 (/opt/ros/humble/share/rosidl_default_generators/cmake)
-- Found lifecycle_msgs: 1.2.1 (/opt/ros/humble/share/lifecycle_msgs/cmake)
-- Found bondcpp: 3.0.2 (/opt/ros/humble/share/bondcpp/cmake)
-- Found rviz_common: 11.2.12 (/opt/ros/humble/share/rviz_common/cmake)
-- Setting OGRE_DIR to: '/opt/ros/humble/share/rviz_ogre_vendor/cmake/../../../opt/rviz_ogre_vendor/lib/OGRE/cmake'
-- Found OGRE
--   static     : OFF
--   components : HLMS;MeshLodGenerator;Overlay;Paging;Property;RTShaderSystem;Terrain;Volume
--   plugins    : Plugin_BSPSceneManager;Plugin_OctreeSceneManager;Plugin_PCZSceneManager;Plugin_ParticleFX;RenderSystem_GL;RenderSystem_GL3Plus;Codec_STBI
--   media      : /opt/ros/humble/opt/rviz_ogre_vendor/share/OGRE/Media
-- OGRE_LIBRARIES: OgreHLMS;OgreMeshLodGenerator;OgreOverlay;OgrePaging;OgreProperty;OgreRTShaderSystem;OgreTerrain;OgreVolume;OgreMain
-- OGRE_LIBRARY_DIRS: /opt/ros/humble/opt/rviz_ogre_vendor/lib
-- OGRE_PLUGINS: Plugin_BSPSceneManager;Plugin_OctreeSceneManager;Plugin_PCZSceneManager;Plugin_ParticleFX;RenderSystem_GL;RenderSystem_GL3Plus;Codec_STBI
-- OGRE_PLUGIN_DIR: /opt/ros/humble/opt/rviz_ogre_vendor/lib/OGRE
-- rviz_ogre_vendor::OgreOverlay for IMPORTED_LOCATION_RELEASE: /opt/ros/humble/opt/rviz_ogre_vendor/lib/libOgreOverlay.so
-- rviz_ogre_vendor::OgreOverlay for IMPORTED_LOCATION_DEBUG: /opt/ros/humble/opt/rviz_ogre_vendor/lib/libOgreOverlay.so
-- rviz_ogre_vendor::OgreMain for IMPORTED_LOCATION_RELEASE: /opt/ros/humble/opt/rviz_ogre_vendor/lib/libOgreMain.so
-- rviz_ogre_vendor::OgreMain for IMPORTED_LOCATION_DEBUG: /opt/ros/humble/opt/rviz_ogre_vendor/lib/libOgreMain.so
-- rviz_ogre_vendor::RenderSystem_GL for IMPORTED_LOCATION_RELEASE: _render_system_gl_static_library_abs-NOTFOUND
-- rviz_ogre_vendor::RenderSystem_GL for IMPORTED_LOCATION_DEBUG: _render_system_gl_static_library_abs-NOTFOUND
-- library: /usr/lib/x86_64-linux-gnu/libcurl.so
-- Found rviz_default_plugins: 11.2.12 (/opt/ros/humble/share/rviz_default_plugins/cmake)
-- Found required Ceres dependency: Eigen version 3.4.0 in /usr/include/eigen3
-- Found required Ceres dependency: glog
-- Found required Ceres dependency: gflags
-- Found Ceres version: 2.0.0 installed in: /usr with components: [EigenSparse, SparseLinearAlgebraLibrary, LAPACK, SuiteSparse, CXSparse, SchurSpecializations, Multithreading]
-- Found ament_cmake_ros: 0.10.0 (/opt/ros/humble/share/ament_cmake_ros/cmake)
-- Using all available rosidl_typesupport_c: rosidl_typesupport_fastrtps_c;rosidl_typesupport_introspection_c
-- Using all available rosidl_typesupport_cpp: rosidl_typesupport_fastrtps_cpp;rosidl_typesupport_introspection_cpp
-- Found python_cmake_module: 0.10.0 (/opt/ros/humble/share/python_cmake_module/cmake)
-- Using PYTHON_EXECUTABLE: /home/hp/anaconda3/bin/python3
-- Using PYTHON_INCLUDE_DIRS: /home/hp/anaconda3/include/python3.11
-- Using PYTHON_LIBRARIES: /home/hp/anaconda3/lib/libpython3.11.so
-- Using numpy include directory: /home/hp/anaconda3/lib/python3.11/site-packages/numpy/core/include
-- Configuring done
[33mCMake Warning at CMakeLists.txt:122 (add_library):
  Cannot generate a safe runtime search path for target SlamToolboxPlugin
  because files in some directories may conflict with libraries in implicit
  directories:

    runtime library [libfreetype.so.6] in /usr/lib/x86_64-linux-gnu may be hidden by files in:
      /home/hp/anaconda3/lib
    runtime library [libz.so.1] in /usr/lib/x86_64-linux-gnu may be hidden by files in:
      /home/hp/anaconda3/lib
    runtime library [libcurl.so.4] in /usr/lib/x86_64-linux-gnu may be hidden by files in:
      /home/hp/anaconda3/lib

  Some of these libraries may not be found correctly.

[0m
[33mCMake Warning at CMakeLists.txt:140 (add_library):
  Cannot generate a safe runtime search path for target ceres_solver_plugin
  because files in some directories may conflict with libraries in implicit
  directories:

    runtime library [libfreetype.so.6] in /usr/lib/x86_64-linux-gnu may be hidden by files in:
      /home/hp/anaconda3/lib
    runtime library [libz.so.1] in /usr/lib/x86_64-linux-gnu may be hidden by files in:
      /home/hp/anaconda3/lib
    runtime library [libcurl.so.4] in /usr/lib/x86_64-linux-gnu may be hidden by files in:
      /home/hp/anaconda3/lib
    runtime library [libtbb.so.12] in /usr/lib/x86_64-linux-gnu may be hidden by files in:
      /home/hp/anaconda3/lib

  Some of these libraries may not be found correctly.

[0m
[33mCMake Warning at CMakeLists.txt:151 (add_library):
  Cannot generate a safe runtime search path for target toolbox_common
  because files in some directories may conflict with libraries in implicit
  directories:

    runtime library [libfreetype.so.6] in /usr/lib/x86_64-linux-gnu may be hidden by files in:
      /home/hp/anaconda3/lib
    runtime library [libz.so.1] in /usr/lib/x86_64-linux-gnu may be hidden by files in:
      /home/hp/anaconda3/lib
    runtime library [libcurl.so.4] in /usr/lib/x86_64-linux-gnu may be hidden by files in:
      /home/hp/anaconda3/lib
    runtime library [libtbb.so.12] in /usr/lib/x86_64-linux-gnu may be hidden by files in:
      /home/hp/anaconda3/lib

  Some of these libraries may not be found correctly.

[0m
[33mCMake Warning at CMakeLists.txt:160 (add_library):
  Cannot generate a safe runtime search path for target async_slam_toolbox
  because files in some directories may conflict with libraries in implicit
  directories:

    runtime library [libtbb.so.12] in /usr/lib/x86_64-linux-gnu may be hidden by files in:
      /home/hp/anaconda3/lib
    runtime library [libfreetype.so.6] in /usr/lib/x86_64-linux-gnu may be hidden by files in:
      /home/hp/anaconda3/lib
    runtime library [libcurl.so.4] in /usr/lib/x86_64-linux-gnu may be hidden by files in:
      /home/hp/anaconda3/lib
    runtime library [libz.so.1] in /usr/lib/x86_64-linux-gnu may be hidden by files in:
      /home/hp/anaconda3/lib

  Some of these libraries may not be found correctly.

[0m
[33mCMake Warning at CMakeLists.txt:162 (add_executable):
  Cannot generate a safe runtime search path for target
  async_slam_toolbox_node because files in some directories may conflict with
  libraries in implicit directories:

    runtime library [libfreetype.so.6] in /usr/lib/x86_64-linux-gnu may be hidden by files in:
      /home/hp/anaconda3/lib
    runtime library [libcurl.so.4] in /usr/lib/x86_64-linux-gnu may be hidden by files in:
      /home/hp/anaconda3/lib
    runtime library [libz.so.1] in /usr/lib/x86_64-linux-gnu may be hidden by files in:
      /home/hp/anaconda3/lib
    runtime library [libtbb.so.12] in /usr/lib/x86_64-linux-gnu may be hidden by files in:
      /home/hp/anaconda3/lib

  Some of these libraries may not be found correctly.

[0m
[33mCMake Warning at CMakeLists.txt:165 (add_library):
  Cannot generate a safe runtime search path for target sync_slam_toolbox
  because files in some directories may conflict with libraries in implicit
  directories:

    runtime library [libtbb.so.12] in /usr/lib/x86_64-linux-gnu may be hidden by files in:
      /home/hp/anaconda3/lib
    runtime library [libfreetype.so.6] in /usr/lib/x86_64-linux-gnu may be hidden by files in:
      /home/hp/anaconda3/lib
    runtime library [libcurl.so.4] in /usr/lib/x86_64-linux-gnu may be hidden by files in:
      /home/hp/anaconda3/lib
    runtime library [libz.so.1] in /usr/lib/x86_64-linux-gnu may be hidden by files in:
      /home/hp/anaconda3/lib

  Some of these libraries may not be found correctly.

[0m
[33mCMake Warning at CMakeLists.txt:167 (add_executable):
  Cannot generate a safe runtime search path for target
  sync_slam_toolbox_node because files in some directories may conflict with
  libraries in implicit directories:

    runtime library [libfreetype.so.6] in /usr/lib/x86_64-linux-gnu may be hidden by files in:
      /home/hp/anaconda3/lib
    runtime library [libcurl.so.4] in /usr/lib/x86_64-linux-gnu may be hidden by files in:
      /home/hp/anaconda3/lib
    runtime library [libz.so.1] in /usr/lib/x86_64-linux-gnu may be hidden by files in:
      /home/hp/anaconda3/lib
    runtime library [libtbb.so.12] in /usr/lib/x86_64-linux-gnu may be hidden by files in:
      /home/hp/anaconda3/lib

  Some of these libraries may not be found correctly.

[0m
[33mCMake Warning at CMakeLists.txt:170 (add_library):
  Cannot generate a safe runtime search path for target
  localization_slam_toolbox because files in some directories may conflict
  with libraries in implicit directories:

    runtime library [libtbb.so.12] in /usr/lib/x86_64-linux-gnu may be hidden by files in:
      /home/hp/anaconda3/lib
    runtime library [libfreetype.so.6] in /usr/lib/x86_64-linux-gnu may be hidden by files in:
      /home/hp/anaconda3/lib
    runtime library [libcurl.so.4] in /usr/lib/x86_64-linux-gnu may be hidden by files in:
      /home/hp/anaconda3/lib
    runtime library [libz.so.1] in /usr/lib/x86_64-linux-gnu may be hidden by files in:
      /home/hp/anaconda3/lib

  Some of these libraries may not be found correctly.

[0m
[33mCMake Warning at CMakeLists.txt:172 (add_executable):
  Cannot generate a safe runtime search path for target
  localization_slam_toolbox_node because files in some directories may
  conflict with libraries in implicit directories:

    runtime library [libfreetype.so.6] in /usr/lib/x86_64-linux-gnu may be hidden by files in:
      /home/hp/anaconda3/lib
    runtime library [libcurl.so.4] in /usr/lib/x86_64-linux-gnu may be hidden by files in:
      /home/hp/anaconda3/lib
    runtime library [libz.so.1] in /usr/lib/x86_64-linux-gnu may be hidden by files in:
      /home/hp/anaconda3/lib
    runtime library [libtbb.so.12] in /usr/lib/x86_64-linux-gnu may be hidden by files in:
      /home/hp/anaconda3/lib

  Some of these libraries may not be found correctly.

[0m
[33mCMake Warning at CMakeLists.txt:175 (add_library):
  Cannot generate a safe runtime search path for target lifelong_slam_toolbox
  because files in some directories may conflict with libraries in implicit
  directories:

    runtime library [libtbb.so.12] in /usr/lib/x86_64-linux-gnu may be hidden by files in:
      /home/hp/anaconda3/lib
    runtime library [libfreetype.so.6] in /usr/lib/x86_64-linux-gnu may be hidden by files in:
      /home/hp/anaconda3/lib
    runtime library [libcurl.so.4] in /usr/lib/x86_64-linux-gnu may be hidden by files in:
      /home/hp/anaconda3/lib
    runtime library [libz.so.1] in /usr/lib/x86_64-linux-gnu may be hidden by files in:
      /home/hp/anaconda3/lib

  Some of these libraries may not be found correctly.

[0m
[33mCMake Warning at CMakeLists.txt:177 (add_executable):
  Cannot generate a safe runtime search path for target
  lifelong_slam_toolbox_node because files in some directories may conflict
  with libraries in implicit directories:

    runtime library [libfreetype.so.6] in /usr/lib/x86_64-linux-gnu may be hidden by files in:
      /home/hp/anaconda3/lib
    runtime library [libcurl.so.4] in /usr/lib/x86_64-linux-gnu may be hidden by files in:
      /home/hp/anaconda3/lib
    runtime library [libz.so.1] in /usr/lib/x86_64-linux-gnu may be hidden by files in:
      /home/hp/anaconda3/lib
    runtime library [libtbb.so.12] in /usr/lib/x86_64-linux-gnu may be hidden by files in:
      /home/hp/anaconda3/lib

  Some of these libraries may not be found correctly.

[0m
[33mCMake Warning at CMakeLists.txt:180 (add_library):
  Cannot generate a safe runtime search path for target
  map_and_localization_slam_toolbox because files in some directories may
  conflict with libraries in implicit directories:

    runtime library [libfreetype.so.6] in /usr/lib/x86_64-linux-gnu may be hidden by files in:
      /home/hp/anaconda3/lib
    runtime library [libcurl.so.4] in /usr/lib/x86_64-linux-gnu may be hidden by files in:
      /home/hp/anaconda3/lib
    runtime library [libz.so.1] in /usr/lib/x86_64-linux-gnu may be hidden by files in:
      /home/hp/anaconda3/lib
    runtime library [libtbb.so.12] in /usr/lib/x86_64-linux-gnu may be hidden by files in:
      /home/hp/anaconda3/lib

  Some of these libraries may not be found correctly.

[0m
[33mCMake Warning at CMakeLists.txt:182 (add_executable):
  Cannot generate a safe runtime search path for target
  map_and_localization_slam_toolbox_node because files in some directories
  may conflict with libraries in implicit directories:

    runtime library [libfreetype.so.6] in /usr/lib/x86_64-linux-gnu may be hidden by files in:
      /home/hp/anaconda3/lib
    runtime library [libcurl.so.4] in /usr/lib/x86_64-linux-gnu may be hidden by files in:
      /home/hp/anaconda3/lib
    runtime library [libz.so.1] in /usr/lib/x86_64-linux-gnu may be hidden by files in:
      /home/hp/anaconda3/lib
    runtime library [libtbb.so.12] in /usr/lib/x86_64-linux-gnu may be hidden by files in:
      /home/hp/anaconda3/lib

  Some of these libraries may not be found correctly.

[0m
[33mCMake Warning at CMakeLists.txt:186 (add_executable):
  Cannot generate a safe runtime search path for target merge_maps_kinematic
  because files in some directories may conflict with libraries in implicit
  directories:

    runtime library [libtbb.so.12] in /usr/lib/x86_64-linux-gnu may be hidden by files in:
      /home/hp/anaconda3/lib
    runtime library [libfreetype.so.6] in /usr/lib/x86_64-linux-gnu may be hidden by files in:
      /home/hp/anaconda3/lib
    runtime library [libcurl.so.4] in /usr/lib/x86_64-linux-gnu may be hidden by files in:
      /home/hp/anaconda3/lib
    runtime library [libz.so.1] in /usr/lib/x86_64-linux-gnu may be hidden by files in:
      /home/hp/anaconda3/lib

  Some of these libraries may not be found correctly.

[0m
[33mCMake Warning at lib/karto_sdk/CMakeLists.txt:31 (add_library):
  Cannot generate a safe runtime search path for target kartoSlamToolbox
  because files in some directories may conflict with libraries in implicit
  directories:

    runtime library [libtbb.so.12] in /usr/lib/x86_64-linux-gnu may be hidden by files in:
      /home/hp/anaconda3/lib

  Some of these libraries may not be found correctly.

[0m
-- Generating done
-- Build files have been written to: /home/hp/ROS2_WS/src/build/slam_toolbox
[  0%] Built target slam_toolbox__cpp
[  0%] Built target ament_cmake_python_symlink_slam_toolbox
[35m[1mConsolidate compiler generated dependencies of target kartoSlamToolbox[0m
[35m[1mConsolidate compiler generated dependencies of target slam_toolbox__rosidl_typesupport_cpp[0m
[35m[1mConsolidate compiler generated dependencies of target slam_toolbox__rosidl_typesupport_fastrtps_cpp[0m
[35m[1mConsolidate compiler generated dependencies of target slam_toolbox__rosidl_typesupport_introspection_cpp[0m
[35m[1mConsolidate compiler generated dependencies of target slam_toolbox__rosidl_generator_c[0m
[ 23%] Built target slam_toolbox__rosidl_typesupport_cpp
[ 23%] Built target slam_toolbox__rosidl_typesupport_fastrtps_cpp
[ 27%] Built target slam_toolbox__rosidl_typesupport_introspection_cpp
[ 36%] Built target slam_toolbox__rosidl_generator_c
[35m[1mConsolidate compiler generated dependencies of target SlamToolboxPlugin[0m
[35m[1mConsolidate compiler generated dependencies of target slam_toolbox__rosidl_typesupport_fastrtps_c[0m
[35m[1mConsolidate compiler generated dependencies of target slam_toolbox__rosidl_typesupport_introspection_c[0m
[35m[1mConsolidate compiler generated dependencies of target slam_toolbox__rosidl_typesupport_c[0m
[ 45%] Built target slam_toolbox__rosidl_typesupport_fastrtps_c
[ 54%] Built target slam_toolbox__rosidl_typesupport_c
[ 63%] Built target slam_toolbox__rosidl_typesupport_introspection_c
[ 63%] Built target slam_toolbox
[ 64%] Built target slam_toolbox__py
[35m[1mConsolidate compiler generated dependencies of target slam_toolbox__rosidl_generator_py[0m
[ 72%] Built target slam_toolbox__rosidl_generator_py
[35m[1mConsolidate compiler generated dependencies of target slam_toolbox__rosidl_typesupport_introspection_c__pyext[0m
[35m[1mConsolidate compiler generated dependencies of target slam_toolbox__rosidl_typesupport_fastrtps_c__pyext[0m
[35m[1mConsolidate compiler generated dependencies of target slam_toolbox__rosidl_typesupport_c__pyext[0m
[ 75%] Built target slam_toolbox__rosidl_typesupport_introspection_c__pyext
[ 75%] Built target slam_toolbox__rosidl_typesupport_c__pyext
[ 75%] Built target slam_toolbox__rosidl_typesupport_fastrtps_c__pyext
[ 75%] [32m[1mLinking CXX shared library libSlamToolboxPlugin.so[0m
[ 76%] [32mBuilding CXX object lib/karto_sdk/CMakeFiles/kartoSlamToolbox.dir/src/Karto.cpp.o[0m
[ 77%] [32mBuilding CXX object lib/karto_sdk/CMakeFiles/kartoSlamToolbox.dir/src/Mapper.cpp.o[0m
[ 79%] Built target SlamToolboxPlugin
running egg_info
writing slam_toolbox.egg-info/PKG-INFO
writing dependency_links to slam_toolbox.egg-info/dependency_links.txt
writing top-level names to slam_toolbox.egg-info/top_level.txt
reading manifest file 'slam_toolbox.egg-info/SOURCES.txt'
writing manifest file 'slam_toolbox.egg-info/SOURCES.txt'
[ 79%] Built target ament_cmake_python_build_slam_toolbox_egg
In file included from [01m[K/home/hp/ROS2_WS/src/slam_toolbox/lib/karto_sdk/src/Karto.cpp:27[m[K:
[01m[K/home/hp/ROS2_WS/src/slam_toolbox/lib/karto_sdk/include/karto_sdk/Karto.h:5513:24:[m[K [01;31m[Kerror: [m[Kâ€˜[01m[Kconst karto::Pose2& karto::LocalizedRangeScan::GetOdometricPose() const[m[Kâ€™ cannot be overloaded with â€˜[01m[Kconst karto::Pose2& karto::LocalizedRangeScan::GetOdometricPose() const[m[Kâ€™
 5513 |   inline const Pose2 & [01;31m[KGetOdometricPose[m[K() const
      |                        [01;31m[K^~~~~~~~~~~~~~~~[m[K
[01m[K/home/hp/ROS2_WS/src/slam_toolbox/lib/karto_sdk/include/karto_sdk/Karto.h:5453:16:[m[K [01;36m[Knote: [m[Kprevious declaration â€˜[01m[Kconst karto::Pose2& karto::LocalizedRangeScan::GetOdometricPose() const[m[Kâ€™
 5453 |   const Pose2& [01;36m[KGetOdometricPose[m[K() const { return m_OdometricPose; }
      |                [01;36m[K^~~~~~~~~~~~~~~~[m[K
[01m[K/home/hp/ROS2_WS/src/slam_toolbox/lib/karto_sdk/include/karto_sdk/Karto.h:5535:24:[m[K [01;31m[Kerror: [m[Kâ€˜[01m[Kconst karto::Pose2& karto::LocalizedRangeScan::GetCorrectedPose() const[m[Kâ€™ cannot be overloaded with â€˜[01m[Kconst karto::Pose2& karto::LocalizedRangeScan::GetCorrectedPose() const[m[Kâ€™
 5535 |   inline const Pose2 & [01;31m[KGetCorrectedPose[m[K() const
      |                        [01;31m[K^~~~~~~~~~~~~~~~[m[K
[01m[K/home/hp/ROS2_WS/src/slam_toolbox/lib/karto_sdk/include/karto_sdk/Karto.h:5454:16:[m[K [01;36m[Knote: [m[Kprevious declaration â€˜[01m[Kconst karto::Pose2& karto::LocalizedRangeScan::GetCorrectedPose() const[m[Kâ€™
 5454 |   const Pose2& [01;36m[KGetCorrectedPose[m[K() const { return m_CorrectedPose; }
      |                [01;36m[K^~~~~~~~~~~~~~~~[m[K
[01m[K/home/hp/ROS2_WS/src/slam_toolbox/lib/karto_sdk/include/karto_sdk/Karto.h:5565:24:[m[K [01;31m[Kerror: [m[Kâ€˜[01m[Kconst karto::Pose2& karto::LocalizedRangeScan::GetBarycenterPose() const[m[Kâ€™ cannot be overloaded with â€˜[01m[Kconst karto::Pose2& karto::LocalizedRangeScan::GetBarycenterPose() const[m[Kâ€™
 5565 |   inline const Pose2 & [01;31m[KGetBarycenterPose[m[K() const
      |                        [01;31m[K^~~~~~~~~~~~~~~~~[m[K
[01m[K/home/hp/ROS2_WS/src/slam_toolbox/lib/karto_sdk/include/karto_sdk/Karto.h:5455:16:[m[K [01;36m[Knote: [m[Kprevious declaration â€˜[01m[Kconst karto::Pose2& karto::LocalizedRangeScan::GetBarycenterPose() const[m[Kâ€™
 5455 |   const Pose2& [01;36m[KGetBarycenterPose[m[K() const { return m_BarycenterPose; }
      |                [01;36m[K^~~~~~~~~~~~~~~~~[m[K
[01m[K/home/hp/ROS2_WS/src/slam_toolbox/lib/karto_sdk/include/karto_sdk/Karto.h:5659:31:[m[K [01;31m[Kerror: [m[Kâ€˜[01m[Kconst karto::BoundingBox2& karto::LocalizedRangeScan::GetBoundingBox() const[m[Kâ€™ cannot be overloaded with â€˜[01m[Kconst karto::BoundingBox2& karto::LocalizedRangeScan::GetBoundingBox() const[m[Kâ€™
 5659 |   inline const BoundingBox2 & [01;31m[KGetBoundingBox[m[K() const
      |                               [01;31m[K^~~~~~~~~~~~~~[m[K
[01m[K/home/hp/ROS2_WS/src/slam_toolbox/lib/karto_sdk/include/karto_sdk/Karto.h:5459:23:[m[K [01;36m[Knote: [m[Kprevious declaration â€˜[01m[Kconst karto::BoundingBox2& karto::LocalizedRangeScan::GetBoundingBox() const[m[Kâ€™
 5459 |   const BoundingBox2& [01;36m[KGetBoundingBox[m[K() const { return m_BoundingBox; }
      |                       [01;36m[K^~~~~~~~~~~~~~[m[K
[01m[K/home/hp/ROS2_WS/src/slam_toolbox/lib/karto_sdk/include/karto_sdk/Karto.h:[m[K In member function â€˜[01m[Kvoid karto::GridIndexLookup<T>::ComputeOffsets(karto::LocalizedRangeScan*, kt_double, kt_double, kt_double)[m[Kâ€™:
[01m[K/home/hp/ROS2_WS/src/slam_toolbox/lib/karto_sdk/include/karto_sdk/Karto.h:6881:71:[m[K [01;31m[Kerror: [m[Kcall of overloaded â€˜[01m[KGetPointReadings()[m[Kâ€™ is ambiguous
 6881 |     const PointVectorDouble & rPointReadings = [01;31m[KpScan->GetPointReadings()[m[K;
      |                                                [01;31m[K~~~~~~~~~~~~~~~~~~~~~~~^~[m[K
[01m[K/home/hp/ROS2_WS/src/slam_toolbox/lib/karto_sdk/include/karto_sdk/Karto.h:5457:42:[m[K [01;36m[Knote: [m[Kcandidate: â€˜[01m[Kconst std::vector<karto::Vector2<double> >& karto::LocalizedRangeScan::GetPointReadings() const[m[Kâ€™
 5457 |   const std::vector<Vector2<kt_double>>& [01;36m[KGetPointReadings[m[K() const { return m_PointReadings; }
      |                                          [01;36m[K^~~~~~~~~~~~~~~~[m[K
[01m[K/home/hp/ROS2_WS/src/slam_toolbox/lib/karto_sdk/include/karto_sdk/Karto.h:5680:36:[m[K [01;36m[Knote: [m[Kcandidate: â€˜[01m[Kconst PointVectorDouble& karto::LocalizedRangeScan::GetPointReadings(kt_bool) const[m[Kâ€™
 5680 |   inline const PointVectorDouble & [01;36m[KGetPointReadings[m[K(kt_bool wantFiltered = false) const
      |                                    [01;36m[K^~~~~~~~~~~~~~~~[m[K
In file included from [01m[K/home/hp/ROS2_WS/src/slam_toolbox/lib/karto_sdk/include/karto_sdk/Mapper.h:36[m[K,
                 from [01m[K/home/hp/ROS2_WS/src/slam_toolbox/lib/karto_sdk/src/Mapper.cpp:36[m[K:
[01m[K/home/hp/ROS2_WS/src/slam_toolbox/lib/karto_sdk/include/karto_sdk/Karto.h:5513:24:[m[K [01;31m[Kerror: [m[Kâ€˜[01m[Kconst karto::Pose2& karto::LocalizedRangeScan::GetOdometricPose() const[m[Kâ€™ cannot be overloaded with â€˜[01m[Kconst karto::Pose2& karto::LocalizedRangeScan::GetOdometricPose() const[m[Kâ€™
 5513 |   inline const Pose2 & [01;31m[KGetOdometricPose[m[K() const
      |                        [01;31m[K^~~~~~~~~~~~~~~~[m[K
[01m[K/home/hp/ROS2_WS/src/slam_toolbox/lib/karto_sdk/include/karto_sdk/Karto.h:5453:16:[m[K [01;36m[Knote: [m[Kprevious declaration â€˜[01m[Kconst karto::Pose2& karto::LocalizedRangeScan::GetOdometricPose() const[m[Kâ€™
 5453 |   const Pose2& [01;36m[KGetOdometricPose[m[K() const { return m_OdometricPose; }
      |                [01;36m[K^~~~~~~~~~~~~~~~[m[K
[01m[K/home/hp/ROS2_WS/src/slam_toolbox/lib/karto_sdk/include/karto_sdk/Karto.h:5535:24:[m[K [01;31m[Kerror: [m[Kâ€˜[01m[Kconst karto::Pose2& karto::LocalizedRangeScan::GetCorrectedPose() const[m[Kâ€™ cannot be overloaded with â€˜[01m[Kconst karto::Pose2& karto::LocalizedRangeScan::GetCorrectedPose() const[m[Kâ€™
 5535 |   inline const Pose2 & [01;31m[KGetCorrectedPose[m[K() const
      |                        [01;31m[K^~~~~~~~~~~~~~~~[m[K
[01m[K/home/hp/ROS2_WS/src/slam_toolbox/lib/karto_sdk/include/karto_sdk/Karto.h:5454:16:[m[K [01;36m[Knote: [m[Kprevious declaration â€˜[01m[Kconst karto::Pose2& karto::LocalizedRangeScan::GetCorrectedPose() const[m[Kâ€™
 5454 |   const Pose2& [01;36m[KGetCorrectedPose[m[K() const { return m_CorrectedPose; }
      |                [01;36m[K^~~~~~~~~~~~~~~~[m[K
[01m[K/home/hp/ROS2_WS/src/slam_toolbox/lib/karto_sdk/include/karto_sdk/Karto.h:5565:24:[m[K [01;31m[Kerror: [m[Kâ€˜[01m[Kconst karto::Pose2& karto::LocalizedRangeScan::GetBarycenterPose() const[m[Kâ€™ cannot be overloaded with â€˜[01m[Kconst karto::Pose2& karto::LocalizedRangeScan::GetBarycenterPose() const[m[Kâ€™
 5565 |   inline const Pose2 & [01;31m[KGetBarycenterPose[m[K() const
      |                        [01;31m[K^~~~~~~~~~~~~~~~~[m[K
[01m[K/home/hp/ROS2_WS/src/slam_toolbox/lib/karto_sdk/include/karto_sdk/Karto.h:5455:16:[m[K [01;36m[Knote: [m[Kprevious declaration â€˜[01m[Kconst karto::Pose2& karto::LocalizedRangeScan::GetBarycenterPose() const[m[Kâ€™
 5455 |   const Pose2& [01;36m[KGetBarycenterPose[m[K() const { return m_BarycenterPose; }
      |                [01;36m[K^~~~~~~~~~~~~~~~~[m[K
[01m[K/home/hp/ROS2_WS/src/slam_toolbox/lib/karto_sdk/include/karto_sdk/Karto.h:5659:31:[m[K [01;31m[Kerror: [m[Kâ€˜[01m[Kconst karto::BoundingBox2& karto::LocalizedRangeScan::GetBoundingBox() const[m[Kâ€™ cannot be overloaded with â€˜[01m[Kconst karto::BoundingBox2& karto::LocalizedRangeScan::GetBoundingBox() const[m[Kâ€™
 5659 |   inline const BoundingBox2 & [01;31m[KGetBoundingBox[m[K() const
      |                               [01;31m[K^~~~~~~~~~~~~~[m[K
[01m[K/home/hp/ROS2_WS/src/slam_toolbox/lib/karto_sdk/include/karto_sdk/Karto.h:5459:23:[m[K [01;36m[Knote: [m[Kprevious declaration â€˜[01m[Kconst karto::BoundingBox2& karto::LocalizedRangeScan::GetBoundingBox() const[m[Kâ€™
 5459 |   const BoundingBox2& [01;36m[KGetBoundingBox[m[K() const { return m_BoundingBox; }
      |                       [01;36m[K^~~~~~~~~~~~~~[m[K
[01m[K/home/hp/ROS2_WS/src/slam_toolbox/lib/karto_sdk/include/karto_sdk/Karto.h:[m[K In member function â€˜[01m[Kvoid karto::GridIndexLookup<T>::ComputeOffsets(karto::LocalizedRangeScan*, kt_double, kt_double, kt_double)[m[Kâ€™:
[01m[K/home/hp/ROS2_WS/src/slam_toolbox/lib/karto_sdk/include/karto_sdk/Karto.h:6881:71:[m[K [01;31m[Kerror: [m[Kcall of overloaded â€˜[01m[KGetPointReadings()[m[Kâ€™ is ambiguous
 6881 |     const PointVectorDouble & rPointReadings = [01;31m[KpScan->GetPointReadings()[m[K;
      |                                                [01;31m[K~~~~~~~~~~~~~~~~~~~~~~~^~[m[K
[01m[K/home/hp/ROS2_WS/src/slam_toolbox/lib/karto_sdk/include/karto_sdk/Karto.h:5457:42:[m[K [01;36m[Knote: [m[Kcandidate: â€˜[01m[Kconst std::vector<karto::Vector2<double> >& karto::LocalizedRangeScan::GetPointReadings() const[m[Kâ€™
 5457 |   const std::vector<Vector2<kt_double>>& [01;36m[KGetPointReadings[m[K() const { return m_PointReadings; }
      |                                          [01;36m[K^~~~~~~~~~~~~~~~[m[K
[01m[K/home/hp/ROS2_WS/src/slam_toolbox/lib/karto_sdk/include/karto_sdk/Karto.h:5680:36:[m[K [01;36m[Knote: [m[Kcandidate: â€˜[01m[Kconst PointVectorDouble& karto::LocalizedRangeScan::GetPointReadings(kt_bool) const[m[Kâ€™
 5680 |   inline const PointVectorDouble & [01;36m[KGetPointReadings[m[K(kt_bool wantFiltered = false) const
      |                                    [01;36m[K^~~~~~~~~~~~~~~~[m[K
gmake[2]: *** [lib/karto_sdk/CMakeFiles/kartoSlamToolbox.dir/build.make:76: lib/karto_sdk/CMakeFiles/kartoSlamToolbox.dir/src/Karto.cpp.o] Error 1
gmake[2]: *** Waiting for unfinished jobs....
[01m[K/home/hp/ROS2_WS/src/slam_toolbox/lib/karto_sdk/src/Mapper.cpp:[m[K In member function â€˜[01m[Kkarto::PointVectorDouble karto::ScanMatcher::FindValidPoints(karto::LocalizedRangeScan*, const karto::Vector2<double>&) const[m[Kâ€™:
[01m[K/home/hp/ROS2_WS/src/slam_toolbox/lib/karto_sdk/src/Mapper.cpp:1159:69:[m[K [01;31m[Kerror: [m[Kcall of overloaded â€˜[01m[KGetPointReadings()[m[Kâ€™ is ambiguous
 1159 |   const PointVectorDouble & rPointReadings = [01;31m[KpScan->GetPointReadings()[m[K;
      |                                              [01;31m[K~~~~~~~~~~~~~~~~~~~~~~~^~[m[K
In file included from [01m[K/home/hp/ROS2_WS/src/slam_toolbox/lib/karto_sdk/include/karto_sdk/Mapper.h:36[m[K,
                 from [01m[K/home/hp/ROS2_WS/src/slam_toolbox/lib/karto_sdk/src/Mapper.cpp:36[m[K:
[01m[K/home/hp/ROS2_WS/src/slam_toolbox/lib/karto_sdk/include/karto_sdk/Karto.h:5457:42:[m[K [01;36m[Knote: [m[Kcandidate: â€˜[01m[Kconst std::vector<karto::Vector2<double> >& karto::LocalizedRangeScan::GetPointReadings() const[m[Kâ€™
 5457 |   const std::vector<Vector2<kt_double>>& [01;36m[KGetPointReadings[m[K() const { return m_PointReadings; }
      |                                          [01;36m[K^~~~~~~~~~~~~~~~[m[K
[01m[K/home/hp/ROS2_WS/src/slam_toolbox/lib/karto_sdk/include/karto_sdk/Karto.h:5680:36:[m[K [01;36m[Knote: [m[Kcandidate: â€˜[01m[Kconst PointVectorDouble& karto::LocalizedRangeScan::GetPointReadings(kt_bool) const[m[Kâ€™
 5680 |   inline const PointVectorDouble & [01;36m[KGetPointReadings[m[K(kt_bool wantFiltered = false) const
      |                                    [01;36m[K^~~~~~~~~~~~~~~~[m[K
gmake[2]: *** [lib/karto_sdk/CMakeFiles/kartoSlamToolbox.dir/build.make:90: lib/karto_sdk/CMakeFiles/kartoSlamToolbox.dir/src/Mapper.cpp.o] Error 1
gmake[1]: *** [CMakeFiles/Makefile2:1045: lib/karto_sdk/CMakeFiles/kartoSlamToolbox.dir/all] Error 2
gmake: *** [Makefile:146: all] Error 2
