[0.898s] Invoking command in '/home/hp/ROS2_WS/src/build/slam_toolbox': CMAKE_PREFIX_PATH=${CMAKE_PREFIX_PATH}:/home/hp/ROS2_WS/install/my_robot_controller:/home/hp/ROS2_WS/install/my_exo:/home/hp/ROS2_WS/install/dynamic_tf:/home/hp/ROS2_WS/install/Dynamic_tf:/home/hp/ROS2_WS/install/DYNAMIC_TF:/home/hp/ROS2_WS/src/install/rosidl_pycommon:/home/hp/ROS2_WS/src/install/rosidl_cli:/home/hp/ROS2_WS/src/install/my_robot_controller:/home/hp/ROS2_WS/src/install/my_exo:/home/hp/ROS2_WS/src/install/dynamic_tf:/opt/ros/humble CONDA_PROMPT_MODIFIER=(base) /usr/bin/cmake --build /home/hp/ROS2_WS/src/build/slam_toolbox -- -j8 -l8
[0.939s] -- Found ament_cmake: 1.3.9 (/opt/ros/humble/share/ament_cmake/cmake)
[1.265s] -- Override CMake install command with custom implementation using symlinks instead of copying resources
[1.277s] -- Found message_filters: 4.3.4 (/opt/ros/humble/share/message_filters/cmake)
[1.323s] -- Found rosidl_generator_c: 3.1.5 (/opt/ros/humble/share/rosidl_generator_c/cmake)
[1.325s] -- Found rosidl_adapter: 3.1.5 (/opt/ros/humble/share/rosidl_adapter/cmake)
[1.333s] -- Found rosidl_generator_cpp: 3.1.5 (/opt/ros/humble/share/rosidl_generator_cpp/cmake)
[1.348s] -- Using all available rosidl_typesupport_c: rosidl_typesupport_fastrtps_c;rosidl_typesupport_introspection_c
[1.372s] -- Using all available rosidl_typesupport_cpp: rosidl_typesupport_fastrtps_cpp;rosidl_typesupport_introspection_cpp
[1.464s] -- Found rmw_implementation_cmake: 6.1.2 (/opt/ros/humble/share/rmw_implementation_cmake/cmake)
[1.469s] -- Found rmw_cyclonedds_cpp: 1.3.4 (/opt/ros/humble/share/rmw_cyclonedds_cpp/cmake)
[1.516s] -- Using RMW implementation 'rmw_cyclonedds_cpp' as default
[1.769s] -- Found nav_msgs: 4.2.3 (/opt/ros/humble/share/nav_msgs/cmake)
[1.929s] -- Found sensor_msgs: 4.2.3 (/opt/ros/humble/share/sensor_msgs/cmake)
[2.039s] -- Found tf2: 0.25.6 (/opt/ros/humble/share/tf2/cmake)
[2.048s] -- Found tf2_ros: 0.25.6 (/opt/ros/humble/share/tf2_ros/cmake)
[2.425s] -- Found visualization_msgs: 4.2.3 (/opt/ros/humble/share/visualization_msgs/cmake)
[2.529s] -- Found pluginlib: 5.1.0 (/opt/ros/humble/share/pluginlib/cmake)
[2.547s] -- Found tf2_geometry_msgs: 0.25.6 (/opt/ros/humble/share/tf2_geometry_msgs/cmake)
[2.550s] -- Found eigen3_cmake_module: 0.1.1 (/opt/ros/humble/share/eigen3_cmake_module/cmake)
[2.552s] -- Ensuring Eigen3 include directory is part of orocos-kdl CMake target
[2.560s] -- Found tf2_sensor_msgs: 0.25.6 (/opt/ros/humble/share/tf2_sensor_msgs/cmake)
[2.577s] -- Found std_srvs: 4.2.3 (/opt/ros/humble/share/std_srvs/cmake)
[2.591s] -- Found rosidl_default_generators: 1.2.0 (/opt/ros/humble/share/rosidl_default_generators/cmake)
[2.598s] -- Found lifecycle_msgs: 1.2.1 (/opt/ros/humble/share/lifecycle_msgs/cmake)
[2.614s] -- Found bondcpp: 3.0.2 (/opt/ros/humble/share/bondcpp/cmake)
[2.689s] -- Found rviz_common: 11.2.12 (/opt/ros/humble/share/rviz_common/cmake)
[2.700s] -- Setting OGRE_DIR to: '/opt/ros/humble/share/rviz_ogre_vendor/cmake/../../../opt/rviz_ogre_vendor/lib/OGRE/cmake'
[2.701s] -- Found OGRE
[2.701s] --   static     : OFF
[2.701s] --   components : HLMS;MeshLodGenerator;Overlay;Paging;Property;RTShaderSystem;Terrain;Volume
[2.702s] --   plugins    : Plugin_BSPSceneManager;Plugin_OctreeSceneManager;Plugin_PCZSceneManager;Plugin_ParticleFX;RenderSystem_GL;RenderSystem_GL3Plus;Codec_STBI
[2.702s] --   media      : /opt/ros/humble/opt/rviz_ogre_vendor/share/OGRE/Media
[2.702s] -- OGRE_LIBRARIES: OgreHLMS;OgreMeshLodGenerator;OgreOverlay;OgrePaging;OgreProperty;OgreRTShaderSystem;OgreTerrain;OgreVolume;OgreMain
[2.702s] -- OGRE_LIBRARY_DIRS: /opt/ros/humble/opt/rviz_ogre_vendor/lib
[2.702s] -- OGRE_PLUGINS: Plugin_BSPSceneManager;Plugin_OctreeSceneManager;Plugin_PCZSceneManager;Plugin_ParticleFX;RenderSystem_GL;RenderSystem_GL3Plus;Codec_STBI
[2.702s] -- OGRE_PLUGIN_DIR: /opt/ros/humble/opt/rviz_ogre_vendor/lib/OGRE
[2.702s] -- rviz_ogre_vendor::OgreOverlay for IMPORTED_LOCATION_RELEASE: /opt/ros/humble/opt/rviz_ogre_vendor/lib/libOgreOverlay.so
[2.702s] -- rviz_ogre_vendor::OgreOverlay for IMPORTED_LOCATION_DEBUG: /opt/ros/humble/opt/rviz_ogre_vendor/lib/libOgreOverlay.so
[2.702s] -- rviz_ogre_vendor::OgreMain for IMPORTED_LOCATION_RELEASE: /opt/ros/humble/opt/rviz_ogre_vendor/lib/libOgreMain.so
[2.702s] -- rviz_ogre_vendor::OgreMain for IMPORTED_LOCATION_DEBUG: /opt/ros/humble/opt/rviz_ogre_vendor/lib/libOgreMain.so
[2.747s] -- rviz_ogre_vendor::RenderSystem_GL for IMPORTED_LOCATION_RELEASE: _render_system_gl_static_library_abs-NOTFOUND
[2.747s] -- rviz_ogre_vendor::RenderSystem_GL for IMPORTED_LOCATION_DEBUG: _render_system_gl_static_library_abs-NOTFOUND
[2.776s] -- library: /usr/lib/x86_64-linux-gnu/libcurl.so
[2.832s] -- Found rviz_default_plugins: 11.2.12 (/opt/ros/humble/share/rviz_default_plugins/cmake)
[3.234s] -- Found required Ceres dependency: Eigen version 3.4.0 in /usr/include/eigen3
[3.235s] -- Found required Ceres dependency: glog
[3.235s] -- Found required Ceres dependency: gflags
[3.236s] -- Found Ceres version: 2.0.0 installed in: /usr with components: [EigenSparse, SparseLinearAlgebraLibrary, LAPACK, SuiteSparse, CXSparse, SchurSpecializations, Multithreading]
[3.625s] -- Found ament_cmake_ros: 0.10.0 (/opt/ros/humble/share/ament_cmake_ros/cmake)
[4.128s] -- Using all available rosidl_typesupport_c: rosidl_typesupport_fastrtps_c;rosidl_typesupport_introspection_c
[4.327s] -- Using all available rosidl_typesupport_cpp: rosidl_typesupport_fastrtps_cpp;rosidl_typesupport_introspection_cpp
[4.355s] -- Found python_cmake_module: 0.10.0 (/opt/ros/humble/share/python_cmake_module/cmake)
[4.381s] -- Using PYTHON_EXECUTABLE: /home/hp/anaconda3/bin/python3
[4.381s] -- Using PYTHON_INCLUDE_DIRS: /home/hp/anaconda3/include/python3.11
[4.381s] -- Using PYTHON_LIBRARIES: /home/hp/anaconda3/lib/libpython3.11.so
[6.407s] -- Using numpy include directory: /home/hp/anaconda3/lib/python3.11/site-packages/numpy/core/include
[6.882s] -- Configuring done
[8.749s] [33mCMake Warning at CMakeLists.txt:122 (add_library):
[8.749s]   Cannot generate a safe runtime search path for target SlamToolboxPlugin
[8.749s]   because files in some directories may conflict with libraries in implicit
[8.749s]   directories:
[8.749s] 
[8.749s]     runtime library [libfreetype.so.6] in /usr/lib/x86_64-linux-gnu may be hidden by files in:
[8.749s]       /home/hp/anaconda3/lib
[8.750s]     runtime library [libz.so.1] in /usr/lib/x86_64-linux-gnu may be hidden by files in:
[8.750s]       /home/hp/anaconda3/lib
[8.750s]     runtime library [libcurl.so.4] in /usr/lib/x86_64-linux-gnu may be hidden by files in:
[8.750s]       /home/hp/anaconda3/lib
[8.750s] 
[8.750s]   Some of these libraries may not be found correctly.
[8.750s] 
[8.751s] [0m
[8.914s] [33mCMake Warning at CMakeLists.txt:140 (add_library):
[8.914s]   Cannot generate a safe runtime search path for target ceres_solver_plugin
[8.914s]   because files in some directories may conflict with libraries in implicit
[8.914s]   directories:
[8.914s] 
[8.914s]     runtime library [libfreetype.so.6] in /usr/lib/x86_64-linux-gnu may be hidden by files in:
[8.914s]       /home/hp/anaconda3/lib
[8.915s]     runtime library [libz.so.1] in /usr/lib/x86_64-linux-gnu may be hidden by files in:
[8.915s]       /home/hp/anaconda3/lib
[8.915s]     runtime library [libcurl.so.4] in /usr/lib/x86_64-linux-gnu may be hidden by files in:
[8.915s]       /home/hp/anaconda3/lib
[8.915s]     runtime library [libtbb.so.12] in /usr/lib/x86_64-linux-gnu may be hidden by files in:
[8.915s]       /home/hp/anaconda3/lib
[8.915s] 
[8.915s]   Some of these libraries may not be found correctly.
[8.916s] 
[8.916s] [0m
[8.938s] [33mCMake Warning at CMakeLists.txt:151 (add_library):
[8.939s]   Cannot generate a safe runtime search path for target toolbox_common
[8.939s]   because files in some directories may conflict with libraries in implicit
[8.939s]   directories:
[8.939s] 
[8.939s]     runtime library [libfreetype.so.6] in /usr/lib/x86_64-linux-gnu may be hidden by files in:
[8.939s]       /home/hp/anaconda3/lib
[8.939s]     runtime library [libz.so.1] in /usr/lib/x86_64-linux-gnu may be hidden by files in:
[8.939s]       /home/hp/anaconda3/lib
[8.939s]     runtime library [libcurl.so.4] in /usr/lib/x86_64-linux-gnu may be hidden by files in:
[8.939s]       /home/hp/anaconda3/lib
[8.939s]     runtime library [libtbb.so.12] in /usr/lib/x86_64-linux-gnu may be hidden by files in:
[8.939s]       /home/hp/anaconda3/lib
[8.939s] 
[8.939s]   Some of these libraries may not be found correctly.
[8.939s] 
[8.939s] [0m
[8.955s] [33mCMake Warning at CMakeLists.txt:160 (add_library):
[8.955s]   Cannot generate a safe runtime search path for target async_slam_toolbox
[8.955s]   because files in some directories may conflict with libraries in implicit
[8.955s]   directories:
[8.955s] 
[8.955s]     runtime library [libtbb.so.12] in /usr/lib/x86_64-linux-gnu may be hidden by files in:
[8.955s]       /home/hp/anaconda3/lib
[8.955s]     runtime library [libfreetype.so.6] in /usr/lib/x86_64-linux-gnu may be hidden by files in:
[8.955s]       /home/hp/anaconda3/lib
[8.955s]     runtime library [libcurl.so.4] in /usr/lib/x86_64-linux-gnu may be hidden by files in:
[8.956s]       /home/hp/anaconda3/lib
[8.956s]     runtime library [libz.so.1] in /usr/lib/x86_64-linux-gnu may be hidden by files in:
[8.956s]       /home/hp/anaconda3/lib
[8.956s] 
[8.956s]   Some of these libraries may not be found correctly.
[8.956s] 
[8.956s] [0m
[9.039s] [33mCMake Warning at CMakeLists.txt:162 (add_executable):
[9.039s]   Cannot generate a safe runtime search path for target
[9.039s]   async_slam_toolbox_node because files in some directories may conflict with
[9.039s]   libraries in implicit directories:
[9.039s] 
[9.040s]     runtime library [libfreetype.so.6] in /usr/lib/x86_64-linux-gnu may be hidden by files in:
[9.040s]       /home/hp/anaconda3/lib
[9.040s]     runtime library [libcurl.so.4] in /usr/lib/x86_64-linux-gnu may be hidden by files in:
[9.040s]       /home/hp/anaconda3/lib
[9.040s]     runtime library [libz.so.1] in /usr/lib/x86_64-linux-gnu may be hidden by files in:
[9.040s]       /home/hp/anaconda3/lib
[9.040s]     runtime library [libtbb.so.12] in /usr/lib/x86_64-linux-gnu may be hidden by files in:
[9.040s]       /home/hp/anaconda3/lib
[9.040s] 
[9.040s]   Some of these libraries may not be found correctly.
[9.040s] 
[9.040s] [0m
[9.063s] [33mCMake Warning at CMakeLists.txt:165 (add_library):
[9.063s]   Cannot generate a safe runtime search path for target sync_slam_toolbox
[9.063s]   because files in some directories may conflict with libraries in implicit
[9.063s]   directories:
[9.063s] 
[9.063s]     runtime library [libtbb.so.12] in /usr/lib/x86_64-linux-gnu may be hidden by files in:
[9.063s]       /home/hp/anaconda3/lib
[9.063s]     runtime library [libfreetype.so.6] in /usr/lib/x86_64-linux-gnu may be hidden by files in:
[9.063s]       /home/hp/anaconda3/lib
[9.063s]     runtime library [libcurl.so.4] in /usr/lib/x86_64-linux-gnu may be hidden by files in:
[9.063s]       /home/hp/anaconda3/lib
[9.063s]     runtime library [libz.so.1] in /usr/lib/x86_64-linux-gnu may be hidden by files in:
[9.063s]       /home/hp/anaconda3/lib
[9.063s] 
[9.063s]   Some of these libraries may not be found correctly.
[9.064s] 
[9.064s] [0m
[9.108s] [33mCMake Warning at CMakeLists.txt:167 (add_executable):
[9.108s]   Cannot generate a safe runtime search path for target
[9.108s]   sync_slam_toolbox_node because files in some directories may conflict with
[9.109s]   libraries in implicit directories:
[9.109s] 
[9.109s]     runtime library [libfreetype.so.6] in /usr/lib/x86_64-linux-gnu may be hidden by files in:
[9.109s]       /home/hp/anaconda3/lib
[9.109s]     runtime library [libcurl.so.4] in /usr/lib/x86_64-linux-gnu may be hidden by files in:
[9.109s]       /home/hp/anaconda3/lib
[9.109s]     runtime library [libz.so.1] in /usr/lib/x86_64-linux-gnu may be hidden by files in:
[9.109s]       /home/hp/anaconda3/lib
[9.109s]     runtime library [libtbb.so.12] in /usr/lib/x86_64-linux-gnu may be hidden by files in:
[9.109s]       /home/hp/anaconda3/lib
[9.109s] 
[9.109s]   Some of these libraries may not be found correctly.
[9.109s] 
[9.109s] [0m
[9.122s] [33mCMake Warning at CMakeLists.txt:170 (add_library):
[9.122s]   Cannot generate a safe runtime search path for target
[9.122s]   localization_slam_toolbox because files in some directories may conflict
[9.122s]   with libraries in implicit directories:
[9.122s] 
[9.123s]     runtime library [libtbb.so.12] in /usr/lib/x86_64-linux-gnu may be hidden by files in:
[9.123s]       /home/hp/anaconda3/lib
[9.123s]     runtime library [libfreetype.so.6] in /usr/lib/x86_64-linux-gnu may be hidden by files in:
[9.123s]       /home/hp/anaconda3/lib
[9.123s]     runtime library [libcurl.so.4] in /usr/lib/x86_64-linux-gnu may be hidden by files in:
[9.123s]       /home/hp/anaconda3/lib
[9.123s]     runtime library [libz.so.1] in /usr/lib/x86_64-linux-gnu may be hidden by files in:
[9.123s]       /home/hp/anaconda3/lib
[9.123s] 
[9.123s]   Some of these libraries may not be found correctly.
[9.123s] 
[9.123s] [0m
[9.137s] [33mCMake Warning at CMakeLists.txt:172 (add_executable):
[9.137s]   Cannot generate a safe runtime search path for target
[9.137s]   localization_slam_toolbox_node because files in some directories may
[9.137s]   conflict with libraries in implicit directories:
[9.137s] 
[9.137s]     runtime library [libfreetype.so.6] in /usr/lib/x86_64-linux-gnu may be hidden by files in:
[9.137s]       /home/hp/anaconda3/lib
[9.137s]     runtime library [libcurl.so.4] in /usr/lib/x86_64-linux-gnu may be hidden by files in:
[9.137s]       /home/hp/anaconda3/lib
[9.137s]     runtime library [libz.so.1] in /usr/lib/x86_64-linux-gnu may be hidden by files in:
[9.137s]       /home/hp/anaconda3/lib
[9.137s]     runtime library [libtbb.so.12] in /usr/lib/x86_64-linux-gnu may be hidden by files in:
[9.137s]       /home/hp/anaconda3/lib
[9.138s] 
[9.138s]   Some of these libraries may not be found correctly.
[9.138s] 
[9.138s] [0m
[9.152s] [33mCMake Warning at CMakeLists.txt:175 (add_library):
[9.152s]   Cannot generate a safe runtime search path for target lifelong_slam_toolbox
[9.153s]   because files in some directories may conflict with libraries in implicit
[9.153s]   directories:
[9.153s] 
[9.153s]     runtime library [libtbb.so.12] in /usr/lib/x86_64-linux-gnu may be hidden by files in:
[9.153s]       /home/hp/anaconda3/lib
[9.153s]     runtime library [libfreetype.so.6] in /usr/lib/x86_64-linux-gnu may be hidden by files in:
[9.153s]       /home/hp/anaconda3/lib
[9.153s]     runtime library [libcurl.so.4] in /usr/lib/x86_64-linux-gnu may be hidden by files in:
[9.153s]       /home/hp/anaconda3/lib
[9.153s]     runtime library [libz.so.1] in /usr/lib/x86_64-linux-gnu may be hidden by files in:
[9.153s]       /home/hp/anaconda3/lib
[9.153s] 
[9.153s]   Some of these libraries may not be found correctly.
[9.153s] 
[9.153s] [0m
[9.168s] [33mCMake Warning at CMakeLists.txt:177 (add_executable):
[9.168s]   Cannot generate a safe runtime search path for target
[9.168s]   lifelong_slam_toolbox_node because files in some directories may conflict
[9.168s]   with libraries in implicit directories:
[9.168s] 
[9.168s]     runtime library [libfreetype.so.6] in /usr/lib/x86_64-linux-gnu may be hidden by files in:
[9.168s]       /home/hp/anaconda3/lib
[9.168s]     runtime library [libcurl.so.4] in /usr/lib/x86_64-linux-gnu may be hidden by files in:
[9.169s]       /home/hp/anaconda3/lib
[9.169s]     runtime library [libz.so.1] in /usr/lib/x86_64-linux-gnu may be hidden by files in:
[9.169s]       /home/hp/anaconda3/lib
[9.169s]     runtime library [libtbb.so.12] in /usr/lib/x86_64-linux-gnu may be hidden by files in:
[9.169s]       /home/hp/anaconda3/lib
[9.169s] 
[9.169s]   Some of these libraries may not be found correctly.
[9.169s] 
[9.169s] [0m
[9.184s] [33mCMake Warning at CMakeLists.txt:180 (add_library):
[9.184s]   Cannot generate a safe runtime search path for target
[9.184s]   map_and_localization_slam_toolbox because files in some directories may
[9.184s]   conflict with libraries in implicit directories:
[9.184s] 
[9.184s]     runtime library [libfreetype.so.6] in /usr/lib/x86_64-linux-gnu may be hidden by files in:
[9.184s]       /home/hp/anaconda3/lib
[9.184s]     runtime library [libcurl.so.4] in /usr/lib/x86_64-linux-gnu may be hidden by files in:
[9.184s]       /home/hp/anaconda3/lib
[9.184s]     runtime library [libz.so.1] in /usr/lib/x86_64-linux-gnu may be hidden by files in:
[9.184s]       /home/hp/anaconda3/lib
[9.184s]     runtime library [libtbb.so.12] in /usr/lib/x86_64-linux-gnu may be hidden by files in:
[9.185s]       /home/hp/anaconda3/lib
[9.185s] 
[9.185s]   Some of these libraries may not be found correctly.
[9.185s] 
[9.185s] [0m
[9.198s] [33mCMake Warning at CMakeLists.txt:182 (add_executable):
[9.198s]   Cannot generate a safe runtime search path for target
[9.198s]   map_and_localization_slam_toolbox_node because files in some directories
[9.198s]   may conflict with libraries in implicit directories:
[9.199s] 
[9.199s]     runtime library [libfreetype.so.6] in /usr/lib/x86_64-linux-gnu may be hidden by files in:
[9.199s]       /home/hp/anaconda3/lib
[9.199s]     runtime library [libcurl.so.4] in /usr/lib/x86_64-linux-gnu may be hidden by files in:
[9.199s]       /home/hp/anaconda3/lib
[9.199s]     runtime library [libz.so.1] in /usr/lib/x86_64-linux-gnu may be hidden by files in:
[9.199s]       /home/hp/anaconda3/lib
[9.199s]     runtime library [libtbb.so.12] in /usr/lib/x86_64-linux-gnu may be hidden by files in:
[9.199s]       /home/hp/anaconda3/lib
[9.199s] 
[9.199s]   Some of these libraries may not be found correctly.
[9.199s] 
[9.199s] [0m
[9.212s] [33mCMake Warning at CMakeLists.txt:186 (add_executable):
[9.212s]   Cannot generate a safe runtime search path for target merge_maps_kinematic
[9.212s]   because files in some directories may conflict with libraries in implicit
[9.212s]   directories:
[9.212s] 
[9.212s]     runtime library [libtbb.so.12] in /usr/lib/x86_64-linux-gnu may be hidden by files in:
[9.212s]       /home/hp/anaconda3/lib
[9.212s]     runtime library [libfreetype.so.6] in /usr/lib/x86_64-linux-gnu may be hidden by files in:
[9.213s]       /home/hp/anaconda3/lib
[9.213s]     runtime library [libcurl.so.4] in /usr/lib/x86_64-linux-gnu may be hidden by files in:
[9.213s]       /home/hp/anaconda3/lib
[9.213s]     runtime library [libz.so.1] in /usr/lib/x86_64-linux-gnu may be hidden by files in:
[9.213s]       /home/hp/anaconda3/lib
[9.213s] 
[9.213s]   Some of these libraries may not be found correctly.
[9.213s] 
[9.213s] [0m
[9.236s] [33mCMake Warning at lib/karto_sdk/CMakeLists.txt:31 (add_library):
[9.236s]   Cannot generate a safe runtime search path for target kartoSlamToolbox
[9.236s]   because files in some directories may conflict with libraries in implicit
[9.236s]   directories:
[9.236s] 
[9.236s]     runtime library [libtbb.so.12] in /usr/lib/x86_64-linux-gnu may be hidden by files in:
[9.236s]       /home/hp/anaconda3/lib
[9.236s] 
[9.236s]   Some of these libraries may not be found correctly.
[9.236s] 
[9.237s] [0m
[9.240s] -- Generating done
[9.246s] -- Build files have been written to: /home/hp/ROS2_WS/src/build/slam_toolbox
[9.357s] [  0%] Built target slam_toolbox__cpp
[9.361s] [  0%] Built target ament_cmake_python_symlink_slam_toolbox
[9.476s] [35m[1mConsolidate compiler generated dependencies of target kartoSlamToolbox[0m
[9.587s] [35m[1mConsolidate compiler generated dependencies of target slam_toolbox__rosidl_typesupport_cpp[0m
[9.596s] [35m[1mConsolidate compiler generated dependencies of target slam_toolbox__rosidl_typesupport_fastrtps_cpp[0m
[9.604s] [35m[1mConsolidate compiler generated dependencies of target slam_toolbox__rosidl_typesupport_introspection_cpp[0m
[9.650s] [35m[1mConsolidate compiler generated dependencies of target slam_toolbox__rosidl_generator_c[0m
[9.726s] [ 23%] Built target slam_toolbox__rosidl_typesupport_cpp
[9.726s] [ 23%] Built target slam_toolbox__rosidl_typesupport_fastrtps_cpp
[9.726s] [ 27%] Built target slam_toolbox__rosidl_typesupport_introspection_cpp
[9.858s] [ 36%] Built target slam_toolbox__rosidl_generator_c
[9.899s] [35m[1mConsolidate compiler generated dependencies of target SlamToolboxPlugin[0m
[10.042s] [35m[1mConsolidate compiler generated dependencies of target slam_toolbox__rosidl_typesupport_fastrtps_c[0m
[10.074s] [35m[1mConsolidate compiler generated dependencies of target slam_toolbox__rosidl_typesupport_introspection_c[0m
[10.091s] [35m[1mConsolidate compiler generated dependencies of target slam_toolbox__rosidl_typesupport_c[0m
[10.105s] [ 45%] Built target slam_toolbox__rosidl_typesupport_fastrtps_c
[10.115s] [ 54%] Built target slam_toolbox__rosidl_typesupport_c
[10.166s] [ 63%] Built target slam_toolbox__rosidl_typesupport_introspection_c
[10.223s] [ 63%] Built target slam_toolbox
[10.261s] [ 64%] Built target slam_toolbox__py
[10.526s] [35m[1mConsolidate compiler generated dependencies of target slam_toolbox__rosidl_generator_py[0m
[10.642s] [ 72%] Built target slam_toolbox__rosidl_generator_py
[10.658s] [35m[1mConsolidate compiler generated dependencies of target slam_toolbox__rosidl_typesupport_introspection_c__pyext[0m
[10.658s] [35m[1mConsolidate compiler generated dependencies of target slam_toolbox__rosidl_typesupport_fastrtps_c__pyext[0m
[10.658s] [35m[1mConsolidate compiler generated dependencies of target slam_toolbox__rosidl_typesupport_c__pyext[0m
[10.672s] [ 75%] Built target slam_toolbox__rosidl_typesupport_introspection_c__pyext
[10.672s] [ 75%] Built target slam_toolbox__rosidl_typesupport_c__pyext
[10.672s] [ 75%] Built target slam_toolbox__rosidl_typesupport_fastrtps_c__pyext
[10.894s] [ 75%] [32m[1mLinking CXX shared library libSlamToolboxPlugin.so[0m
[14.521s] [ 76%] [32mBuilding CXX object lib/karto_sdk/CMakeFiles/kartoSlamToolbox.dir/src/Karto.cpp.o[0m
[14.976s] [ 77%] [32mBuilding CXX object lib/karto_sdk/CMakeFiles/kartoSlamToolbox.dir/src/Mapper.cpp.o[0m
[28.097s] [ 79%] Built target SlamToolboxPlugin
[35.804s] running egg_info
[35.831s] writing slam_toolbox.egg-info/PKG-INFO
[35.831s] writing dependency_links to slam_toolbox.egg-info/dependency_links.txt
[35.831s] writing top-level names to slam_toolbox.egg-info/top_level.txt
[35.933s] reading manifest file 'slam_toolbox.egg-info/SOURCES.txt'
[35.972s] writing manifest file 'slam_toolbox.egg-info/SOURCES.txt'
[36.006s] [ 79%] Built target ament_cmake_python_build_slam_toolbox_egg
[38.489s] In file included from [01m[K/home/hp/ROS2_WS/src/slam_toolbox/lib/karto_sdk/src/Karto.cpp:27[m[K:
[38.489s] [01m[K/home/hp/ROS2_WS/src/slam_toolbox/lib/karto_sdk/include/karto_sdk/Karto.h:5513:24:[m[K [01;31m[Kerror: [m[Kâ€˜[01m[Kconst karto::Pose2& karto::LocalizedRangeScan::GetOdometricPose() const[m[Kâ€™ cannot be overloaded with â€˜[01m[Kconst karto::Pose2& karto::LocalizedRangeScan::GetOdometricPose() const[m[Kâ€™
[38.489s]  5513 |   inline const Pose2 & [01;31m[KGetOdometricPose[m[K() const
[38.489s]       |                        [01;31m[K^~~~~~~~~~~~~~~~[m[K
[38.489s] [01m[K/home/hp/ROS2_WS/src/slam_toolbox/lib/karto_sdk/include/karto_sdk/Karto.h:5453:16:[m[K [01;36m[Knote: [m[Kprevious declaration â€˜[01m[Kconst karto::Pose2& karto::LocalizedRangeScan::GetOdometricPose() const[m[Kâ€™
[38.489s]  5453 |   const Pose2& [01;36m[KGetOdometricPose[m[K() const { return m_OdometricPose; }
[38.489s]       |                [01;36m[K^~~~~~~~~~~~~~~~[m[K
[38.490s] [01m[K/home/hp/ROS2_WS/src/slam_toolbox/lib/karto_sdk/include/karto_sdk/Karto.h:5535:24:[m[K [01;31m[Kerror: [m[Kâ€˜[01m[Kconst karto::Pose2& karto::LocalizedRangeScan::GetCorrectedPose() const[m[Kâ€™ cannot be overloaded with â€˜[01m[Kconst karto::Pose2& karto::LocalizedRangeScan::GetCorrectedPose() const[m[Kâ€™
[38.490s]  5535 |   inline const Pose2 & [01;31m[KGetCorrectedPose[m[K() const
[38.490s]       |                        [01;31m[K^~~~~~~~~~~~~~~~[m[K
[38.490s] [01m[K/home/hp/ROS2_WS/src/slam_toolbox/lib/karto_sdk/include/karto_sdk/Karto.h:5454:16:[m[K [01;36m[Knote: [m[Kprevious declaration â€˜[01m[Kconst karto::Pose2& karto::LocalizedRangeScan::GetCorrectedPose() const[m[Kâ€™
[38.490s]  5454 |   const Pose2& [01;36m[KGetCorrectedPose[m[K() const { return m_CorrectedPose; }
[38.490s]       |                [01;36m[K^~~~~~~~~~~~~~~~[m[K
[38.490s] [01m[K/home/hp/ROS2_WS/src/slam_toolbox/lib/karto_sdk/include/karto_sdk/Karto.h:5565:24:[m[K [01;31m[Kerror: [m[Kâ€˜[01m[Kconst karto::Pose2& karto::LocalizedRangeScan::GetBarycenterPose() const[m[Kâ€™ cannot be overloaded with â€˜[01m[Kconst karto::Pose2& karto::LocalizedRangeScan::GetBarycenterPose() const[m[Kâ€™
[38.490s]  5565 |   inline const Pose2 & [01;31m[KGetBarycenterPose[m[K() const
[38.490s]       |                        [01;31m[K^~~~~~~~~~~~~~~~~[m[K
[38.490s] [01m[K/home/hp/ROS2_WS/src/slam_toolbox/lib/karto_sdk/include/karto_sdk/Karto.h:5455:16:[m[K [01;36m[Knote: [m[Kprevious declaration â€˜[01m[Kconst karto::Pose2& karto::LocalizedRangeScan::GetBarycenterPose() const[m[Kâ€™
[38.490s]  5455 |   const Pose2& [01;36m[KGetBarycenterPose[m[K() const { return m_BarycenterPose; }
[38.490s]       |                [01;36m[K^~~~~~~~~~~~~~~~~[m[K
[38.490s] [01m[K/home/hp/ROS2_WS/src/slam_toolbox/lib/karto_sdk/include/karto_sdk/Karto.h:5659:31:[m[K [01;31m[Kerror: [m[Kâ€˜[01m[Kconst karto::BoundingBox2& karto::LocalizedRangeScan::GetBoundingBox() const[m[Kâ€™ cannot be overloaded with â€˜[01m[Kconst karto::BoundingBox2& karto::LocalizedRangeScan::GetBoundingBox() const[m[Kâ€™
[38.490s]  5659 |   inline const BoundingBox2 & [01;31m[KGetBoundingBox[m[K() const
[38.490s]       |                               [01;31m[K^~~~~~~~~~~~~~[m[K
[38.491s] [01m[K/home/hp/ROS2_WS/src/slam_toolbox/lib/karto_sdk/include/karto_sdk/Karto.h:5459:23:[m[K [01;36m[Knote: [m[Kprevious declaration â€˜[01m[Kconst karto::BoundingBox2& karto::LocalizedRangeScan::GetBoundingBox() const[m[Kâ€™
[38.491s]  5459 |   const BoundingBox2& [01;36m[KGetBoundingBox[m[K() const { return m_BoundingBox; }
[38.491s]       |                       [01;36m[K^~~~~~~~~~~~~~[m[K
[38.528s] [01m[K/home/hp/ROS2_WS/src/slam_toolbox/lib/karto_sdk/include/karto_sdk/Karto.h:[m[K In member function â€˜[01m[Kvoid karto::GridIndexLookup<T>::ComputeOffsets(karto::LocalizedRangeScan*, kt_double, kt_double, kt_double)[m[Kâ€™:
[38.528s] [01m[K/home/hp/ROS2_WS/src/slam_toolbox/lib/karto_sdk/include/karto_sdk/Karto.h:6881:71:[m[K [01;31m[Kerror: [m[Kcall of overloaded â€˜[01m[KGetPointReadings()[m[Kâ€™ is ambiguous
[38.528s]  6881 |     const PointVectorDouble & rPointReadings = [01;31m[KpScan->GetPointReadings()[m[K;
[38.528s]       |                                                [01;31m[K~~~~~~~~~~~~~~~~~~~~~~~^~[m[K
[38.528s] [01m[K/home/hp/ROS2_WS/src/slam_toolbox/lib/karto_sdk/include/karto_sdk/Karto.h:5457:42:[m[K [01;36m[Knote: [m[Kcandidate: â€˜[01m[Kconst std::vector<karto::Vector2<double> >& karto::LocalizedRangeScan::GetPointReadings() const[m[Kâ€™
[38.528s]  5457 |   const std::vector<Vector2<kt_double>>& [01;36m[KGetPointReadings[m[K() const { return m_PointReadings; }
[38.528s]       |                                          [01;36m[K^~~~~~~~~~~~~~~~[m[K
[38.528s] [01m[K/home/hp/ROS2_WS/src/slam_toolbox/lib/karto_sdk/include/karto_sdk/Karto.h:5680:36:[m[K [01;36m[Knote: [m[Kcandidate: â€˜[01m[Kconst PointVectorDouble& karto::LocalizedRangeScan::GetPointReadings(kt_bool) const[m[Kâ€™
[38.528s]  5680 |   inline const PointVectorDouble & [01;36m[KGetPointReadings[m[K(kt_bool wantFiltered = false) const
[38.529s]       |                                    [01;36m[K^~~~~~~~~~~~~~~~[m[K
[39.818s] In file included from [01m[K/home/hp/ROS2_WS/src/slam_toolbox/lib/karto_sdk/include/karto_sdk/Mapper.h:36[m[K,
[39.818s]                  from [01m[K/home/hp/ROS2_WS/src/slam_toolbox/lib/karto_sdk/src/Mapper.cpp:36[m[K:
[39.818s] [01m[K/home/hp/ROS2_WS/src/slam_toolbox/lib/karto_sdk/include/karto_sdk/Karto.h:5513:24:[m[K [01;31m[Kerror: [m[Kâ€˜[01m[Kconst karto::Pose2& karto::LocalizedRangeScan::GetOdometricPose() const[m[Kâ€™ cannot be overloaded with â€˜[01m[Kconst karto::Pose2& karto::LocalizedRangeScan::GetOdometricPose() const[m[Kâ€™
[39.818s]  5513 |   inline const Pose2 & [01;31m[KGetOdometricPose[m[K() const
[39.818s]       |                        [01;31m[K^~~~~~~~~~~~~~~~[m[K
[39.818s] [01m[K/home/hp/ROS2_WS/src/slam_toolbox/lib/karto_sdk/include/karto_sdk/Karto.h:5453:16:[m[K [01;36m[Knote: [m[Kprevious declaration â€˜[01m[Kconst karto::Pose2& karto::LocalizedRangeScan::GetOdometricPose() const[m[Kâ€™
[39.818s]  5453 |   const Pose2& [01;36m[KGetOdometricPose[m[K() const { return m_OdometricPose; }
[39.818s]       |                [01;36m[K^~~~~~~~~~~~~~~~[m[K
[39.818s] [01m[K/home/hp/ROS2_WS/src/slam_toolbox/lib/karto_sdk/include/karto_sdk/Karto.h:5535:24:[m[K [01;31m[Kerror: [m[Kâ€˜[01m[Kconst karto::Pose2& karto::LocalizedRangeScan::GetCorrectedPose() const[m[Kâ€™ cannot be overloaded with â€˜[01m[Kconst karto::Pose2& karto::LocalizedRangeScan::GetCorrectedPose() const[m[Kâ€™
[39.818s]  5535 |   inline const Pose2 & [01;31m[KGetCorrectedPose[m[K() const
[39.818s]       |                        [01;31m[K^~~~~~~~~~~~~~~~[m[K
[39.819s] [01m[K/home/hp/ROS2_WS/src/slam_toolbox/lib/karto_sdk/include/karto_sdk/Karto.h:5454:16:[m[K [01;36m[Knote: [m[Kprevious declaration â€˜[01m[Kconst karto::Pose2& karto::LocalizedRangeScan::GetCorrectedPose() const[m[Kâ€™
[39.819s]  5454 |   const Pose2& [01;36m[KGetCorrectedPose[m[K() const { return m_CorrectedPose; }
[39.819s]       |                [01;36m[K^~~~~~~~~~~~~~~~[m[K
[39.819s] [01m[K/home/hp/ROS2_WS/src/slam_toolbox/lib/karto_sdk/include/karto_sdk/Karto.h:5565:24:[m[K [01;31m[Kerror: [m[Kâ€˜[01m[Kconst karto::Pose2& karto::LocalizedRangeScan::GetBarycenterPose() const[m[Kâ€™ cannot be overloaded with â€˜[01m[Kconst karto::Pose2& karto::LocalizedRangeScan::GetBarycenterPose() const[m[Kâ€™
[39.819s]  5565 |   inline const Pose2 & [01;31m[KGetBarycenterPose[m[K() const
[39.819s]       |                        [01;31m[K^~~~~~~~~~~~~~~~~[m[K
[39.819s] [01m[K/home/hp/ROS2_WS/src/slam_toolbox/lib/karto_sdk/include/karto_sdk/Karto.h:5455:16:[m[K [01;36m[Knote: [m[Kprevious declaration â€˜[01m[Kconst karto::Pose2& karto::LocalizedRangeScan::GetBarycenterPose() const[m[Kâ€™
[39.819s]  5455 |   const Pose2& [01;36m[KGetBarycenterPose[m[K() const { return m_BarycenterPose; }
[39.819s]       |                [01;36m[K^~~~~~~~~~~~~~~~~[m[K
[39.819s] [01m[K/home/hp/ROS2_WS/src/slam_toolbox/lib/karto_sdk/include/karto_sdk/Karto.h:5659:31:[m[K [01;31m[Kerror: [m[Kâ€˜[01m[Kconst karto::BoundingBox2& karto::LocalizedRangeScan::GetBoundingBox() const[m[Kâ€™ cannot be overloaded with â€˜[01m[Kconst karto::BoundingBox2& karto::LocalizedRangeScan::GetBoundingBox() const[m[Kâ€™
[39.819s]  5659 |   inline const BoundingBox2 & [01;31m[KGetBoundingBox[m[K() const
[39.819s]       |                               [01;31m[K^~~~~~~~~~~~~~[m[K
[39.819s] [01m[K/home/hp/ROS2_WS/src/slam_toolbox/lib/karto_sdk/include/karto_sdk/Karto.h:5459:23:[m[K [01;36m[Knote: [m[Kprevious declaration â€˜[01m[Kconst karto::BoundingBox2& karto::LocalizedRangeScan::GetBoundingBox() const[m[Kâ€™
[39.819s]  5459 |   const BoundingBox2& [01;36m[KGetBoundingBox[m[K() const { return m_BoundingBox; }
[39.819s]       |                       [01;36m[K^~~~~~~~~~~~~~[m[K
[39.855s] [01m[K/home/hp/ROS2_WS/src/slam_toolbox/lib/karto_sdk/include/karto_sdk/Karto.h:[m[K In member function â€˜[01m[Kvoid karto::GridIndexLookup<T>::ComputeOffsets(karto::LocalizedRangeScan*, kt_double, kt_double, kt_double)[m[Kâ€™:
[39.855s] [01m[K/home/hp/ROS2_WS/src/slam_toolbox/lib/karto_sdk/include/karto_sdk/Karto.h:6881:71:[m[K [01;31m[Kerror: [m[Kcall of overloaded â€˜[01m[KGetPointReadings()[m[Kâ€™ is ambiguous
[39.855s]  6881 |     const PointVectorDouble & rPointReadings = [01;31m[KpScan->GetPointReadings()[m[K;
[39.856s]       |                                                [01;31m[K~~~~~~~~~~~~~~~~~~~~~~~^~[m[K
[39.856s] [01m[K/home/hp/ROS2_WS/src/slam_toolbox/lib/karto_sdk/include/karto_sdk/Karto.h:5457:42:[m[K [01;36m[Knote: [m[Kcandidate: â€˜[01m[Kconst std::vector<karto::Vector2<double> >& karto::LocalizedRangeScan::GetPointReadings() const[m[Kâ€™
[39.856s]  5457 |   const std::vector<Vector2<kt_double>>& [01;36m[KGetPointReadings[m[K() const { return m_PointReadings; }
[39.856s]       |                                          [01;36m[K^~~~~~~~~~~~~~~~[m[K
[39.856s] [01m[K/home/hp/ROS2_WS/src/slam_toolbox/lib/karto_sdk/include/karto_sdk/Karto.h:5680:36:[m[K [01;36m[Knote: [m[Kcandidate: â€˜[01m[Kconst PointVectorDouble& karto::LocalizedRangeScan::GetPointReadings(kt_bool) const[m[Kâ€™
[39.856s]  5680 |   inline const PointVectorDouble & [01;36m[KGetPointReadings[m[K(kt_bool wantFiltered = false) const
[39.856s]       |                                    [01;36m[K^~~~~~~~~~~~~~~~[m[K
[39.926s] gmake[2]: *** [lib/karto_sdk/CMakeFiles/kartoSlamToolbox.dir/build.make:76: lib/karto_sdk/CMakeFiles/kartoSlamToolbox.dir/src/Karto.cpp.o] Error 1
[39.926s] gmake[2]: *** Waiting for unfinished jobs....
[39.953s] [01m[K/home/hp/ROS2_WS/src/slam_toolbox/lib/karto_sdk/src/Mapper.cpp:[m[K In member function â€˜[01m[Kkarto::PointVectorDouble karto::ScanMatcher::FindValidPoints(karto::LocalizedRangeScan*, const karto::Vector2<double>&) const[m[Kâ€™:
[39.953s] [01m[K/home/hp/ROS2_WS/src/slam_toolbox/lib/karto_sdk/src/Mapper.cpp:1159:69:[m[K [01;31m[Kerror: [m[Kcall of overloaded â€˜[01m[KGetPointReadings()[m[Kâ€™ is ambiguous
[39.953s]  1159 |   const PointVectorDouble & rPointReadings = [01;31m[KpScan->GetPointReadings()[m[K;
[39.953s]       |                                              [01;31m[K~~~~~~~~~~~~~~~~~~~~~~~^~[m[K
[39.953s] In file included from [01m[K/home/hp/ROS2_WS/src/slam_toolbox/lib/karto_sdk/include/karto_sdk/Mapper.h:36[m[K,
[39.953s]                  from [01m[K/home/hp/ROS2_WS/src/slam_toolbox/lib/karto_sdk/src/Mapper.cpp:36[m[K:
[39.953s] [01m[K/home/hp/ROS2_WS/src/slam_toolbox/lib/karto_sdk/include/karto_sdk/Karto.h:5457:42:[m[K [01;36m[Knote: [m[Kcandidate: â€˜[01m[Kconst std::vector<karto::Vector2<double> >& karto::LocalizedRangeScan::GetPointReadings() const[m[Kâ€™
[39.953s]  5457 |   const std::vector<Vector2<kt_double>>& [01;36m[KGetPointReadings[m[K() const { return m_PointReadings; }
[39.953s]       |                                          [01;36m[K^~~~~~~~~~~~~~~~[m[K
[39.953s] [01m[K/home/hp/ROS2_WS/src/slam_toolbox/lib/karto_sdk/include/karto_sdk/Karto.h:5680:36:[m[K [01;36m[Knote: [m[Kcandidate: â€˜[01m[Kconst PointVectorDouble& karto::LocalizedRangeScan::GetPointReadings(kt_bool) const[m[Kâ€™
[39.953s]  5680 |   inline const PointVectorDouble & [01;36m[KGetPointReadings[m[K(kt_bool wantFiltered = false) const
[39.954s]       |                                    [01;36m[K^~~~~~~~~~~~~~~~[m[K
[42.245s] gmake[2]: *** [lib/karto_sdk/CMakeFiles/kartoSlamToolbox.dir/build.make:90: lib/karto_sdk/CMakeFiles/kartoSlamToolbox.dir/src/Mapper.cpp.o] Error 1
[42.246s] gmake[1]: *** [CMakeFiles/Makefile2:1045: lib/karto_sdk/CMakeFiles/kartoSlamToolbox.dir/all] Error 2
[42.246s] gmake: *** [Makefile:146: all] Error 2
[42.248s] Invoked command in '/home/hp/ROS2_WS/src/build/slam_toolbox' returned '2': CMAKE_PREFIX_PATH=${CMAKE_PREFIX_PATH}:/home/hp/ROS2_WS/install/my_robot_controller:/home/hp/ROS2_WS/install/my_exo:/home/hp/ROS2_WS/install/dynamic_tf:/home/hp/ROS2_WS/install/Dynamic_tf:/home/hp/ROS2_WS/install/DYNAMIC_TF:/home/hp/ROS2_WS/src/install/rosidl_pycommon:/home/hp/ROS2_WS/src/install/rosidl_cli:/home/hp/ROS2_WS/src/install/my_robot_controller:/home/hp/ROS2_WS/src/install/my_exo:/home/hp/ROS2_WS/src/install/dynamic_tf:/opt/ros/humble CONDA_PROMPT_MODIFIER=(base) /usr/bin/cmake --build /home/hp/ROS2_WS/src/build/slam_toolbox -- -j8 -l8
