[0.815s] Invoking command in '/home/hp/ROS2_WS/src/build/slam_toolbox': CMAKE_PREFIX_PATH=${CMAKE_PREFIX_PATH}:/home/hp/ROS2_WS/install/my_robot_controller:/home/hp/ROS2_WS/install/my_exo:/home/hp/ROS2_WS/install/dynamic_tf:/home/hp/ROS2_WS/install/Dynamic_tf:/home/hp/ROS2_WS/install/DYNAMIC_TF:/home/hp/ROS2_WS/src/install/my_robot_controller:/home/hp/ROS2_WS/src/install/my_exo:/home/hp/ROS2_WS/src/install/dynamic_tf:/opt/ros/humble CONDA_PROMPT_MODIFIER=(base) /usr/bin/cmake /home/hp/ROS2_WS/src/slam_toolbox -DAMENT_CMAKE_SYMLINK_INSTALL=1 -DCMAKE_INSTALL_PREFIX=/home/hp/ROS2_WS/src/install/slam_toolbox
[0.830s] -- Found ament_cmake: 1.3.8 (/opt/ros/humble/share/ament_cmake/cmake)
[1.102s] -- Override CMake install command with custom implementation using symlinks instead of copying resources
[1.110s] -- Found message_filters: 4.3.3 (/opt/ros/humble/share/message_filters/cmake)
[1.158s] -- Found rosidl_generator_c: 3.1.5 (/opt/ros/humble/share/rosidl_generator_c/cmake)
[1.161s] -- Found rosidl_adapter: 3.1.5 (/opt/ros/humble/share/rosidl_adapter/cmake)
[1.169s] -- Found rosidl_generator_cpp: 3.1.5 (/opt/ros/humble/share/rosidl_generator_cpp/cmake)
[1.185s] -- Using all available rosidl_typesupport_c: rosidl_typesupport_fastrtps_c;rosidl_typesupport_introspection_c
[1.209s] -- Using all available rosidl_typesupport_cpp: rosidl_typesupport_fastrtps_cpp;rosidl_typesupport_introspection_cpp
[1.289s] -- Found rmw_implementation_cmake: 6.1.1 (/opt/ros/humble/share/rmw_implementation_cmake/cmake)
[1.291s] -- Found rmw_cyclonedds_cpp: 1.3.4 (/opt/ros/humble/share/rmw_cyclonedds_cpp/cmake)
[1.333s] -- Using RMW implementation 'rmw_cyclonedds_cpp' as default
[1.560s] -- Found nav_msgs: 4.2.3 (/opt/ros/humble/share/nav_msgs/cmake)
[1.708s] -- Found sensor_msgs: 4.2.3 (/opt/ros/humble/share/sensor_msgs/cmake)
[1.812s] -- Found tf2: 0.25.6 (/opt/ros/humble/share/tf2/cmake)
[1.823s] -- Found tf2_ros: 0.25.6 (/opt/ros/humble/share/tf2_ros/cmake)
[2.217s] -- Found visualization_msgs: 4.2.3 (/opt/ros/humble/share/visualization_msgs/cmake)
[2.326s] -- Found pluginlib: 5.1.0 (/opt/ros/humble/share/pluginlib/cmake)
[2.341s] -- Found tf2_geometry_msgs: 0.25.6 (/opt/ros/humble/share/tf2_geometry_msgs/cmake)
[2.345s] -- Found eigen3_cmake_module: 0.1.1 (/opt/ros/humble/share/eigen3_cmake_module/cmake)
[2.346s] -- Ensuring Eigen3 include directory is part of orocos-kdl CMake target
[2.354s] -- Found tf2_sensor_msgs: 0.25.6 (/opt/ros/humble/share/tf2_sensor_msgs/cmake)
[2.370s] -- Found std_srvs: 4.2.3 (/opt/ros/humble/share/std_srvs/cmake)
[2.384s] -- Found rosidl_default_generators: 1.2.0 (/opt/ros/humble/share/rosidl_default_generators/cmake)
[2.391s] -- Found lifecycle_msgs: 1.2.1 (/opt/ros/humble/share/lifecycle_msgs/cmake)
[2.405s] -- Found bondcpp: 3.0.2 (/opt/ros/humble/share/bondcpp/cmake)
[2.480s] -- Found rviz_common: 11.2.11 (/opt/ros/humble/share/rviz_common/cmake)
[2.491s] -- Setting OGRE_DIR to: '/opt/ros/humble/share/rviz_ogre_vendor/cmake/../../../opt/rviz_ogre_vendor/lib/OGRE/cmake'
[2.492s] -- Found OGRE
[2.493s] --   static     : OFF
[2.493s] --   components : HLMS;MeshLodGenerator;Overlay;Paging;Property;RTShaderSystem;Terrain;Volume
[2.493s] --   plugins    : Plugin_BSPSceneManager;Plugin_OctreeSceneManager;Plugin_PCZSceneManager;Plugin_ParticleFX;RenderSystem_GL;RenderSystem_GL3Plus;Codec_STBI
[2.493s] --   media      : /opt/ros/humble/opt/rviz_ogre_vendor/share/OGRE/Media
[2.493s] -- OGRE_LIBRARIES: OgreHLMS;OgreMeshLodGenerator;OgreOverlay;OgrePaging;OgreProperty;OgreRTShaderSystem;OgreTerrain;OgreVolume;OgreMain
[2.493s] -- OGRE_LIBRARY_DIRS: /opt/ros/humble/opt/rviz_ogre_vendor/lib
[2.493s] -- OGRE_PLUGINS: Plugin_BSPSceneManager;Plugin_OctreeSceneManager;Plugin_PCZSceneManager;Plugin_ParticleFX;RenderSystem_GL;RenderSystem_GL3Plus;Codec_STBI
[2.493s] -- OGRE_PLUGIN_DIR: /opt/ros/humble/opt/rviz_ogre_vendor/lib/OGRE
[2.493s] -- rviz_ogre_vendor::OgreOverlay for IMPORTED_LOCATION_RELEASE: /opt/ros/humble/opt/rviz_ogre_vendor/lib/libOgreOverlay.so
[2.494s] -- rviz_ogre_vendor::OgreOverlay for IMPORTED_LOCATION_DEBUG: /opt/ros/humble/opt/rviz_ogre_vendor/lib/libOgreOverlay.so
[2.494s] -- rviz_ogre_vendor::OgreMain for IMPORTED_LOCATION_RELEASE: /opt/ros/humble/opt/rviz_ogre_vendor/lib/libOgreMain.so
[2.494s] -- rviz_ogre_vendor::OgreMain for IMPORTED_LOCATION_DEBUG: /opt/ros/humble/opt/rviz_ogre_vendor/lib/libOgreMain.so
[2.539s] -- rviz_ogre_vendor::RenderSystem_GL for IMPORTED_LOCATION_RELEASE: _render_system_gl_static_library_abs-NOTFOUND
[2.539s] -- rviz_ogre_vendor::RenderSystem_GL for IMPORTED_LOCATION_DEBUG: _render_system_gl_static_library_abs-NOTFOUND
[2.568s] -- library: /usr/lib/x86_64-linux-gnu/libcurl.so
[2.624s] -- Found rviz_default_plugins: 11.2.11 (/opt/ros/humble/share/rviz_default_plugins/cmake)
[3.002s] -- Found required Ceres dependency: Eigen version 3.4.0 in /usr/include/eigen3
[3.004s] -- Found required Ceres dependency: glog
[3.004s] -- Found required Ceres dependency: gflags
[3.005s] -- Found Ceres version: 2.0.0 installed in: /usr with components: [EigenSparse, SparseLinearAlgebraLibrary, LAPACK, SuiteSparse, CXSparse, SchurSpecializations, Multithreading]
[3.130s] [31mCMake Error at /opt/ros/humble/share/rosidl_adapter/cmake/rosidl_adapt_interfaces.cmake:59 (message):
[3.130s]   execute_process(/home/hp/anaconda3/bin/python3 -m rosidl_adapter
[3.130s]   --package-name slam_toolbox --arguments-file
[3.130s]   /home/hp/ROS2_WS/src/build/slam_toolbox/rosidl_adapter__arguments__slam_toolbox.json
[3.130s]   --output-dir
[3.130s]   /home/hp/ROS2_WS/src/build/slam_toolbox/rosidl_adapter/slam_toolbox
[3.131s]   --output-file
[3.131s]   /home/hp/ROS2_WS/src/build/slam_toolbox/rosidl_adapter/slam_toolbox.idls)
[3.131s]   returned error code 1:
[3.131s] 
[3.131s]   CompatibilityError processing template 'srv.idl.em'
[3.131s] 
[3.131s]   Traceback (most recent call last):
[3.131s] 
[3.131s]     File "/opt/ros/humble/local/lib/python3.10/dist-packages/rosidl_adapter/resource/__init__.py", line 48, in evaluate_template
[3.131s]       _interpreter = Interpreter(
[3.131s]                      ^^^^^^^^^^^^
[3.131s]     File "/home/hp/anaconda3/lib/python3.11/site-packages/em.py", line 4369, in __init__
[3.132s]       raise CompatibilityError("unrecognized Interpreter constructor keyword arguments; when calling expand, use locals dictionary instead of keywords: %s" % badKeys, keys=badKeys)
[3.132s] 
[3.132s]   em.CompatibilityError: unrecognized Interpreter constructor keyword
[3.132s]   arguments; when calling expand, use locals dictionary instead of keywords:
[3.132s]   ['options']
[3.132s] 
[3.132s]   
[3.132s] 
[3.132s]   During handling of the above exception, another exception occurred:
[3.132s] 
[3.132s]   
[3.132s] 
[3.132s]   Traceback (most recent call last):
[3.132s] 
[3.132s]     File "<frozen runpy>", line 198, in _run_module_as_main
[3.133s]     File "<frozen runpy>", line 88, in _run_code
[3.133s]     File "/opt/ros/humble/local/lib/python3.10/dist-packages/rosidl_adapter/__main__.py", line 19, in <module>
[3.133s]       sys.exit(main())
[3.133s]                ^^^^^^
[3.133s]     File "/opt/ros/humble/local/lib/python3.10/dist-packages/rosidl_adapter/main.py", line 53, in main
[3.133s]       abs_idl_file = convert_to_idl(
[3.133s]                      ^^^^^^^^^^^^^^^
[3.133s]     File "/opt/ros/humble/local/lib/python3.10/dist-packages/rosidl_adapter/__init__.py", line 24, in convert_to_idl
[3.133s]       return convert_srv_to_idl(
[3.133s]              ^^^^^^^^^^^^^^^^^^^
[3.133s]     File "/opt/ros/humble/local/lib/python3.10/dist-packages/rosidl_adapter/srv/__init__.py", line 39, in convert_srv_to_idl
[3.133s]       expand_template('srv.idl.em', data, output_file, encoding='iso-8859-1')
[3.133s]     File "/opt/ros/humble/local/lib/python3.10/dist-packages/rosidl_adapter/resource/__init__.py", line 23, in expand_template
[3.133s]       content = evaluate_template(template_name, data)
[3.133s]                 ^^^^^^^^^^^^^^^^^^^^^^^^^^^^^^^^^^^^^^
[3.134s]     File "/opt/ros/humble/local/lib/python3.10/dist-packages/rosidl_adapter/resource/__init__.py", line 69, in evaluate_template
[3.134s]       _interpreter.shutdown()
[3.134s]       ^^^^^^^^^^^^^^^^^^^^^
[3.134s] 
[3.134s]   AttributeError: 'NoneType' object has no attribute 'shutdown'
[3.134s] 
[3.134s] Call Stack (most recent call first):
[3.134s]   /opt/ros/humble/share/rosidl_cmake/cmake/rosidl_generate_interfaces.cmake:130 (rosidl_adapt_interfaces)
[3.134s]   CMakeLists.txt:105 (rosidl_generate_interfaces)
[3.134s] 
[3.134s] [0m
[3.134s] -- Configuring incomplete, errors occurred!
[3.135s] See also "/home/hp/ROS2_WS/src/build/slam_toolbox/CMakeFiles/CMakeOutput.log".
[3.135s] See also "/home/hp/ROS2_WS/src/build/slam_toolbox/CMakeFiles/CMakeError.log".
[3.143s] Invoked command in '/home/hp/ROS2_WS/src/build/slam_toolbox' returned '1': CMAKE_PREFIX_PATH=${CMAKE_PREFIX_PATH}:/home/hp/ROS2_WS/install/my_robot_controller:/home/hp/ROS2_WS/install/my_exo:/home/hp/ROS2_WS/install/dynamic_tf:/home/hp/ROS2_WS/install/Dynamic_tf:/home/hp/ROS2_WS/install/DYNAMIC_TF:/home/hp/ROS2_WS/src/install/my_robot_controller:/home/hp/ROS2_WS/src/install/my_exo:/home/hp/ROS2_WS/src/install/dynamic_tf:/opt/ros/humble CONDA_PROMPT_MODIFIER=(base) /usr/bin/cmake /home/hp/ROS2_WS/src/slam_toolbox -DAMENT_CMAKE_SYMLINK_INSTALL=1 -DCMAKE_INSTALL_PREFIX=/home/hp/ROS2_WS/src/install/slam_toolbox
