[1.073s] Invoking command in '/home/hp/ROS2_WS/build/slam_toolbox': CMAKE_PREFIX_PATH=${CMAKE_PREFIX_PATH}:/home/hp/ROS2_WS/install/my_robot_controller:/home/hp/ROS2_WS/install/my_exo:/home/hp/ROS2_WS/install/dynamic_tf:/opt/ros/humble /usr/bin/cmake --build /home/hp/ROS2_WS/build/slam_toolbox -- -j8 -l8
[1.629s] [35m[1mConsolidate compiler generated dependencies of target kartoSlamToolbox[0m
[1.662s] [  0%] Built target slam_toolbox__cpp
[1.796s] [  1%] [32mBuilding CXX object lib/karto_sdk/CMakeFiles/kartoSlamToolbox.dir/src/Mapper.cpp.o[0m
[1.799s] [ 10%] Built target slam_toolbox__rosidl_generator_c
[1.806s] [ 10%] Built target ament_cmake_python_symlink_slam_toolbox
[1.958s] [ 19%] Built target slam_toolbox__rosidl_typesupport_fastrtps_cpp
[1.980s] [ 28%] Built target slam_toolbox__rosidl_typesupport_introspection_cpp
[2.003s] [ 37%] Built target slam_toolbox__rosidl_typesupport_introspection_c
[2.102s] running egg_info
[2.102s] writing slam_toolbox.egg-info/PKG-INFO
[2.102s] writing dependency_links to slam_toolbox.egg-info/dependency_links.txt
[2.103s] writing top-level names to slam_toolbox.egg-info/top_level.txt
[2.105s] reading manifest file 'slam_toolbox.egg-info/SOURCES.txt'
[2.106s] writing manifest file 'slam_toolbox.egg-info/SOURCES.txt'
[2.134s] [ 37%] Built target ament_cmake_python_build_slam_toolbox_egg
[2.162s] [ 46%] Built target slam_toolbox__rosidl_typesupport_c
[2.167s] [ 55%] Built target slam_toolbox__rosidl_typesupport_cpp
[2.373s] [ 64%] Built target slam_toolbox__rosidl_typesupport_fastrtps_c
[2.433s] [ 64%] Built target slam_toolbox
[2.455s] [ 66%] Built target SlamToolboxPlugin
[2.504s] [ 67%] Built target slam_toolbox__py
[2.677s] [ 75%] Built target slam_toolbox__rosidl_generator_py
[2.806s] [ 76%] Built target slam_toolbox__rosidl_typesupport_fastrtps_c__pyext
[2.851s] [ 77%] Built target slam_toolbox__rosidl_typesupport_c__pyext
[2.860s] [ 78%] Built target slam_toolbox__rosidl_typesupport_introspection_c__pyext
[8.074s] [01m[K/home/hp/ROS2_WS/src/slam_toolbox/lib/karto_sdk/src/Mapper.cpp:[m[K In member function â€˜[01m[Kvirtual kt_bool karto::Mapper::Process(karto::LocalizedRangeScan*, karto::Matrix3*)[m[Kâ€™:
[8.075s] [01m[K/home/hp/ROS2_WS/src/slam_toolbox/lib/karto_sdk/src/Mapper.cpp:2849:33:[m[K [01;31m[Kerror: [m[Kâ€˜[01m[Kxml_woarchive[m[Kâ€™ is not a member of â€˜[01m[Kboost::archive[m[Kâ€™; did you mean â€˜[01m[Kxml_oarchive[m[Kâ€™?
[8.075s]  2849 |                 boost::archive::[01;31m[Kxml_woarchive[m[K scan_oa(scan_ofs);
[8.075s]       |                                 [01;31m[K^~~~~~~~~~~~~[m[K
[8.075s]       |                                 [32m[Kxml_oarchive[m[K
[8.088s] [01m[K/home/hp/ROS2_WS/src/slam_toolbox/lib/karto_sdk/src/Mapper.cpp:2852:17:[m[K [01;31m[Kerror: [m[Kâ€˜[01m[Kscan_oa[m[Kâ€™ was not declared in this scope; did you mean â€˜[01m[Kscan_ofs[m[Kâ€™?
[8.088s]  2852 |                 [01;31m[Kscan_oa[m[K << BOOST_SERIALIZATION_NVP(pScan);
[8.088s]       |                 [01;31m[K^~~~~~~[m[K
[8.088s]       |                 [32m[Kscan_ofs[m[K
[11.919s] gmake[2]: *** [lib/karto_sdk/CMakeFiles/kartoSlamToolbox.dir/build.make:90: lib/karto_sdk/CMakeFiles/kartoSlamToolbox.dir/src/Mapper.cpp.o] Error 1
[11.919s] gmake[1]: *** [CMakeFiles/Makefile2:1045: lib/karto_sdk/CMakeFiles/kartoSlamToolbox.dir/all] Error 2
[11.919s] gmake: *** [Makefile:146: all] Error 2
[11.923s] Invoked command in '/home/hp/ROS2_WS/build/slam_toolbox' returned '2': CMAKE_PREFIX_PATH=${CMAKE_PREFIX_PATH}:/home/hp/ROS2_WS/install/my_robot_controller:/home/hp/ROS2_WS/install/my_exo:/home/hp/ROS2_WS/install/dynamic_tf:/opt/ros/humble /usr/bin/cmake --build /home/hp/ROS2_WS/build/slam_toolbox -- -j8 -l8
