[0.805s] Invoking command in '/home/hp/ROS2_WS/build/slam_toolbox': CMAKE_PREFIX_PATH=${CMAKE_PREFIX_PATH}:/home/hp/ROS2_WS/install/my_robot_controller:/home/hp/ROS2_WS/install/my_exo:/home/hp/ROS2_WS/install/dynamic_tf:/opt/ros/humble /usr/bin/cmake --build /home/hp/ROS2_WS/build/slam_toolbox -- -j8 -l8
[0.899s] [  0%] Built target slam_toolbox__cpp
[0.925s] [35m[1mConsolidate compiler generated dependencies of target kartoSlamToolbox[0m
[0.942s] [  0%] Built target ament_cmake_python_symlink_slam_toolbox
[0.954s] [  9%] Built target slam_toolbox__rosidl_typesupport_cpp
[0.955s] [ 18%] Built target slam_toolbox__rosidl_generator_c
[0.973s] [ 27%] Built target slam_toolbox__rosidl_typesupport_introspection_cpp
[0.980s] [ 36%] Built target slam_toolbox__rosidl_typesupport_fastrtps_cpp
[1.000s] [ 37%] [32mBuilding CXX object lib/karto_sdk/CMakeFiles/kartoSlamToolbox.dir/src/Karto.cpp.o[0m
[1.013s] [ 46%] Built target slam_toolbox__rosidl_typesupport_fastrtps_c
[1.022s] [ 47%] [32mBuilding CXX object lib/karto_sdk/CMakeFiles/kartoSlamToolbox.dir/src/Mapper.cpp.o[0m
[1.028s] [ 56%] Built target slam_toolbox__rosidl_typesupport_introspection_c
[1.039s] [ 58%] Built target SlamToolboxPlugin
[1.040s] [ 67%] Built target slam_toolbox__rosidl_typesupport_c
[1.069s] [ 67%] Built target slam_toolbox
[1.100s] [ 68%] Built target slam_toolbox__py
[1.145s] [ 76%] Built target slam_toolbox__rosidl_generator_py
[1.188s] [ 77%] Built target slam_toolbox__rosidl_typesupport_introspection_c__pyext
[1.217s] [ 79%] Built target slam_toolbox__rosidl_typesupport_fastrtps_c__pyext
[1.218s] [ 79%] Built target slam_toolbox__rosidl_typesupport_c__pyext
[1.456s] running egg_info
[1.456s] writing slam_toolbox.egg-info/PKG-INFO
[1.457s] writing dependency_links to slam_toolbox.egg-info/dependency_links.txt
[1.457s] writing top-level names to slam_toolbox.egg-info/top_level.txt
[1.460s] reading manifest file 'slam_toolbox.egg-info/SOURCES.txt'
[1.461s] writing manifest file 'slam_toolbox.egg-info/SOURCES.txt'
[1.513s] [ 79%] Built target ament_cmake_python_build_slam_toolbox_egg
[3.447s] In file included from [01m[K/home/hp/ROS2_WS/src/slam_toolbox/lib/karto_sdk/src/Karto.cpp:27[m[K:
[3.447s] [01m[K/home/hp/ROS2_WS/src/slam_toolbox/lib/karto_sdk/include/karto_sdk/Karto.h:[m[K In member function â€˜[01m[Kvoid karto::Matrix3::load(std::istream&)[m[Kâ€™:
[3.447s] [01m[K/home/hp/ROS2_WS/src/slam_toolbox/lib/karto_sdk/include/karto_sdk/Karto.h:2715:21:[m[K [01;31m[Kerror: [m[Kâ€˜[01m[Kxml_iarchive[m[Kâ€™ is not a member of â€˜[01m[Kboost::archive[m[Kâ€™; did you mean â€˜[01m[Kxml_oarchive[m[Kâ€™?
[3.447s]  2715 |     boost::archive::[01;31m[Kxml_iarchive[m[K ia(is);
[3.447s]       |                     [01;31m[K^~~~~~~~~~~~[m[K
[3.447s]       |                     [32m[Kxml_oarchive[m[K
[3.451s] [01m[K/home/hp/ROS2_WS/src/slam_toolbox/lib/karto_sdk/include/karto_sdk/Karto.h:2716:5:[m[K [01;31m[Kerror: [m[Kâ€˜[01m[Kia[m[Kâ€™ was not declared in this scope; did you mean â€˜[01m[Kis[m[Kâ€™?
[3.452s]  2716 |     [01;31m[Kia[m[K >> boost::serialization::make_nvp("Matrix3", *this);
[3.452s]       |     [01;31m[K^~[m[K
[3.452s]       |     [32m[Kis[m[K
[3.498s] In file included from [01m[K/home/hp/ROS2_WS/src/slam_toolbox/lib/karto_sdk/src/Karto.cpp:27[m[K:
[3.498s] [01m[K/home/hp/ROS2_WS/src/slam_toolbox/lib/karto_sdk/include/karto_sdk/Karto.h:[m[K At global scope:
[3.499s] [01m[K/home/hp/ROS2_WS/src/slam_toolbox/lib/karto_sdk/include/karto_sdk/Karto.h:5818:8:[m[K [01;31m[Kerror: [m[KISO C++ forbids declaration of â€˜[01m[KMÃ©thode[m[Kâ€™ with no type [[01;31m[K]8;;https://gcc.gnu.org/onlinedocs/gcc/Warning-Options.html#index-fpermissive-fpermissive]8;;[m[K]
[3.499s]  5818 |      * [01;31m[KMÃ©thode[m[K pour sÃ©rialiser un objet LocalizedRangeScan dans un fichier binaire
[3.499s]       |        [01;31m[K^~~~~~~[m[K
[3.499s] [01m[K/home/hp/ROS2_WS/src/slam_toolbox/lib/karto_sdk/include/karto_sdk/Karto.h:5818:8:[m[K [01;31m[Kerror: [m[Kexpected â€˜[01m[K;[m[Kâ€™ at end of member declaration
[3.499s]  5818 |      * [01;31m[KMÃ©thode[m[K pour sÃ©rialiser un objet LocalizedRangeScan dans un fichier binaire
[3.499s]       |        [01;31m[K^~~~~~~[m[K
[3.499s]       |               [32m[K;[m[K
[3.500s] [01m[K/home/hp/ROS2_WS/src/slam_toolbox/lib/karto_sdk/include/karto_sdk/Karto.h:5818:16:[m[K [01;31m[Kerror: [m[Kâ€˜[01m[Kpour[m[Kâ€™ does not name a type
[3.500s]  5818 |      * MÃ©thode [01;31m[Kpour[m[K sÃ©rialiser un objet LocalizedRangeScan dans un fichier binaire
[3.500s]       |                [01;31m[K^~~~[m[K
[5.054s] In file included from [01m[K/home/hp/ROS2_WS/src/slam_toolbox/lib/karto_sdk/include/karto_sdk/Mapper.h:36[m[K,
[5.054s]                  from [01m[K/home/hp/ROS2_WS/src/slam_toolbox/lib/karto_sdk/src/Mapper.cpp:37[m[K:
[5.054s] [01m[K/home/hp/ROS2_WS/src/slam_toolbox/lib/karto_sdk/include/karto_sdk/Karto.h:[m[K In member function â€˜[01m[Kvoid karto::Matrix3::load(std::istream&)[m[Kâ€™:
[5.054s] [01m[K/home/hp/ROS2_WS/src/slam_toolbox/lib/karto_sdk/include/karto_sdk/Karto.h:2715:21:[m[K [01;31m[Kerror: [m[Kâ€˜[01m[Kxml_iarchive[m[Kâ€™ is not a member of â€˜[01m[Kboost::archive[m[Kâ€™; did you mean â€˜[01m[Kxml_oarchive[m[Kâ€™?
[5.054s]  2715 |     boost::archive::[01;31m[Kxml_iarchive[m[K ia(is);
[5.054s]       |                     [01;31m[K^~~~~~~~~~~~[m[K
[5.054s]       |                     [32m[Kxml_oarchive[m[K
[5.055s] gmake[2]: *** [lib/karto_sdk/CMakeFiles/kartoSlamToolbox.dir/build.make:76: lib/karto_sdk/CMakeFiles/kartoSlamToolbox.dir/src/Karto.cpp.o] Error 1
[5.055s] gmake[2]: *** Waiting for unfinished jobs....
[5.067s] [01m[K/home/hp/ROS2_WS/src/slam_toolbox/lib/karto_sdk/include/karto_sdk/Karto.h:2716:5:[m[K [01;31m[Kerror: [m[Kâ€˜[01m[Kia[m[Kâ€™ was not declared in this scope; did you mean â€˜[01m[Kis[m[Kâ€™?
[5.067s]  2716 |     [01;31m[Kia[m[K >> boost::serialization::make_nvp("Matrix3", *this);
[5.067s]       |     [01;31m[K^~[m[K
[5.067s]       |     [32m[Kis[m[K
[5.108s] In file included from [01m[K/home/hp/ROS2_WS/src/slam_toolbox/lib/karto_sdk/include/karto_sdk/Mapper.h:36[m[K,
[5.108s]                  from [01m[K/home/hp/ROS2_WS/src/slam_toolbox/lib/karto_sdk/src/Mapper.cpp:37[m[K:
[5.108s] [01m[K/home/hp/ROS2_WS/src/slam_toolbox/lib/karto_sdk/include/karto_sdk/Karto.h:[m[K At global scope:
[5.108s] [01m[K/home/hp/ROS2_WS/src/slam_toolbox/lib/karto_sdk/include/karto_sdk/Karto.h:5818:8:[m[K [01;31m[Kerror: [m[KISO C++ forbids declaration of â€˜[01m[KMÃ©thode[m[Kâ€™ with no type [[01;31m[K]8;;https://gcc.gnu.org/onlinedocs/gcc/Warning-Options.html#index-fpermissive-fpermissive]8;;[m[K]
[5.108s]  5818 |      * [01;31m[KMÃ©thode[m[K pour sÃ©rialiser un objet LocalizedRangeScan dans un fichier binaire
[5.108s]       |        [01;31m[K^~~~~~~[m[K
[5.108s] [01m[K/home/hp/ROS2_WS/src/slam_toolbox/lib/karto_sdk/include/karto_sdk/Karto.h:5818:8:[m[K [01;31m[Kerror: [m[Kexpected â€˜[01m[K;[m[Kâ€™ at end of member declaration
[5.109s]  5818 |      * [01;31m[KMÃ©thode[m[K pour sÃ©rialiser un objet LocalizedRangeScan dans un fichier binaire
[5.109s]       |        [01;31m[K^~~~~~~[m[K
[5.109s]       |               [32m[K;[m[K
[5.111s] [01m[K/home/hp/ROS2_WS/src/slam_toolbox/lib/karto_sdk/include/karto_sdk/Karto.h:5818:16:[m[K [01;31m[Kerror: [m[Kâ€˜[01m[Kpour[m[Kâ€™ does not name a type
[5.111s]  5818 |      * MÃ©thode [01;31m[Kpour[m[K sÃ©rialiser un objet LocalizedRangeScan dans un fichier binaire
[5.111s]       |                [01;31m[K^~~~[m[K
[5.281s] [01m[K/home/hp/ROS2_WS/src/slam_toolbox/lib/karto_sdk/src/Mapper.cpp:[m[K In member function â€˜[01m[Kvirtual kt_bool karto::Mapper::Process(karto::LocalizedRangeScan*, karto::Matrix3*)[m[Kâ€™:
[5.282s] [01m[K/home/hp/ROS2_WS/src/slam_toolbox/lib/karto_sdk/src/Mapper.cpp:2836:16:[m[K [01;31m[Kerror: [m[Kâ€˜[01m[Kclass karto::LocalizedRangeScan[m[Kâ€™ has no member named â€˜[01m[KSerialize[m[Kâ€™; did you mean â€˜[01m[Kserialize[m[Kâ€™?
[5.282s]  2836 |         pScan->[01;31m[KSerialize[m[K("scan_data.bin");
[5.282s]       |                [01;31m[K^~~~~~~~~[m[K
[5.282s]       |                [32m[Kserialize[m[K
[5.282s] [01m[K/home/hp/ROS2_WS/src/slam_toolbox/lib/karto_sdk/src/Mapper.cpp:2838:30:[m[K [01;31m[Kerror: [m[Kno matching function for call to â€˜[01m[Kkarto::Matrix3::serialize(const char [20])[m[Kâ€™
[5.282s]  2838 |         [01;31m[Kcovariance->serialize("covariance_data.bin")[m[K;
[5.282s]       |         [01;31m[K~~~~~~~~~~~~~~~~~~~~~^~~~~~~~~~~~~~~~~~~~~~~[m[K
[5.282s] In file included from [01m[K/home/hp/ROS2_WS/src/slam_toolbox/lib/karto_sdk/include/karto_sdk/Mapper.h:36[m[K,
[5.282s]                  from [01m[K/home/hp/ROS2_WS/src/slam_toolbox/lib/karto_sdk/src/Mapper.cpp:37[m[K:
[5.283s] [01m[K/home/hp/ROS2_WS/src/slam_toolbox/lib/karto_sdk/include/karto_sdk/Karto.h:2723:8:[m[K [01;36m[Knote: [m[Kcandidate: â€˜[01m[Ktemplate<class Archive> void karto::Matrix3::serialize(Archive&, unsigned int)[m[Kâ€™
[5.283s]  2723 |   void [01;36m[Kserialize[m[K(Archive & ar, const unsigned int version)
[5.283s]       |        [01;36m[K^~~~~~~~~[m[K
[5.283s] [01m[K/home/hp/ROS2_WS/src/slam_toolbox/lib/karto_sdk/include/karto_sdk/Karto.h:2723:8:[m[K [01;36m[Knote: [m[K  template argument deduction/substitution failed:
[5.283s] [01m[K/home/hp/ROS2_WS/src/slam_toolbox/lib/karto_sdk/src/Mapper.cpp:2838:30:[m[K [01;36m[Knote: [m[K  candidate expects 2 arguments, 1 provided
[5.283s]  2838 |         [01;36m[Kcovariance->serialize("covariance_data.bin")[m[K;
[5.283s]       |         [01;36m[K~~~~~~~~~~~~~~~~~~~~~^~~~~~~~~~~~~~~~~~~~~~~[m[K
[7.816s] gmake[2]: *** [lib/karto_sdk/CMakeFiles/kartoSlamToolbox.dir/build.make:90: lib/karto_sdk/CMakeFiles/kartoSlamToolbox.dir/src/Mapper.cpp.o] Error 1
[7.817s] gmake[1]: *** [CMakeFiles/Makefile2:1045: lib/karto_sdk/CMakeFiles/kartoSlamToolbox.dir/all] Error 2
[7.817s] gmake: *** [Makefile:146: all] Error 2
[7.819s] Invoked command in '/home/hp/ROS2_WS/build/slam_toolbox' returned '2': CMAKE_PREFIX_PATH=${CMAKE_PREFIX_PATH}:/home/hp/ROS2_WS/install/my_robot_controller:/home/hp/ROS2_WS/install/my_exo:/home/hp/ROS2_WS/install/dynamic_tf:/opt/ros/humble /usr/bin/cmake --build /home/hp/ROS2_WS/build/slam_toolbox -- -j8 -l8
