[  0%] Built target slam_toolbox__cpp
[35m[1mConsolidate compiler generated dependencies of target kartoSlamToolbox[0m
[  9%] Built target slam_toolbox__rosidl_generator_c
[  9%] Built target ament_cmake_python_symlink_slam_toolbox
[ 10%] [32mBuilding CXX object lib/karto_sdk/CMakeFiles/kartoSlamToolbox.dir/src/Mapper.cpp.o[0m
[ 19%] Built target slam_toolbox__rosidl_typesupport_cpp
[ 28%] Built target slam_toolbox__rosidl_typesupport_introspection_cpp
[ 37%] Built target slam_toolbox__rosidl_typesupport_fastrtps_cpp
[ 51%] Built target slam_toolbox__rosidl_typesupport_fastrtps_c
[ 55%] Built target slam_toolbox__rosidl_typesupport_introspection_c
[ 64%] Built target slam_toolbox__rosidl_typesupport_c
[ 64%] Built target slam_toolbox
[ 66%] Built target SlamToolboxPlugin
[ 67%] Built target slam_toolbox__py
[ 75%] Built target slam_toolbox__rosidl_generator_py
[ 76%] Built target slam_toolbox__rosidl_typesupport_introspection_c__pyext
[ 77%] Built target slam_toolbox__rosidl_typesupport_c__pyext
[ 78%] Built target slam_toolbox__rosidl_typesupport_fastrtps_c__pyext
running egg_info
writing slam_toolbox.egg-info/PKG-INFO
writing dependency_links to slam_toolbox.egg-info/dependency_links.txt
writing top-level names to slam_toolbox.egg-info/top_level.txt
reading manifest file 'slam_toolbox.egg-info/SOURCES.txt'
writing manifest file 'slam_toolbox.egg-info/SOURCES.txt'
[ 78%] Built target ament_cmake_python_build_slam_toolbox_egg
[01m[K/home/hp/ROS2_WS/src/slam_toolbox/lib/karto_sdk/src/Mapper.cpp:[m[K In member function â€˜[01m[Kvirtual kt_bool karto::Mapper::Process(karto::LocalizedRangeScan*, karto::Matrix3*)[m[Kâ€™:
[01m[K/home/hp/ROS2_WS/src/slam_toolbox/lib/karto_sdk/src/Mapper.cpp:2841:62:[m[K [01;31m[Kerror: [m[Ka function-definition is not allowed here before â€˜[01m[K{[m[Kâ€™ token
 2841 |         std::string wstring_to_utf8(const std::wstring& str) [01;31m[K{[m[K
      |                                                              [01;31m[K^[m[K
[01m[K/home/hp/ROS2_WS/src/slam_toolbox/lib/karto_sdk/src/Mapper.cpp:2848:40:[m[K [01;31m[Kerror: [m[Kâ€˜[01m[Kwstring_to_utf8[m[Kâ€™ was not declared in this scope
 2848 |             std::string scanFileName = [01;31m[Kwstring_to_utf8[m[K(scanFileNameW);
      |                                        [01;31m[K^~~~~~~~~~~~~~~[m[K
gmake[2]: *** [lib/karto_sdk/CMakeFiles/kartoSlamToolbox.dir/build.make:90: lib/karto_sdk/CMakeFiles/kartoSlamToolbox.dir/src/Mapper.cpp.o] Error 1
gmake[1]: *** [CMakeFiles/Makefile2:1045: lib/karto_sdk/CMakeFiles/kartoSlamToolbox.dir/all] Error 2
gmake: *** [Makefile:146: all] Error 2
