[35m[1mConsolidate compiler generated dependencies of target kartoSlamToolbox[0m
[  0%] Built target slam_toolbox__cpp
[  9%] Built target slam_toolbox__rosidl_generator_c
[  9%] Built target ament_cmake_python_symlink_slam_toolbox
[ 18%] Built target slam_toolbox__rosidl_typesupport_cpp
[ 19%] [32mBuilding CXX object lib/karto_sdk/CMakeFiles/kartoSlamToolbox.dir/src/Mapper.cpp.o[0m
[ 28%] Built target slam_toolbox__rosidl_typesupport_fastrtps_cpp
[ 46%] Built target slam_toolbox__rosidl_typesupport_fastrtps_c
[ 46%] Built target slam_toolbox__rosidl_typesupport_introspection_cpp
[ 55%] Built target slam_toolbox__rosidl_typesupport_c
[ 64%] Built target slam_toolbox__rosidl_typesupport_introspection_c
[ 66%] Built target SlamToolboxPlugin
[ 66%] Built target slam_toolbox
[ 67%] Built target slam_toolbox__py
[ 75%] Built target slam_toolbox__rosidl_generator_py
[ 76%] Built target slam_toolbox__rosidl_typesupport_introspection_c__pyext
[ 77%] Built target slam_toolbox__rosidl_typesupport_fastrtps_c__pyext
[ 78%] Built target slam_toolbox__rosidl_typesupport_c__pyext
running egg_info
writing slam_toolbox.egg-info/PKG-INFO
writing dependency_links to slam_toolbox.egg-info/dependency_links.txt
writing top-level names to slam_toolbox.egg-info/top_level.txt
reading manifest file 'slam_toolbox.egg-info/SOURCES.txt'
writing manifest file 'slam_toolbox.egg-info/SOURCES.txt'
[ 78%] Built target ament_cmake_python_build_slam_toolbox_egg
[01m[K/home/hp/ROS2_WS/src/slam_toolbox/lib/karto_sdk/src/Mapper.cpp:[m[K In member function â€˜[01m[Kvirtual kt_bool karto::Mapper::Process(karto::LocalizedRangeScan*, karto::Matrix3*)[m[Kâ€™:
[01m[K/home/hp/ROS2_WS/src/slam_toolbox/lib/karto_sdk/src/Mapper.cpp:2850:43:[m[K [01;31m[Kerror: [m[Kâ€˜[01m[KBOOST_SERIALIZATION_VERSION_HP[m[Kâ€™ was not declared in this scope; did you mean â€˜[01m[KBOOST_SERIALIZATION_VERSION_HPP[m[Kâ€™?
 2850 |                 pScan->serialize(scan_oa, [01;31m[KBOOST_SERIALIZATION_VERSION_HP[m[K(pScan));
      |                                           [01;31m[K^~~~~~~~~~~~~~~~~~~~~~~~~~~~~~[m[K
      |                                           [32m[KBOOST_SERIALIZATION_VERSION_HPP[m[K
[01m[K/home/hp/ROS2_WS/src/slam_toolbox/lib/karto_sdk/src/Mapper.cpp:2864:58:[m[K [01;31m[Kerror: [m[Kâ€˜[01m[KBOOST_SERIALIZATION_VERSION[m[Kâ€™ was not declared in this scope; did you mean â€˜[01m[KBOOST_SERIALIZATION_VERSION_HPP[m[Kâ€™?
 2864 |                     covariance->serialize(covariance_oa, [01;31m[KBOOST_SERIALIZATION_VERSION[m[K(covariance));
      |                                                          [01;31m[K^~~~~~~~~~~~~~~~~~~~~~~~~~~[m[K
      |                                                          [32m[KBOOST_SERIALIZATION_VERSION_HPP[m[K
gmake[2]: *** [lib/karto_sdk/CMakeFiles/kartoSlamToolbox.dir/build.make:90: lib/karto_sdk/CMakeFiles/kartoSlamToolbox.dir/src/Mapper.cpp.o] Error 1
gmake[1]: *** [CMakeFiles/Makefile2:1045: lib/karto_sdk/CMakeFiles/kartoSlamToolbox.dir/all] Error 2
gmake: *** [Makefile:146: all] Error 2
