[0.792s] Invoking command in '/home/hp/ROS2_WS/build/slam_toolbox': CMAKE_PREFIX_PATH=${CMAKE_PREFIX_PATH}:/home/hp/ROS2_WS/install/my_robot_controller:/home/hp/ROS2_WS/install/my_exo:/home/hp/ROS2_WS/install/dynamic_tf:/opt/ros/humble /usr/bin/cmake --build /home/hp/ROS2_WS/build/slam_toolbox -- -j8 -l8
[0.889s] [35m[1mConsolidate compiler generated dependencies of target kartoSlamToolbox[0m
[0.890s] [  0%] Built target slam_toolbox__cpp
[0.912s] [  9%] Built target slam_toolbox__rosidl_generator_c
[0.922s] [  9%] Built target ament_cmake_python_symlink_slam_toolbox
[0.949s] [ 18%] Built target slam_toolbox__rosidl_typesupport_cpp
[0.958s] [ 19%] [32mBuilding CXX object lib/karto_sdk/CMakeFiles/kartoSlamToolbox.dir/src/Mapper.cpp.o[0m
[0.971s] [ 28%] Built target slam_toolbox__rosidl_typesupport_fastrtps_cpp
[0.984s] [ 46%] Built target slam_toolbox__rosidl_typesupport_fastrtps_c
[0.985s] [ 46%] Built target slam_toolbox__rosidl_typesupport_introspection_cpp
[0.985s] [ 55%] Built target slam_toolbox__rosidl_typesupport_c
[0.997s] [ 64%] Built target slam_toolbox__rosidl_typesupport_introspection_c
[1.030s] [ 66%] Built target SlamToolboxPlugin
[1.032s] [ 66%] Built target slam_toolbox
[1.065s] [ 67%] Built target slam_toolbox__py
[1.112s] [ 75%] Built target slam_toolbox__rosidl_generator_py
[1.148s] [ 76%] Built target slam_toolbox__rosidl_typesupport_introspection_c__pyext
[1.151s] [ 77%] Built target slam_toolbox__rosidl_typesupport_fastrtps_c__pyext
[1.167s] [ 78%] Built target slam_toolbox__rosidl_typesupport_c__pyext
[1.569s] running egg_info
[1.570s] writing slam_toolbox.egg-info/PKG-INFO
[1.570s] writing dependency_links to slam_toolbox.egg-info/dependency_links.txt
[1.571s] writing top-level names to slam_toolbox.egg-info/top_level.txt
[1.576s] reading manifest file 'slam_toolbox.egg-info/SOURCES.txt'
[1.578s] writing manifest file 'slam_toolbox.egg-info/SOURCES.txt'
[1.647s] [ 78%] Built target ament_cmake_python_build_slam_toolbox_egg
[4.721s] [01m[K/home/hp/ROS2_WS/src/slam_toolbox/lib/karto_sdk/src/Mapper.cpp:[m[K In member function â€˜[01m[Kvirtual kt_bool karto::Mapper::Process(karto::LocalizedRangeScan*, karto::Matrix3*)[m[Kâ€™:
[4.721s] [01m[K/home/hp/ROS2_WS/src/slam_toolbox/lib/karto_sdk/src/Mapper.cpp:2850:43:[m[K [01;31m[Kerror: [m[Kâ€˜[01m[KBOOST_SERIALIZATION_VERSION_HP[m[Kâ€™ was not declared in this scope; did you mean â€˜[01m[KBOOST_SERIALIZATION_VERSION_HPP[m[Kâ€™?
[4.721s]  2850 |                 pScan->serialize(scan_oa, [01;31m[KBOOST_SERIALIZATION_VERSION_HP[m[K(pScan));
[4.721s]       |                                           [01;31m[K^~~~~~~~~~~~~~~~~~~~~~~~~~~~~~[m[K
[4.721s]       |                                           [32m[KBOOST_SERIALIZATION_VERSION_HPP[m[K
[4.763s] [01m[K/home/hp/ROS2_WS/src/slam_toolbox/lib/karto_sdk/src/Mapper.cpp:2864:58:[m[K [01;31m[Kerror: [m[Kâ€˜[01m[KBOOST_SERIALIZATION_VERSION[m[Kâ€™ was not declared in this scope; did you mean â€˜[01m[KBOOST_SERIALIZATION_VERSION_HPP[m[Kâ€™?
[4.763s]  2864 |                     covariance->serialize(covariance_oa, [01;31m[KBOOST_SERIALIZATION_VERSION[m[K(covariance));
[4.763s]       |                                                          [01;31m[K^~~~~~~~~~~~~~~~~~~~~~~~~~~[m[K
[4.763s]       |                                                          [32m[KBOOST_SERIALIZATION_VERSION_HPP[m[K
[7.478s] gmake[2]: *** [lib/karto_sdk/CMakeFiles/kartoSlamToolbox.dir/build.make:90: lib/karto_sdk/CMakeFiles/kartoSlamToolbox.dir/src/Mapper.cpp.o] Error 1
[7.478s] gmake[1]: *** [CMakeFiles/Makefile2:1045: lib/karto_sdk/CMakeFiles/kartoSlamToolbox.dir/all] Error 2
[7.479s] gmake: *** [Makefile:146: all] Error 2
[7.481s] Invoked command in '/home/hp/ROS2_WS/build/slam_toolbox' returned '2': CMAKE_PREFIX_PATH=${CMAKE_PREFIX_PATH}:/home/hp/ROS2_WS/install/my_robot_controller:/home/hp/ROS2_WS/install/my_exo:/home/hp/ROS2_WS/install/dynamic_tf:/opt/ros/humble /usr/bin/cmake --build /home/hp/ROS2_WS/build/slam_toolbox -- -j8 -l8
