[  0%] Built target ament_cmake_python_symlink_slam_toolbox
[  9%] Built target slam_toolbox__rosidl_generator_c
[  9%] Built target slam_toolbox__cpp
[ 10%] [32mBuilding CXX object lib/karto_sdk/CMakeFiles/kartoSlamToolbox.dir/src/Karto.cpp.o[0m
[ 11%] [32mBuilding CXX object lib/karto_sdk/CMakeFiles/kartoSlamToolbox.dir/src/Mapper.cpp.o[0m
[ 20%] Built target slam_toolbox__rosidl_typesupport_c
[ 29%] Built target slam_toolbox__rosidl_typesupport_fastrtps_c
[ 38%] Built target slam_toolbox__rosidl_typesupport_cpp
[ 47%] Built target slam_toolbox__rosidl_typesupport_introspection_c
[ 56%] Built target slam_toolbox__rosidl_typesupport_fastrtps_cpp
[ 65%] Built target slam_toolbox__rosidl_typesupport_introspection_cpp
[ 67%] Built target SlamToolboxPlugin
[ 67%] Built target slam_toolbox
[ 68%] Built target slam_toolbox__py
[ 76%] Built target slam_toolbox__rosidl_generator_py
[ 78%] Built target slam_toolbox__rosidl_typesupport_introspection_c__pyext
[ 78%] Built target slam_toolbox__rosidl_typesupport_fastrtps_c__pyext
[ 79%] Built target slam_toolbox__rosidl_typesupport_c__pyext
running egg_info
writing slam_toolbox.egg-info/PKG-INFO
writing dependency_links to slam_toolbox.egg-info/dependency_links.txt
writing top-level names to slam_toolbox.egg-info/top_level.txt
reading manifest file 'slam_toolbox.egg-info/SOURCES.txt'
writing manifest file 'slam_toolbox.egg-info/SOURCES.txt'
[ 79%] Built target ament_cmake_python_build_slam_toolbox_egg
[01m[K/home/hp/ROS2_WS/src/slam_toolbox/lib/karto_sdk/src/Mapper.cpp:[m[K In member function â€˜[01m[Kvirtual kt_bool karto::Mapper::Process(karto::LocalizedRangeScan*, karto::Matrix3*)[m[Kâ€™:
[01m[K/home/hp/ROS2_WS/src/slam_toolbox/lib/karto_sdk/src/Mapper.cpp:2737:25:[m[K [01;31m[Kerror: [m[Krequest for member â€˜[01m[KgetPose_m_odo[m[Kâ€™ in â€˜[01m[KpScan[m[Kâ€™, which is of pointer type â€˜[01m[Kkarto::LocalizedRangeScan*[m[Kâ€™ (maybe you meant to use â€˜[01m[K->[m[Kâ€™ ?)
 2737 |     outputFile << pScan.[01;31m[KgetPose_m_odo[m[K();
      |                         [01;31m[K^~~~~~~~~~~~~[m[K
gmake[2]: *** [lib/karto_sdk/CMakeFiles/kartoSlamToolbox.dir/build.make:90: lib/karto_sdk/CMakeFiles/kartoSlamToolbox.dir/src/Mapper.cpp.o] Error 1
gmake[2]: *** Waiting for unfinished jobs....
gmake[1]: *** [CMakeFiles/Makefile2:1045: lib/karto_sdk/CMakeFiles/kartoSlamToolbox.dir/all] Error 2
gmake: *** [Makefile:146: all] Error 2
