[0.910s] Invoking command in '/home/hp/ROS2_WS/src/build/slam_toolbox': CMAKE_PREFIX_PATH=${CMAKE_PREFIX_PATH}:/home/hp/ROS2_WS/install/my_robot_controller:/home/hp/ROS2_WS/install/my_exo:/home/hp/ROS2_WS/install/dynamic_tf:/home/hp/ROS2_WS/src/install/my_robot_controller:/home/hp/ROS2_WS/src/install/my_exo:/home/hp/ROS2_WS/src/install/dynamic_tf:/opt/ros/humble CONDA_PROMPT_MODIFIER=(base) /usr/bin/cmake --build /home/hp/ROS2_WS/src/build/slam_toolbox -- -j8 -l8
[1.065s] [  0%] Built target ament_cmake_python_symlink_slam_toolbox
[1.069s] [  9%] Built target slam_toolbox__rosidl_generator_c
[1.074s] [  9%] Built target slam_toolbox__cpp
[1.125s] [ 10%] [32mBuilding CXX object lib/karto_sdk/CMakeFiles/kartoSlamToolbox.dir/src/Karto.cpp.o[0m
[1.126s] [ 11%] [32mBuilding CXX object lib/karto_sdk/CMakeFiles/kartoSlamToolbox.dir/src/Mapper.cpp.o[0m
[1.138s] [ 20%] Built target slam_toolbox__rosidl_typesupport_c
[1.155s] [ 29%] Built target slam_toolbox__rosidl_typesupport_fastrtps_c
[1.168s] [ 38%] Built target slam_toolbox__rosidl_typesupport_cpp
[1.170s] [ 47%] Built target slam_toolbox__rosidl_typesupport_introspection_c
[1.175s] [ 56%] Built target slam_toolbox__rosidl_typesupport_fastrtps_cpp
[1.212s] [ 65%] Built target slam_toolbox__rosidl_typesupport_introspection_cpp
[1.240s] [ 67%] Built target SlamToolboxPlugin
[1.253s] [ 67%] Built target slam_toolbox
[1.293s] [ 68%] Built target slam_toolbox__py
[1.344s] [ 76%] Built target slam_toolbox__rosidl_generator_py
[1.398s] [ 78%] Built target slam_toolbox__rosidl_typesupport_introspection_c__pyext
[1.402s] [ 78%] Built target slam_toolbox__rosidl_typesupport_fastrtps_c__pyext
[1.407s] [ 79%] Built target slam_toolbox__rosidl_typesupport_c__pyext
[1.585s] running egg_info
[1.615s] writing slam_toolbox.egg-info/PKG-INFO
[1.616s] writing dependency_links to slam_toolbox.egg-info/dependency_links.txt
[1.617s] writing top-level names to slam_toolbox.egg-info/top_level.txt
[1.710s] reading manifest file 'slam_toolbox.egg-info/SOURCES.txt'
[1.711s] writing manifest file 'slam_toolbox.egg-info/SOURCES.txt'
[1.764s] [ 79%] Built target ament_cmake_python_build_slam_toolbox_egg
[21.270s] [01m[K/home/hp/ROS2_WS/src/slam_toolbox/lib/karto_sdk/src/Mapper.cpp:[m[K In member function â€˜[01m[Kvirtual kt_bool karto::Mapper::Process(karto::LocalizedRangeScan*, karto::Matrix3*)[m[Kâ€™:
[21.270s] [01m[K/home/hp/ROS2_WS/src/slam_toolbox/lib/karto_sdk/src/Mapper.cpp:2737:25:[m[K [01;31m[Kerror: [m[Krequest for member â€˜[01m[KgetPose_m_odo[m[Kâ€™ in â€˜[01m[KpScan[m[Kâ€™, which is of pointer type â€˜[01m[Kkarto::LocalizedRangeScan*[m[Kâ€™ (maybe you meant to use â€˜[01m[K->[m[Kâ€™ ?)
[21.270s]  2737 |     outputFile << pScan.[01;31m[KgetPose_m_odo[m[K();
[21.270s]       |                         [01;31m[K^~~~~~~~~~~~~[m[K
[24.197s] gmake[2]: *** [lib/karto_sdk/CMakeFiles/kartoSlamToolbox.dir/build.make:90: lib/karto_sdk/CMakeFiles/kartoSlamToolbox.dir/src/Mapper.cpp.o] Error 1
[24.197s] gmake[2]: *** Waiting for unfinished jobs....
[28.965s] gmake[1]: *** [CMakeFiles/Makefile2:1045: lib/karto_sdk/CMakeFiles/kartoSlamToolbox.dir/all] Error 2
[28.965s] gmake: *** [Makefile:146: all] Error 2
[28.969s] Invoked command in '/home/hp/ROS2_WS/src/build/slam_toolbox' returned '2': CMAKE_PREFIX_PATH=${CMAKE_PREFIX_PATH}:/home/hp/ROS2_WS/install/my_robot_controller:/home/hp/ROS2_WS/install/my_exo:/home/hp/ROS2_WS/install/dynamic_tf:/home/hp/ROS2_WS/src/install/my_robot_controller:/home/hp/ROS2_WS/src/install/my_exo:/home/hp/ROS2_WS/src/install/dynamic_tf:/opt/ros/humble CONDA_PROMPT_MODIFIER=(base) /usr/bin/cmake --build /home/hp/ROS2_WS/src/build/slam_toolbox -- -j8 -l8
