[01m[K/home/hp/ROS2_WS/src/slam_toolbox/lib/karto_sdk/src/Mapper.cpp:[m[K In member function â€˜[01m[Kvirtual kt_bool karto::Mapper::Process(karto::LocalizedRangeScan*, karto::Matrix3*)[m[Kâ€™:
[01m[K/home/hp/ROS2_WS/src/slam_toolbox/lib/karto_sdk/src/Mapper.cpp:2837:25:[m[K [01;31m[Kerror: [m[Kâ€˜[01m[Kxml_oarchive[m[Kâ€™ is not a member of â€˜[01m[Kboost::archive[m[Kâ€™; did you mean â€˜[01m[Kxml_iarchive[m[Kâ€™?
 2837 |         boost::archive::[01;31m[Kxml_oarchive[m[K scan_oa(scan_ofs);
      |                         [01;31m[K^~~~~~~~~~~~[m[K
      |                         [32m[Kxml_iarchive[m[K
[01m[K/home/hp/ROS2_WS/src/slam_toolbox/lib/karto_sdk/src/Mapper.cpp:2838:26:[m[K [01;31m[Kerror: [m[Kâ€˜[01m[Kscan_oa[m[Kâ€™ was not declared in this scope; did you mean â€˜[01m[Kscan_ofs[m[Kâ€™?
 2838 |         pScan->serialize([01;31m[Kscan_oa[m[K);
      |                          [01;31m[K^~~~~~~[m[K
      |                          [32m[Kscan_ofs[m[K
[01m[K/home/hp/ROS2_WS/src/slam_toolbox/lib/karto_sdk/src/Mapper.cpp:2843:31:[m[K [01;31m[Kerror: [m[Kâ€˜[01m[Kxml_oarchive[m[Kâ€™ is not a member of â€˜[01m[Kboost::archive[m[Kâ€™; did you mean â€˜[01m[Kxml_iarchive[m[Kâ€™?
 2843 |               boost::archive::[01;31m[Kxml_oarchive[m[K covariance_oa(covariance_ofs);
      |                               [01;31m[K^~~~~~~~~~~~[m[K
      |                               [32m[Kxml_iarchive[m[K
[01m[K/home/hp/ROS2_WS/src/slam_toolbox/lib/karto_sdk/src/Mapper.cpp:2844:37:[m[K [01;31m[Kerror: [m[Kâ€˜[01m[Kcovariance_oa[m[Kâ€™ was not declared in this scope; did you mean â€˜[01m[Kcovariance_ofs[m[Kâ€™?
 2844 |               covariance->serialize([01;31m[Kcovariance_oa[m[K);
      |                                     [01;31m[K^~~~~~~~~~~~~[m[K
      |                                     [32m[Kcovariance_ofs[m[K
gmake[2]: *** [lib/karto_sdk/CMakeFiles/kartoSlamToolbox.dir/build.make:90: lib/karto_sdk/CMakeFiles/kartoSlamToolbox.dir/src/Mapper.cpp.o] Error 1
gmake[1]: *** [CMakeFiles/Makefile2:1045: lib/karto_sdk/CMakeFiles/kartoSlamToolbox.dir/all] Error 2
gmake: *** [Makefile:146: all] Error 2
