[0.837s] Invoking command in '/home/hp/ROS2_WS/build/slam_toolbox': CMAKE_PREFIX_PATH=${CMAKE_PREFIX_PATH}:/home/hp/ROS2_WS/install/my_robot_controller:/home/hp/ROS2_WS/install/my_exo:/home/hp/ROS2_WS/install/dynamic_tf:/opt/ros/humble /usr/bin/cmake --build /home/hp/ROS2_WS/build/slam_toolbox -- -j8 -l8
[0.941s] [35m[1mConsolidate compiler generated dependencies of target kartoSlamToolbox[0m
[0.943s] [  9%] Built target slam_toolbox__rosidl_generator_c
[0.947s] [  9%] Built target slam_toolbox__cpp
[0.987s] [  9%] Built target ament_cmake_python_symlink_slam_toolbox
[1.000s] [ 18%] Built target slam_toolbox__rosidl_typesupport_fastrtps_c
[1.011s] [ 27%] Built target slam_toolbox__rosidl_typesupport_introspection_c
[1.015s] [ 28%] [32mBuilding CXX object lib/karto_sdk/CMakeFiles/kartoSlamToolbox.dir/src/Mapper.cpp.o[0m
[1.019s] [ 37%] Built target slam_toolbox__rosidl_typesupport_c
[1.032s] [ 46%] Built target slam_toolbox__rosidl_typesupport_introspection_cpp
[1.046s] [ 55%] Built target slam_toolbox__rosidl_typesupport_cpp
[1.057s] [ 64%] Built target slam_toolbox__rosidl_typesupport_fastrtps_cpp
[1.089s] [ 64%] Built target slam_toolbox
[1.100s] [ 66%] Built target SlamToolboxPlugin
[1.126s] [ 67%] Built target slam_toolbox__py
[1.169s] [ 75%] Built target slam_toolbox__rosidl_generator_py
[1.208s] [ 76%] Built target slam_toolbox__rosidl_typesupport_introspection_c__pyext
[1.223s] [ 77%] Built target slam_toolbox__rosidl_typesupport_fastrtps_c__pyext
[1.233s] [ 78%] Built target slam_toolbox__rosidl_typesupport_c__pyext
[1.622s] running egg_info
[1.623s] writing slam_toolbox.egg-info/PKG-INFO
[1.624s] writing dependency_links to slam_toolbox.egg-info/dependency_links.txt
[1.624s] writing top-level names to slam_toolbox.egg-info/top_level.txt
[1.630s] reading manifest file 'slam_toolbox.egg-info/SOURCES.txt'
[1.632s] writing manifest file 'slam_toolbox.egg-info/SOURCES.txt'
[1.694s] [ 78%] Built target ament_cmake_python_build_slam_toolbox_egg
[4.705s] [01m[K/home/hp/ROS2_WS/src/slam_toolbox/lib/karto_sdk/src/Mapper.cpp:[m[K In member function â€˜[01m[Kvirtual kt_bool karto::Mapper::Process(karto::LocalizedRangeScan*, karto::Matrix3*)[m[Kâ€™:
[4.705s] [01m[K/home/hp/ROS2_WS/src/slam_toolbox/lib/karto_sdk/src/Mapper.cpp:2837:25:[m[K [01;31m[Kerror: [m[Kâ€˜[01m[Kxml_oarchive[m[Kâ€™ is not a member of â€˜[01m[Kboost::archive[m[Kâ€™; did you mean â€˜[01m[Kxml_iarchive[m[Kâ€™?
[4.705s]  2837 |         boost::archive::[01;31m[Kxml_oarchive[m[K scan_oa(scan_ofs);
[4.705s]       |                         [01;31m[K^~~~~~~~~~~~[m[K
[4.705s]       |                         [32m[Kxml_iarchive[m[K
[4.719s] [01m[K/home/hp/ROS2_WS/src/slam_toolbox/lib/karto_sdk/src/Mapper.cpp:2838:26:[m[K [01;31m[Kerror: [m[Kâ€˜[01m[Kscan_oa[m[Kâ€™ was not declared in this scope; did you mean â€˜[01m[Kscan_ofs[m[Kâ€™?
[4.719s]  2838 |         pScan->serialize([01;31m[Kscan_oa[m[K);
[4.719s]       |                          [01;31m[K^~~~~~~[m[K
[4.719s]       |                          [32m[Kscan_ofs[m[K
[4.719s] [01m[K/home/hp/ROS2_WS/src/slam_toolbox/lib/karto_sdk/src/Mapper.cpp:2843:31:[m[K [01;31m[Kerror: [m[Kâ€˜[01m[Kxml_oarchive[m[Kâ€™ is not a member of â€˜[01m[Kboost::archive[m[Kâ€™; did you mean â€˜[01m[Kxml_iarchive[m[Kâ€™?
[4.719s]  2843 |               boost::archive::[01;31m[Kxml_oarchive[m[K covariance_oa(covariance_ofs);
[4.719s]       |                               [01;31m[K^~~~~~~~~~~~[m[K
[4.719s]       |                               [32m[Kxml_iarchive[m[K
[4.740s] [01m[K/home/hp/ROS2_WS/src/slam_toolbox/lib/karto_sdk/src/Mapper.cpp:2844:37:[m[K [01;31m[Kerror: [m[Kâ€˜[01m[Kcovariance_oa[m[Kâ€™ was not declared in this scope; did you mean â€˜[01m[Kcovariance_ofs[m[Kâ€™?
[4.740s]  2844 |               covariance->serialize([01;31m[Kcovariance_oa[m[K);
[4.740s]       |                                     [01;31m[K^~~~~~~~~~~~~[m[K
[4.740s]       |                                     [32m[Kcovariance_ofs[m[K
[7.265s] gmake[2]: *** [lib/karto_sdk/CMakeFiles/kartoSlamToolbox.dir/build.make:90: lib/karto_sdk/CMakeFiles/kartoSlamToolbox.dir/src/Mapper.cpp.o] Error 1
[7.265s] gmake[1]: *** [CMakeFiles/Makefile2:1045: lib/karto_sdk/CMakeFiles/kartoSlamToolbox.dir/all] Error 2
[7.266s] gmake: *** [Makefile:146: all] Error 2
[7.268s] Invoked command in '/home/hp/ROS2_WS/build/slam_toolbox' returned '2': CMAKE_PREFIX_PATH=${CMAKE_PREFIX_PATH}:/home/hp/ROS2_WS/install/my_robot_controller:/home/hp/ROS2_WS/install/my_exo:/home/hp/ROS2_WS/install/dynamic_tf:/opt/ros/humble /usr/bin/cmake --build /home/hp/ROS2_WS/build/slam_toolbox -- -j8 -l8
