[0.795s] Invoking command in '/home/hp/ROS2_WS/build/slam_toolbox': CMAKE_PREFIX_PATH=${CMAKE_PREFIX_PATH}:/home/hp/ROS2_WS/install/my_robot_controller:/home/hp/ROS2_WS/install/my_exo:/home/hp/ROS2_WS/install/dynamic_tf:/opt/ros/humble /usr/bin/cmake --build /home/hp/ROS2_WS/build/slam_toolbox -- -j8 -l8
[0.890s] [35m[1mConsolidate compiler generated dependencies of target kartoSlamToolbox[0m
[0.900s] [  0%] Built target slam_toolbox__cpp
[0.903s] [  9%] Built target slam_toolbox__rosidl_generator_c
[0.926s] [  9%] Built target ament_cmake_python_symlink_slam_toolbox
[0.957s] [ 10%] [32mBuilding CXX object lib/karto_sdk/CMakeFiles/kartoSlamToolbox.dir/src/Mapper.cpp.o[0m
[0.978s] [ 22%] Built target slam_toolbox__rosidl_typesupport_introspection_cpp
[0.980s] [ 28%] Built target slam_toolbox__rosidl_typesupport_cpp
[0.980s] [ 37%] Built target slam_toolbox__rosidl_typesupport_introspection_c
[0.981s] [ 46%] Built target slam_toolbox__rosidl_typesupport_fastrtps_c
[0.990s] [ 55%] Built target slam_toolbox__rosidl_typesupport_fastrtps_cpp
[1.014s] [ 64%] Built target slam_toolbox__rosidl_typesupport_c
[1.042s] [ 66%] Built target SlamToolboxPlugin
[1.046s] [ 66%] Built target slam_toolbox
[1.081s] [ 67%] Built target slam_toolbox__py
[1.137s] [ 75%] Built target slam_toolbox__rosidl_generator_py
[1.181s] [ 76%] Built target slam_toolbox__rosidl_typesupport_introspection_c__pyext
[1.185s] [ 77%] Built target slam_toolbox__rosidl_typesupport_fastrtps_c__pyext
[1.186s] [ 78%] Built target slam_toolbox__rosidl_typesupport_c__pyext
[1.576s] running egg_info
[1.577s] writing slam_toolbox.egg-info/PKG-INFO
[1.577s] writing dependency_links to slam_toolbox.egg-info/dependency_links.txt
[1.578s] writing top-level names to slam_toolbox.egg-info/top_level.txt
[1.583s] reading manifest file 'slam_toolbox.egg-info/SOURCES.txt'
[1.585s] writing manifest file 'slam_toolbox.egg-info/SOURCES.txt'
[1.646s] [ 78%] Built target ament_cmake_python_build_slam_toolbox_egg
[4.713s] [01m[K/home/hp/ROS2_WS/src/slam_toolbox/lib/karto_sdk/src/Mapper.cpp:[m[K In member function â€˜[01m[Kvirtual kt_bool karto::Mapper::Process(karto::LocalizedRangeScan*, karto::Matrix3*)[m[Kâ€™:
[4.713s] [01m[K/home/hp/ROS2_WS/src/slam_toolbox/lib/karto_sdk/src/Mapper.cpp:2806:29:[m[K [01;31m[Kerror: [m[Kreturn-statement with no value, in function returning â€˜[01m[Kkt_bool[m[Kâ€™ {aka â€˜[01m[Kbool[m[Kâ€™} [[01;31m[K]8;;https://gcc.gnu.org/onlinedocs/gcc/Warning-Options.html#index-fpermissive-fpermissive]8;;[m[K]
[4.713s]  2806 |                             [01;31m[Kreturn[m[K;
[4.713s]       |                             [01;31m[K^~~~~~[m[K
[4.713s] [01m[K/home/hp/ROS2_WS/src/slam_toolbox/lib/karto_sdk/src/Mapper.cpp:2814:20:[m[K [01;31m[Kerror: [m[Kexpected â€˜[01m[Kcatch[m[Kâ€™ before â€˜[01m[K{[m[Kâ€™ token
[4.714s]  2814 |             } else [01;31m[K{[m[K
[4.714s]       |                    [01;31m[K^[m[K
[4.714s] [01m[K/home/hp/ROS2_WS/src/slam_toolbox/lib/karto_sdk/src/Mapper.cpp:2814:20:[m[K [01;31m[Kerror: [m[Kexpected â€˜[01m[K([m[Kâ€™ before â€˜[01m[K{[m[Kâ€™ token
[4.714s]  2814 |             } else [01;31m[K{[m[K
[4.714s]       |                    [01;31m[K^[m[K
[4.714s]       |                    [32m[K([m[K
[4.714s] [01m[K/home/hp/ROS2_WS/src/slam_toolbox/lib/karto_sdk/src/Mapper.cpp:2814:20:[m[K [01;31m[Kerror: [m[Kexpected type-specifier before â€˜[01m[K{[m[Kâ€™ token
[4.714s] [01m[K/home/hp/ROS2_WS/src/slam_toolbox/lib/karto_sdk/src/Mapper.cpp:2814:19:[m[K [01;31m[Kerror: [m[Kexpected â€˜[01m[K)[m[Kâ€™ before â€˜[01m[K{[m[Kâ€™ token
[4.714s]  2814 |             } else[01;31m[K [m[K[32m[K{[m[K
[4.714s]       |                   [01;31m[K^[m[K[32m[K~[m[K
[4.714s]       |                   [32m[K)[m[K
[8.613s] gmake[2]: *** [lib/karto_sdk/CMakeFiles/kartoSlamToolbox.dir/build.make:90: lib/karto_sdk/CMakeFiles/kartoSlamToolbox.dir/src/Mapper.cpp.o] Error 1
[8.614s] gmake[1]: *** [CMakeFiles/Makefile2:1045: lib/karto_sdk/CMakeFiles/kartoSlamToolbox.dir/all] Error 2
[8.614s] gmake: *** [Makefile:146: all] Error 2
[8.616s] Invoked command in '/home/hp/ROS2_WS/build/slam_toolbox' returned '2': CMAKE_PREFIX_PATH=${CMAKE_PREFIX_PATH}:/home/hp/ROS2_WS/install/my_robot_controller:/home/hp/ROS2_WS/install/my_exo:/home/hp/ROS2_WS/install/dynamic_tf:/opt/ros/humble /usr/bin/cmake --build /home/hp/ROS2_WS/build/slam_toolbox -- -j8 -l8
