[1.188s] Invoking command in '/home/hp/ROS2_WS/src/build/slam_toolbox': CMAKE_PREFIX_PATH=${CMAKE_PREFIX_PATH}:/home/hp/ROS2_WS/install/my_robot_controller:/home/hp/ROS2_WS/install/my_exo:/home/hp/ROS2_WS/install/dynamic_tf:/home/hp/ROS2_WS/install/Dynamic_tf:/home/hp/ROS2_WS/install/DYNAMIC_TF:/home/hp/ROS2_WS/src/install/my_robot_controller:/home/hp/ROS2_WS/src/install/my_exo:/home/hp/ROS2_WS/src/install/dynamic_tf:/opt/ros/humble CONDA_PROMPT_MODIFIER=(base) /usr/bin/cmake --build /home/hp/ROS2_WS/src/build/slam_toolbox -- -j8 -l8
[2.747s] [35m[1mConsolidate compiler generated dependencies of target kartoSlamToolbox[0m
[2.832s] [  0%] Built target ament_cmake_python_symlink_slam_toolbox
[3.177s] [  1%] [34m[1mGenerating C code for ROS interfaces[0m
[3.177s] [  1%] [34m[1mGenerating C++ code for ROS interfaces[0m
[3.355s] Traceback (most recent call last):
[3.355s]   File "/opt/ros/humble/share/rosidl_generator_cpp/cmake/../../../lib/rosidl_generator_cpp/rosidl_generator_cpp", line 8, in <module>
[3.356s]     from rosidl_generator_cpp import generate_cpp
[3.356s]   File "/opt/ros/humble/local/lib/python3.10/dist-packages/rosidl_generator_cpp/__init__.py", line 17, in <module>
[3.356s]     from rosidl_cmake import generate_files
[3.356s]   File "/opt/ros/humble/local/lib/python3.10/dist-packages/rosidl_cmake/__init__.py", line 24, in <module>
[3.356s]     from rosidl_parser.parser import parse_idl_file
[3.357s]   File "/opt/ros/humble/local/lib/python3.10/dist-packages/rosidl_parser/parser.py", line 20, in <module>
[3.357s]     from lark import Lark
[3.357s] ModuleNotFoundError: No module named 'lark'
[3.357s] Traceback (most recent call last):
[3.357s]   File "/opt/ros/humble/share/rosidl_generator_c/cmake/../../../lib/rosidl_generator_c/rosidl_generator_c", line 8, in <module>
[3.357s]     from rosidl_generator_c import generate_c
[3.357s]   File "/opt/ros/humble/local/lib/python3.10/dist-packages/rosidl_generator_c/__init__.py", line 15, in <module>
[3.357s]     from rosidl_cmake import convert_camel_case_to_lower_case_underscore
[3.358s]   File "/opt/ros/humble/local/lib/python3.10/dist-packages/rosidl_cmake/__init__.py", line 24, in <module>
[3.358s]     from rosidl_parser.parser import parse_idl_file
[3.358s]   File "/opt/ros/humble/local/lib/python3.10/dist-packages/rosidl_parser/parser.py", line 20, in <module>
[3.358s]     from lark import Lark
[3.358s] ModuleNotFoundError: No module named 'lark'
[3.369s] gmake[2]: *** [CMakeFiles/slam_toolbox__rosidl_generator_c.dir/build.make:208: rosidl_generator_c/slam_toolbox/srv/pause.h] Error 1
[3.369s] gmake[1]: *** [CMakeFiles/Makefile2:258: CMakeFiles/slam_toolbox__rosidl_generator_c.dir/all] Error 2
[3.369s] gmake[1]: *** Waiting for unfinished jobs....
[3.369s] gmake[2]: *** [CMakeFiles/slam_toolbox__cpp.dir/build.make:252: rosidl_generator_cpp/slam_toolbox/srv/pause.hpp] Error 1
[3.369s] gmake[1]: *** [CMakeFiles/Makefile2:311: CMakeFiles/slam_toolbox__cpp.dir/all] Error 2
[4.038s] [  2%] [32mBuilding CXX object lib/karto_sdk/CMakeFiles/kartoSlamToolbox.dir/src/Karto.cpp.o[0m
[4.326s] [  3%] [32mBuilding CXX object lib/karto_sdk/CMakeFiles/kartoSlamToolbox.dir/src/Mapper.cpp.o[0m
[6.048s] In file included from [01m[K/home/hp/ROS2_WS/src/slam_toolbox/lib/karto_sdk/src/Karto.cpp:27[m[K:
[6.048s] [01m[K/home/hp/ROS2_WS/src/slam_toolbox/lib/karto_sdk/include/karto_sdk/Karto.h:2710:5:[m[K [01;31m[Kerror: [m[Kâ€˜[01m[KLocalizedRangeScan[m[Kâ€™ does not name a type
[6.048s]  2710 |     [01;31m[KLocalizedRangeScan[m[K scan;
[6.049s]       |     [01;31m[K^~~~~~~~~~~~~~~~~~[m[K
[6.057s] [01m[K/home/hp/ROS2_WS/src/slam_toolbox/lib/karto_sdk/include/karto_sdk/Karto.h:2713:28:[m[K [01;31m[Kerror: [m[Kâ€˜[01m[KLocalizedRangeScan[m[Kâ€™ does not name a type
[6.057s]  2713 |     ProcessInputData(const [01;31m[KLocalizedRangeScan[m[K& s, const Matrix3& cov)
[6.057s]       |                            [01;31m[K^~~~~~~~~~~~~~~~~~[m[K
[6.057s] [01m[K/home/hp/ROS2_WS/src/slam_toolbox/lib/karto_sdk/include/karto_sdk/Karto.h:[m[K In constructor â€˜[01m[Kkarto::ProcessInputData::ProcessInputData(const int&, const karto::Matrix3&)[m[Kâ€™:
[6.057s] [01m[K/home/hp/ROS2_WS/src/slam_toolbox/lib/karto_sdk/include/karto_sdk/Karto.h:2714:11:[m[K [01;31m[Kerror: [m[Kclass â€˜[01m[Kkarto::ProcessInputData[m[Kâ€™ does not have any field named â€˜[01m[Kscan[m[Kâ€™
[6.057s]  2714 |         : [01;31m[Kscan[m[K(s), covariance(cov) {}
[6.057s]       |           [01;31m[K^~~~[m[K
[6.061s] [01m[K/home/hp/ROS2_WS/src/slam_toolbox/lib/karto_sdk/include/karto_sdk/Karto.h:[m[K In member function â€˜[01m[Kvoid karto::ProcessInputData::Save(const string&) const[m[Kâ€™:
[6.062s] [01m[K/home/hp/ROS2_WS/src/slam_toolbox/lib/karto_sdk/include/karto_sdk/Karto.h:2719:20:[m[K [01;31m[Kerror: [m[Kâ€˜[01m[Kscan[m[Kâ€™ was not declared in this scope; did you mean â€˜[01m[Kscanf[m[Kâ€™?
[6.062s]  2719 |             ofs << [01;31m[Kscan[m[K << "\n"; // Assuming operator<< is defined for LocalizedRangeScan
[6.062s]       |                    [01;31m[K^~~~[m[K
[6.062s]       |                    [32m[Kscanf[m[K
[6.071s] [01m[K/home/hp/ROS2_WS/src/slam_toolbox/lib/karto_sdk/include/karto_sdk/Karto.h:[m[K At global scope:
[6.071s] [01m[K/home/hp/ROS2_WS/src/slam_toolbox/lib/karto_sdk/include/karto_sdk/Karto.h:2731:5:[m[K [01;31m[Kerror: [m[Kâ€˜[01m[KLocalizedRangeScan[m[Kâ€™ does not name a type
[6.071s]  2731 |     [01;31m[KLocalizedRangeScan[m[K scan;
[6.071s]       |     [01;31m[K^~~~~~~~~~~~~~~~~~[m[K
[6.080s] [01m[K/home/hp/ROS2_WS/src/slam_toolbox/lib/karto_sdk/include/karto_sdk/Karto.h:2734:39:[m[K [01;31m[Kerror: [m[Kâ€˜[01m[KLocalizedRangeScan[m[Kâ€™ does not name a type
[6.080s]  2734 |     ProcessOutputData(bool res, const [01;31m[KLocalizedRangeScan[m[K& s, const Matrix3& cov)
[6.080s]       |                                       [01;31m[K^~~~~~~~~~~~~~~~~~[m[K
[6.080s] [01m[K/home/hp/ROS2_WS/src/slam_toolbox/lib/karto_sdk/include/karto_sdk/Karto.h:[m[K In constructor â€˜[01m[Kkarto::ProcessOutputData::ProcessOutputData(bool, const int&, const karto::Matrix3&)[m[Kâ€™:
[6.080s] [01m[K/home/hp/ROS2_WS/src/slam_toolbox/lib/karto_sdk/include/karto_sdk/Karto.h:2735:24:[m[K [01;31m[Kerror: [m[Kclass â€˜[01m[Kkarto::ProcessOutputData[m[Kâ€™ does not have any field named â€˜[01m[Kscan[m[Kâ€™
[6.080s]  2735 |         : result(res), [01;31m[Kscan[m[K(s), covariance(cov) {}
[6.080s]       |                        [01;31m[K^~~~[m[K
[6.084s] [01m[K/home/hp/ROS2_WS/src/slam_toolbox/lib/karto_sdk/include/karto_sdk/Karto.h:[m[K In member function â€˜[01m[Kvoid karto::ProcessOutputData::Save(const string&) const[m[Kâ€™:
[6.085s] [01m[K/home/hp/ROS2_WS/src/slam_toolbox/lib/karto_sdk/include/karto_sdk/Karto.h:2741:20:[m[K [01;31m[Kerror: [m[Kâ€˜[01m[Kscan[m[Kâ€™ was not declared in this scope; did you mean â€˜[01m[Kscanf[m[Kâ€™?
[6.085s]  2741 |             ofs << [01;31m[Kscan[m[K << "\n"; // Assuming operator<< is defined for LocalizedRangeScan
[6.085s]       |                    [01;31m[K^~~~[m[K
[6.085s]       |                    [32m[Kscanf[m[K
[7.389s] gmake[2]: *** [lib/karto_sdk/CMakeFiles/kartoSlamToolbox.dir/build.make:76: lib/karto_sdk/CMakeFiles/kartoSlamToolbox.dir/src/Karto.cpp.o] Error 1
[7.389s] gmake[2]: *** Waiting for unfinished jobs....
[7.852s] running egg_info
[7.875s] writing slam_toolbox.egg-info/PKG-INFO
[7.875s] writing dependency_links to slam_toolbox.egg-info/dependency_links.txt
[7.875s] writing top-level names to slam_toolbox.egg-info/top_level.txt
[7.957s] reading manifest file 'slam_toolbox.egg-info/SOURCES.txt'
[7.995s] writing manifest file 'slam_toolbox.egg-info/SOURCES.txt'
[8.033s] [  3%] Built target ament_cmake_python_build_slam_toolbox_egg
[11.261s] In file included from [01m[K/home/hp/ROS2_WS/src/slam_toolbox/lib/karto_sdk/include/karto_sdk/Mapper.h:36[m[K,
[11.261s]                  from [01m[K/home/hp/ROS2_WS/src/slam_toolbox/lib/karto_sdk/src/Mapper.cpp:36[m[K:
[11.261s] [01m[K/home/hp/ROS2_WS/src/slam_toolbox/lib/karto_sdk/include/karto_sdk/Karto.h:2710:5:[m[K [01;31m[Kerror: [m[Kâ€˜[01m[KLocalizedRangeScan[m[Kâ€™ does not name a type
[11.261s]  2710 |     [01;31m[KLocalizedRangeScan[m[K scan;
[11.261s]       |     [01;31m[K^~~~~~~~~~~~~~~~~~[m[K
[11.272s] [01m[K/home/hp/ROS2_WS/src/slam_toolbox/lib/karto_sdk/include/karto_sdk/Karto.h:2713:28:[m[K [01;31m[Kerror: [m[Kâ€˜[01m[KLocalizedRangeScan[m[Kâ€™ does not name a type
[11.272s]  2713 |     ProcessInputData(const [01;31m[KLocalizedRangeScan[m[K& s, const Matrix3& cov)
[11.272s]       |                            [01;31m[K^~~~~~~~~~~~~~~~~~[m[K
[11.272s] [01m[K/home/hp/ROS2_WS/src/slam_toolbox/lib/karto_sdk/include/karto_sdk/Karto.h:[m[K In constructor â€˜[01m[Kkarto::ProcessInputData::ProcessInputData(const int&, const karto::Matrix3&)[m[Kâ€™:
[11.272s] [01m[K/home/hp/ROS2_WS/src/slam_toolbox/lib/karto_sdk/include/karto_sdk/Karto.h:2714:11:[m[K [01;31m[Kerror: [m[Kclass â€˜[01m[Kkarto::ProcessInputData[m[Kâ€™ does not have any field named â€˜[01m[Kscan[m[Kâ€™
[11.272s]  2714 |         : [01;31m[Kscan[m[K(s), covariance(cov) {}
[11.272s]       |           [01;31m[K^~~~[m[K
[11.284s] [01m[K/home/hp/ROS2_WS/src/slam_toolbox/lib/karto_sdk/include/karto_sdk/Karto.h:[m[K In member function â€˜[01m[Kvoid karto::ProcessInputData::Save(const string&) const[m[Kâ€™:
[11.284s] [01m[K/home/hp/ROS2_WS/src/slam_toolbox/lib/karto_sdk/include/karto_sdk/Karto.h:2719:20:[m[K [01;31m[Kerror: [m[Kâ€˜[01m[Kscan[m[Kâ€™ was not declared in this scope; did you mean â€˜[01m[Kscanf[m[Kâ€™?
[11.284s]  2719 |             ofs << [01;31m[Kscan[m[K << "\n"; // Assuming operator<< is defined for LocalizedRangeScan
[11.284s]       |                    [01;31m[K^~~~[m[K
[11.285s]       |                    [32m[Kscanf[m[K
[11.297s] [01m[K/home/hp/ROS2_WS/src/slam_toolbox/lib/karto_sdk/include/karto_sdk/Karto.h:[m[K At global scope:
[11.297s] [01m[K/home/hp/ROS2_WS/src/slam_toolbox/lib/karto_sdk/include/karto_sdk/Karto.h:2731:5:[m[K [01;31m[Kerror: [m[Kâ€˜[01m[KLocalizedRangeScan[m[Kâ€™ does not name a type
[11.297s]  2731 |     [01;31m[KLocalizedRangeScan[m[K scan;
[11.297s]       |     [01;31m[K^~~~~~~~~~~~~~~~~~[m[K
[11.308s] [01m[K/home/hp/ROS2_WS/src/slam_toolbox/lib/karto_sdk/include/karto_sdk/Karto.h:2734:39:[m[K [01;31m[Kerror: [m[Kâ€˜[01m[KLocalizedRangeScan[m[Kâ€™ does not name a type
[11.308s]  2734 |     ProcessOutputData(bool res, const [01;31m[KLocalizedRangeScan[m[K& s, const Matrix3& cov)
[11.309s]       |                                       [01;31m[K^~~~~~~~~~~~~~~~~~[m[K
[11.309s] [01m[K/home/hp/ROS2_WS/src/slam_toolbox/lib/karto_sdk/include/karto_sdk/Karto.h:[m[K In constructor â€˜[01m[Kkarto::ProcessOutputData::ProcessOutputData(bool, const int&, const karto::Matrix3&)[m[Kâ€™:
[11.309s] [01m[K/home/hp/ROS2_WS/src/slam_toolbox/lib/karto_sdk/include/karto_sdk/Karto.h:2735:24:[m[K [01;31m[Kerror: [m[Kclass â€˜[01m[Kkarto::ProcessOutputData[m[Kâ€™ does not have any field named â€˜[01m[Kscan[m[Kâ€™
[11.309s]  2735 |         : result(res), [01;31m[Kscan[m[K(s), covariance(cov) {}
[11.309s]       |                        [01;31m[K^~~~[m[K
[11.327s] [01m[K/home/hp/ROS2_WS/src/slam_toolbox/lib/karto_sdk/include/karto_sdk/Karto.h:[m[K In member function â€˜[01m[Kvoid karto::ProcessOutputData::Save(const string&) const[m[Kâ€™:
[11.327s] [01m[K/home/hp/ROS2_WS/src/slam_toolbox/lib/karto_sdk/include/karto_sdk/Karto.h:2741:20:[m[K [01;31m[Kerror: [m[Kâ€˜[01m[Kscan[m[Kâ€™ was not declared in this scope; did you mean â€˜[01m[Kscanf[m[Kâ€™?
[11.327s]  2741 |             ofs << [01;31m[Kscan[m[K << "\n"; // Assuming operator<< is defined for LocalizedRangeScan
[11.328s]       |                    [01;31m[K^~~~[m[K
[11.328s]       |                    [32m[Kscanf[m[K
[13.886s] gmake[2]: *** [lib/karto_sdk/CMakeFiles/kartoSlamToolbox.dir/build.make:90: lib/karto_sdk/CMakeFiles/kartoSlamToolbox.dir/src/Mapper.cpp.o] Error 1
[13.887s] gmake[1]: *** [CMakeFiles/Makefile2:1045: lib/karto_sdk/CMakeFiles/kartoSlamToolbox.dir/all] Error 2
[13.887s] gmake: *** [Makefile:146: all] Error 2
[13.889s] Invoked command in '/home/hp/ROS2_WS/src/build/slam_toolbox' returned '2': CMAKE_PREFIX_PATH=${CMAKE_PREFIX_PATH}:/home/hp/ROS2_WS/install/my_robot_controller:/home/hp/ROS2_WS/install/my_exo:/home/hp/ROS2_WS/install/dynamic_tf:/home/hp/ROS2_WS/install/Dynamic_tf:/home/hp/ROS2_WS/install/DYNAMIC_TF:/home/hp/ROS2_WS/src/install/my_robot_controller:/home/hp/ROS2_WS/src/install/my_exo:/home/hp/ROS2_WS/src/install/dynamic_tf:/opt/ros/humble CONDA_PROMPT_MODIFIER=(base) /usr/bin/cmake --build /home/hp/ROS2_WS/src/build/slam_toolbox -- -j8 -l8
