[0.792s] Invoking command in '/home/hp/ROS2_WS/build/slam_toolbox': CMAKE_PREFIX_PATH=${CMAKE_PREFIX_PATH}:/home/hp/ROS2_WS/install/my_robot_controller:/home/hp/ROS2_WS/install/my_exo:/home/hp/ROS2_WS/install/dynamic_tf:/opt/ros/humble /usr/bin/cmake --build /home/hp/ROS2_WS/build/slam_toolbox -- -j8 -l8
[0.900s] [  0%] Built target slam_toolbox__cpp
[0.910s] [  9%] Built target slam_toolbox__rosidl_generator_c
[0.913s] [35m[1mConsolidate compiler generated dependencies of target kartoSlamToolbox[0m
[0.930s] [  9%] Built target ament_cmake_python_symlink_slam_toolbox
[0.975s] [ 18%] Built target slam_toolbox__rosidl_typesupport_cpp
[0.980s] [ 27%] Built target slam_toolbox__rosidl_typesupport_fastrtps_cpp
[0.983s] [ 36%] Built target slam_toolbox__rosidl_typesupport_introspection_cpp
[0.989s] [ 45%] Built target slam_toolbox__rosidl_typesupport_fastrtps_c
[0.993s] [ 54%] Built target slam_toolbox__rosidl_typesupport_introspection_c
[0.994s] [ 63%] Built target slam_toolbox__rosidl_typesupport_c
[1.002s] [ 64%] [32mBuilding CXX object lib/karto_sdk/CMakeFiles/kartoSlamToolbox.dir/src/Mapper.cpp.o[0m
[1.027s] [ 64%] Built target slam_toolbox
[1.043s] [ 66%] Built target SlamToolboxPlugin
[1.061s] [ 67%] Built target slam_toolbox__py
[1.103s] [ 75%] Built target slam_toolbox__rosidl_generator_py
[1.154s] [ 76%] Built target slam_toolbox__rosidl_typesupport_fastrtps_c__pyext
[1.155s] [ 77%] Built target slam_toolbox__rosidl_typesupport_c__pyext
[1.166s] [ 78%] Built target slam_toolbox__rosidl_typesupport_introspection_c__pyext
[1.406s] running egg_info
[1.407s] writing slam_toolbox.egg-info/PKG-INFO
[1.407s] writing dependency_links to slam_toolbox.egg-info/dependency_links.txt
[1.408s] writing top-level names to slam_toolbox.egg-info/top_level.txt
[1.413s] reading manifest file 'slam_toolbox.egg-info/SOURCES.txt'
[1.414s] writing manifest file 'slam_toolbox.egg-info/SOURCES.txt'
[1.481s] [ 78%] Built target ament_cmake_python_build_slam_toolbox_egg
[4.737s] In file included from [01m[K/usr/local/include/boost/serialization/vector.hpp:26[m[K,
[4.737s]                  from [01m[K/home/hp/ROS2_WS/src/slam_toolbox/lib/karto_sdk/src/Mapper.cpp:22[m[K:
[4.737s] [01m[K/home/hp/ROS2_WS/src/slam_toolbox/lib/karto_sdk/src/Mapper.cpp:[m[K In member function â€˜[01m[Kvirtual kt_bool karto::Mapper::Process(karto::LocalizedRangeScan*, karto::Matrix3*)[m[Kâ€™:
[4.737s] [01m[K/home/hp/ROS2_WS/src/slam_toolbox/lib/karto_sdk/src/Mapper.cpp:2850:52:[m[K [01;31m[Kerror: [m[Kâ€˜[01m[KscanManager[m[Kâ€™ was not declared in this scope; did you mean â€˜[01m[KScanManager[m[Kâ€™?
[4.737s]  2850 |                 scan_oa << BOOST_SERIALIZATION_NVP([01;31m[KscanManager[m[K);
[4.737s]       |                                                    [01;31m[K^~~~~~~~~~~[m[K
[8.534s] gmake[2]: *** [lib/karto_sdk/CMakeFiles/kartoSlamToolbox.dir/build.make:90: lib/karto_sdk/CMakeFiles/kartoSlamToolbox.dir/src/Mapper.cpp.o] Error 1
[8.535s] gmake[1]: *** [CMakeFiles/Makefile2:1045: lib/karto_sdk/CMakeFiles/kartoSlamToolbox.dir/all] Error 2
[8.535s] gmake: *** [Makefile:146: all] Error 2
[8.538s] Invoked command in '/home/hp/ROS2_WS/build/slam_toolbox' returned '2': CMAKE_PREFIX_PATH=${CMAKE_PREFIX_PATH}:/home/hp/ROS2_WS/install/my_robot_controller:/home/hp/ROS2_WS/install/my_exo:/home/hp/ROS2_WS/install/dynamic_tf:/opt/ros/humble /usr/bin/cmake --build /home/hp/ROS2_WS/build/slam_toolbox -- -j8 -l8
