[0.816s] Invoking command in '/home/hp/ROS2_WS/build/slam_toolbox': CMAKE_PREFIX_PATH=${CMAKE_PREFIX_PATH}:/home/hp/ROS2_WS/install/my_robot_controller:/home/hp/ROS2_WS/install/my_exo:/home/hp/ROS2_WS/install/dynamic_tf:/opt/ros/humble /usr/bin/cmake /home/hp/ROS2_WS/src/slam_toolbox -DAMENT_CMAKE_SYMLINK_INSTALL=1 -DCMAKE_INSTALL_PREFIX=/home/hp/ROS2_WS/install/slam_toolbox
[0.834s] -- Found ament_cmake: 1.3.9 (/opt/ros/humble/share/ament_cmake/cmake)
[1.062s] -- Override CMake install command with custom implementation using symlinks instead of copying resources
[1.197s] -- Found message_filters: 4.3.4 (/opt/ros/humble/share/message_filters/cmake)
[1.871s] -- Found rosidl_generator_c: 3.1.5 (/opt/ros/humble/share/rosidl_generator_c/cmake)
[1.936s] -- Found rosidl_adapter: 3.1.5 (/opt/ros/humble/share/rosidl_adapter/cmake)
[2.009s] -- Found rosidl_generator_cpp: 3.1.5 (/opt/ros/humble/share/rosidl_generator_cpp/cmake)
[2.146s] -- Using all available rosidl_typesupport_c: rosidl_typesupport_fastrtps_c;rosidl_typesupport_introspection_c
[2.230s] -- Using all available rosidl_typesupport_cpp: rosidl_typesupport_fastrtps_cpp;rosidl_typesupport_introspection_cpp
[2.602s] -- Found rmw_implementation_cmake: 6.1.2 (/opt/ros/humble/share/rmw_implementation_cmake/cmake)
[2.626s] -- Found rmw_cyclonedds_cpp: 1.3.4 (/opt/ros/humble/share/rmw_cyclonedds_cpp/cmake)
[2.808s] -- Using RMW implementation 'rmw_cyclonedds_cpp' as default
[3.196s] -- Found nav_msgs: 4.2.3 (/opt/ros/humble/share/nav_msgs/cmake)
[3.422s] -- Found sensor_msgs: 4.2.3 (/opt/ros/humble/share/sensor_msgs/cmake)
[3.499s] -- Found tf2: 0.25.6 (/opt/ros/humble/share/tf2/cmake)
[3.506s] -- Found tf2_ros: 0.25.6 (/opt/ros/humble/share/tf2_ros/cmake)
[4.037s] -- Found visualization_msgs: 4.2.3 (/opt/ros/humble/share/visualization_msgs/cmake)
[4.376s] -- Found pluginlib: 5.1.0 (/opt/ros/humble/share/pluginlib/cmake)
[4.812s] -- Found tf2_geometry_msgs: 0.25.6 (/opt/ros/humble/share/tf2_geometry_msgs/cmake)
[4.889s] -- Found eigen3_cmake_module: 0.1.1 (/opt/ros/humble/share/eigen3_cmake_module/cmake)
[4.910s] -- Ensuring Eigen3 include directory is part of orocos-kdl CMake target
[4.950s] -- Found tf2_sensor_msgs: 0.25.6 (/opt/ros/humble/share/tf2_sensor_msgs/cmake)
[4.991s] -- Found std_srvs: 4.2.3 (/opt/ros/humble/share/std_srvs/cmake)
[5.030s] -- Found rosidl_default_generators: 1.2.0 (/opt/ros/humble/share/rosidl_default_generators/cmake)
[5.156s] -- Found lifecycle_msgs: 1.2.1 (/opt/ros/humble/share/lifecycle_msgs/cmake)
[5.344s] -- Found bondcpp: 3.0.2 (/opt/ros/humble/share/bondcpp/cmake)
[5.585s] -- Found rviz_common: 11.2.12 (/opt/ros/humble/share/rviz_common/cmake)
[5.995s] -- Setting OGRE_DIR to: '/opt/ros/humble/share/rviz_ogre_vendor/cmake/../../../opt/rviz_ogre_vendor/lib/OGRE/cmake'
[5.998s] -- Found OGRE
[5.998s] --   static     : OFF
[5.998s] --   components : HLMS;MeshLodGenerator;Overlay;Paging;Property;RTShaderSystem;Terrain;Volume
[5.998s] --   plugins    : Plugin_BSPSceneManager;Plugin_OctreeSceneManager;Plugin_PCZSceneManager;Plugin_ParticleFX;RenderSystem_GL;RenderSystem_GL3Plus;Codec_STBI
[5.999s] --   media      : /opt/ros/humble/opt/rviz_ogre_vendor/share/OGRE/Media
[5.999s] -- OGRE_LIBRARIES: OgreHLMS;OgreMeshLodGenerator;OgreOverlay;OgrePaging;OgreProperty;OgreRTShaderSystem;OgreTerrain;OgreVolume;OgreMain
[5.999s] -- OGRE_LIBRARY_DIRS: /opt/ros/humble/opt/rviz_ogre_vendor/lib
[5.999s] -- OGRE_PLUGINS: Plugin_BSPSceneManager;Plugin_OctreeSceneManager;Plugin_PCZSceneManager;Plugin_ParticleFX;RenderSystem_GL;RenderSystem_GL3Plus;Codec_STBI
[5.999s] -- OGRE_PLUGIN_DIR: /opt/ros/humble/opt/rviz_ogre_vendor/lib/OGRE
[5.999s] -- rviz_ogre_vendor::OgreOverlay for IMPORTED_LOCATION_RELEASE: /opt/ros/humble/opt/rviz_ogre_vendor/lib/libOgreOverlay.so
[6.000s] -- rviz_ogre_vendor::OgreOverlay for IMPORTED_LOCATION_DEBUG: /opt/ros/humble/opt/rviz_ogre_vendor/lib/libOgreOverlay.so
[6.000s] -- rviz_ogre_vendor::OgreMain for IMPORTED_LOCATION_RELEASE: /opt/ros/humble/opt/rviz_ogre_vendor/lib/libOgreMain.so
[6.000s] -- rviz_ogre_vendor::OgreMain for IMPORTED_LOCATION_DEBUG: /opt/ros/humble/opt/rviz_ogre_vendor/lib/libOgreMain.so
[6.466s] -- rviz_ogre_vendor::RenderSystem_GL for IMPORTED_LOCATION_RELEASE: _render_system_gl_static_library_abs-NOTFOUND
[6.467s] -- rviz_ogre_vendor::RenderSystem_GL for IMPORTED_LOCATION_DEBUG: _render_system_gl_static_library_abs-NOTFOUND
[6.730s] -- library: /usr/lib/x86_64-linux-gnu/libcurl.so
[6.878s] -- Found rviz_default_plugins: 11.2.12 (/opt/ros/humble/share/rviz_default_plugins/cmake)
[7.970s] -- Found required Ceres dependency: Eigen version 3.4.0 in /usr/include/eigen3
[8.023s] -- Found required Ceres dependency: glog
[8.024s] -- Found required Ceres dependency: gflags
[8.026s] -- Found Ceres version: 2.0.0 installed in: /usr with components: [EigenSparse, SparseLinearAlgebraLibrary, LAPACK, SuiteSparse, CXSparse, SchurSpecializations, Multithreading]
[8.692s] -- Found ament_cmake_ros: 0.10.0 (/opt/ros/humble/share/ament_cmake_ros/cmake)
[9.574s] -- Using all available rosidl_typesupport_c: rosidl_typesupport_fastrtps_c;rosidl_typesupport_introspection_c
[9.789s] -- Using all available rosidl_typesupport_cpp: rosidl_typesupport_fastrtps_cpp;rosidl_typesupport_introspection_cpp
[9.894s] -- Found python_cmake_module: 0.10.0 (/opt/ros/humble/share/python_cmake_module/cmake)
[10.002s] -- Using PYTHON_EXECUTABLE: /usr/bin/python3
[10.002s] -- Using PYTHON_INCLUDE_DIRS: /usr/include/python3.10
[10.003s] -- Using PYTHON_LIBRARIES: /usr/lib/x86_64-linux-gnu/libpython3.10.so
[10.540s] -- Configuring done
[11.950s] -- Generating done
[11.960s] -- Build files have been written to: /home/hp/ROS2_WS/build/slam_toolbox
[11.976s] Invoked command in '/home/hp/ROS2_WS/build/slam_toolbox' returned '0': CMAKE_PREFIX_PATH=${CMAKE_PREFIX_PATH}:/home/hp/ROS2_WS/install/my_robot_controller:/home/hp/ROS2_WS/install/my_exo:/home/hp/ROS2_WS/install/dynamic_tf:/opt/ros/humble /usr/bin/cmake /home/hp/ROS2_WS/src/slam_toolbox -DAMENT_CMAKE_SYMLINK_INSTALL=1 -DCMAKE_INSTALL_PREFIX=/home/hp/ROS2_WS/install/slam_toolbox
[11.979s] Invoking command in '/home/hp/ROS2_WS/build/slam_toolbox': CMAKE_PREFIX_PATH=${CMAKE_PREFIX_PATH}:/home/hp/ROS2_WS/install/my_robot_controller:/home/hp/ROS2_WS/install/my_exo:/home/hp/ROS2_WS/install/dynamic_tf:/opt/ros/humble /usr/bin/cmake --build /home/hp/ROS2_WS/build/slam_toolbox -- -j8 -l8
[12.030s] [  0%] Built target slam_toolbox__cpp
[12.037s] [  0%] Built target ament_cmake_python_symlink_slam_toolbox
[12.129s] [35m[1mConsolidate compiler generated dependencies of target kartoSlamToolbox[0m
[12.163s] [  1%] [32mBuilding CXX object lib/karto_sdk/CMakeFiles/kartoSlamToolbox.dir/src/Karto.cpp.o[0m
[12.166s] [  2%] [32mBuilding CXX object lib/karto_sdk/CMakeFiles/kartoSlamToolbox.dir/src/Mapper.cpp.o[0m
[12.288s] [35m[1mConsolidate compiler generated dependencies of target slam_toolbox__rosidl_generator_c[0m
[12.328s] [35m[1mConsolidate compiler generated dependencies of target slam_toolbox__rosidl_typesupport_cpp[0m
[12.347s] running egg_info
[12.348s] writing slam_toolbox.egg-info/PKG-INFO
[12.348s] writing dependency_links to slam_toolbox.egg-info/dependency_links.txt
[12.348s] writing top-level names to slam_toolbox.egg-info/top_level.txt
[12.351s] reading manifest file 'slam_toolbox.egg-info/SOURCES.txt'
[12.352s] [ 11%] Built target slam_toolbox__rosidl_typesupport_cpp
[12.362s] [ 20%] Built target slam_toolbox__rosidl_generator_c
[12.399s] [35m[1mConsolidate compiler generated dependencies of target slam_toolbox__rosidl_typesupport_fastrtps_cpp[0m
[12.399s] writing manifest file 'slam_toolbox.egg-info/SOURCES.txt'
[12.415s] [35m[1mConsolidate compiler generated dependencies of target slam_toolbox__rosidl_typesupport_introspection_cpp[0m
[12.430s] [ 20%] Built target ament_cmake_python_build_slam_toolbox_egg
[12.430s] [ 29%] Built target slam_toolbox__rosidl_typesupport_fastrtps_cpp
[12.442s] [ 38%] Built target slam_toolbox__rosidl_typesupport_introspection_cpp
[12.444s] [35m[1mConsolidate compiler generated dependencies of target SlamToolboxPlugin[0m
[12.469s] [35m[1mConsolidate compiler generated dependencies of target slam_toolbox__rosidl_typesupport_fastrtps_c[0m
[12.483s] [ 40%] Built target SlamToolboxPlugin
[12.493s] [ 49%] Built target slam_toolbox__rosidl_typesupport_fastrtps_c
[12.505s] [35m[1mConsolidate compiler generated dependencies of target slam_toolbox__rosidl_typesupport_introspection_c[0m
[12.530s] [35m[1mConsolidate compiler generated dependencies of target slam_toolbox__rosidl_typesupport_c[0m
[12.538s] [ 58%] Built target slam_toolbox__rosidl_typesupport_introspection_c
[12.544s] [ 67%] Built target slam_toolbox__rosidl_typesupport_c
[12.567s] [ 67%] Built target slam_toolbox
[12.590s] [ 68%] Built target slam_toolbox__py
[12.690s] [35m[1mConsolidate compiler generated dependencies of target slam_toolbox__rosidl_generator_py[0m
[12.772s] [ 76%] Built target slam_toolbox__rosidl_generator_py
[12.814s] [35m[1mConsolidate compiler generated dependencies of target slam_toolbox__rosidl_typesupport_fastrtps_c__pyext[0m
[12.814s] [35m[1mConsolidate compiler generated dependencies of target slam_toolbox__rosidl_typesupport_introspection_c__pyext[0m
[12.843s] [35m[1mConsolidate compiler generated dependencies of target slam_toolbox__rosidl_typesupport_c__pyext[0m
[12.843s] [ 77%] Built target slam_toolbox__rosidl_typesupport_introspection_c__pyext
[12.843s] [ 78%] Built target slam_toolbox__rosidl_typesupport_fastrtps_c__pyext
[12.883s] [ 79%] Built target slam_toolbox__rosidl_typesupport_c__pyext
[14.201s] In file included from [01m[K/home/hp/ROS2_WS/src/slam_toolbox/lib/karto_sdk/src/Karto.cpp:27[m[K:
[14.201s] [01m[K/home/hp/ROS2_WS/src/slam_toolbox/lib/karto_sdk/include/karto_sdk/Karto.h:[m[K In function â€˜[01m[Kstd::istream& karto::operator>>(std::istream&, karto::LocalizedRangeScan&)[m[Kâ€™:
[14.201s] [01m[K/home/hp/ROS2_WS/src/slam_toolbox/lib/karto_sdk/include/karto_sdk/Karto.h:5482:24:[m[K [01;31m[Kerror: [m[Kâ€˜[01m[Kclass karto::LocalizedRangeScan[m[Kâ€™ has no member named â€˜[01m[Km_SansorName[m[Kâ€™; did you mean â€˜[01m[Km_SensorName[m[Kâ€™?
[14.201s]  5482 |             is >> scan.[01;31m[Km_SansorName[m[K;
[14.202s]       |                        [01;31m[K^~~~~~~~~~~~[m[K
[14.202s]       |                        [32m[Km_SensorName[m[K
[15.593s] gmake[2]: *** [lib/karto_sdk/CMakeFiles/kartoSlamToolbox.dir/build.make:76: lib/karto_sdk/CMakeFiles/kartoSlamToolbox.dir/src/Karto.cpp.o] Error 1
[15.593s] gmake[2]: *** Waiting for unfinished jobs....
[15.711s] In file included from [01m[K/home/hp/ROS2_WS/src/slam_toolbox/lib/karto_sdk/include/karto_sdk/Mapper.h:36[m[K,
[15.711s]                  from [01m[K/home/hp/ROS2_WS/src/slam_toolbox/lib/karto_sdk/src/Mapper.cpp:37[m[K:
[15.711s] [01m[K/home/hp/ROS2_WS/src/slam_toolbox/lib/karto_sdk/include/karto_sdk/Karto.h:[m[K In function â€˜[01m[Kstd::istream& karto::operator>>(std::istream&, karto::LocalizedRangeScan&)[m[Kâ€™:
[15.711s] [01m[K/home/hp/ROS2_WS/src/slam_toolbox/lib/karto_sdk/include/karto_sdk/Karto.h:5482:24:[m[K [01;31m[Kerror: [m[Kâ€˜[01m[Kclass karto::LocalizedRangeScan[m[Kâ€™ has no member named â€˜[01m[Km_SansorName[m[Kâ€™; did you mean â€˜[01m[Km_SensorName[m[Kâ€™?
[15.711s]  5482 |             is >> scan.[01;31m[Km_SansorName[m[K;
[15.712s]       |                        [01;31m[K^~~~~~~~~~~~[m[K
[15.712s]       |                        [32m[Km_SensorName[m[K
[18.291s] gmake[2]: *** [lib/karto_sdk/CMakeFiles/kartoSlamToolbox.dir/build.make:90: lib/karto_sdk/CMakeFiles/kartoSlamToolbox.dir/src/Mapper.cpp.o] Error 1
[18.292s] gmake[1]: *** [CMakeFiles/Makefile2:1045: lib/karto_sdk/CMakeFiles/kartoSlamToolbox.dir/all] Error 2
[18.292s] gmake: *** [Makefile:146: all] Error 2
[18.295s] Invoked command in '/home/hp/ROS2_WS/build/slam_toolbox' returned '2': CMAKE_PREFIX_PATH=${CMAKE_PREFIX_PATH}:/home/hp/ROS2_WS/install/my_robot_controller:/home/hp/ROS2_WS/install/my_exo:/home/hp/ROS2_WS/install/dynamic_tf:/opt/ros/humble /usr/bin/cmake --build /home/hp/ROS2_WS/build/slam_toolbox -- -j8 -l8
