[01m[K/home/hp/ROS2_WS/src/slam_toolbox/lib/karto_sdk/src/Mapper.cpp:[m[K In member function â€˜[01m[Kvirtual kt_bool karto::Mapper::Process(karto::LocalizedRangeScan*, karto::Matrix3*)[m[Kâ€™:
[01m[K/home/hp/ROS2_WS/src/slam_toolbox/lib/karto_sdk/src/Mapper.cpp:2884:24:[m[K [01;31m[Kerror: [m[Kâ€˜[01m[KloadedScan[m[Kâ€™ was not declared in this scope
 2884 |         if (*pScan == *[01;31m[KloadedScan[m[K) {
      |                        [01;31m[K^~~~~~~~~~[m[K
[01m[K/home/hp/ROS2_WS/src/slam_toolbox/lib/karto_sdk/src/Mapper.cpp:2889:9:[m[K [01;31m[Kerror: [m[Kâ€˜[01m[Kdataset[m[Kâ€™ was not declared in this scope; did you mean â€˜[01m[KDataset[m[Kâ€™?
 2889 |         [01;31m[Kdataset[m[K.SaveToFile("dataset.bin");
      |         [01;31m[K^~~~~~~[m[K
      |         [32m[KDataset[m[K
gmake[2]: *** [lib/karto_sdk/CMakeFiles/kartoSlamToolbox.dir/build.make:90: lib/karto_sdk/CMakeFiles/kartoSlamToolbox.dir/src/Mapper.cpp.o] Error 1
gmake[1]: *** [CMakeFiles/Makefile2:1045: lib/karto_sdk/CMakeFiles/kartoSlamToolbox.dir/all] Error 2
gmake: *** [Makefile:146: all] Error 2
