[0.947s] Invoking command in '/home/hp/ROS2_WS/build/slam_toolbox': CMAKE_PREFIX_PATH=${CMAKE_PREFIX_PATH}:/home/hp/ROS2_WS/install/my_robot_controller:/home/hp/ROS2_WS/install/my_exo:/home/hp/ROS2_WS/install/dynamic_tf:/opt/ros/humble /usr/bin/cmake --build /home/hp/ROS2_WS/build/slam_toolbox -- -j8 -l8
[1.085s] [  9%] Built target slam_toolbox__rosidl_generator_c
[1.096s] [  9%] Built target slam_toolbox__cpp
[1.101s] [35m[1mConsolidate compiler generated dependencies of target kartoSlamToolbox[0m
[1.116s] [  9%] Built target ament_cmake_python_symlink_slam_toolbox
[1.151s] [ 18%] Built target slam_toolbox__rosidl_typesupport_fastrtps_c
[1.155s] [ 27%] Built target slam_toolbox__rosidl_typesupport_introspection_c
[1.161s] [ 36%] Built target slam_toolbox__rosidl_typesupport_c
[1.185s] [ 45%] Built target slam_toolbox__rosidl_typesupport_introspection_cpp
[1.187s] [ 46%] [32mBuilding CXX object lib/karto_sdk/CMakeFiles/kartoSlamToolbox.dir/src/Mapper.cpp.o[0m
[1.201s] [ 55%] Built target slam_toolbox__rosidl_typesupport_cpp
[1.215s] [ 64%] Built target slam_toolbox__rosidl_typesupport_fastrtps_cpp
[1.248s] [ 64%] Built target slam_toolbox
[1.262s] [ 66%] Built target SlamToolboxPlugin
[1.281s] [ 67%] Built target slam_toolbox__py
[1.333s] [ 75%] Built target slam_toolbox__rosidl_generator_py
[1.372s] [ 76%] Built target slam_toolbox__rosidl_typesupport_fastrtps_c__pyext
[1.375s] [ 77%] Built target slam_toolbox__rosidl_typesupport_c__pyext
[1.389s] [ 78%] Built target slam_toolbox__rosidl_typesupport_introspection_c__pyext
[1.597s] running egg_info
[1.598s] writing slam_toolbox.egg-info/PKG-INFO
[1.599s] writing dependency_links to slam_toolbox.egg-info/dependency_links.txt
[1.599s] writing top-level names to slam_toolbox.egg-info/top_level.txt
[1.603s] reading manifest file 'slam_toolbox.egg-info/SOURCES.txt'
[1.604s] writing manifest file 'slam_toolbox.egg-info/SOURCES.txt'
[1.672s] [ 78%] Built target ament_cmake_python_build_slam_toolbox_egg
[5.169s] [01m[K/home/hp/ROS2_WS/src/slam_toolbox/lib/karto_sdk/src/Mapper.cpp:[m[K In member function â€˜[01m[Kvirtual kt_bool karto::Mapper::Process(karto::LocalizedRangeScan*, karto::Matrix3*)[m[Kâ€™:
[5.170s] [01m[K/home/hp/ROS2_WS/src/slam_toolbox/lib/karto_sdk/src/Mapper.cpp:2884:24:[m[K [01;31m[Kerror: [m[Kâ€˜[01m[KloadedScan[m[Kâ€™ was not declared in this scope
[5.170s]  2884 |         if (*pScan == *[01;31m[KloadedScan[m[K) {
[5.170s]       |                        [01;31m[K^~~~~~~~~~[m[K
[5.183s] [01m[K/home/hp/ROS2_WS/src/slam_toolbox/lib/karto_sdk/src/Mapper.cpp:2889:9:[m[K [01;31m[Kerror: [m[Kâ€˜[01m[Kdataset[m[Kâ€™ was not declared in this scope; did you mean â€˜[01m[KDataset[m[Kâ€™?
[5.183s]  2889 |         [01;31m[Kdataset[m[K.SaveToFile("dataset.bin");
[5.183s]       |         [01;31m[K^~~~~~~[m[K
[5.183s]       |         [32m[KDataset[m[K
[8.092s] gmake[2]: *** [lib/karto_sdk/CMakeFiles/kartoSlamToolbox.dir/build.make:90: lib/karto_sdk/CMakeFiles/kartoSlamToolbox.dir/src/Mapper.cpp.o] Error 1
[8.092s] gmake[1]: *** [CMakeFiles/Makefile2:1045: lib/karto_sdk/CMakeFiles/kartoSlamToolbox.dir/all] Error 2
[8.092s] gmake: *** [Makefile:146: all] Error 2
[8.095s] Invoked command in '/home/hp/ROS2_WS/build/slam_toolbox' returned '2': CMAKE_PREFIX_PATH=${CMAKE_PREFIX_PATH}:/home/hp/ROS2_WS/install/my_robot_controller:/home/hp/ROS2_WS/install/my_exo:/home/hp/ROS2_WS/install/dynamic_tf:/opt/ros/humble /usr/bin/cmake --build /home/hp/ROS2_WS/build/slam_toolbox -- -j8 -l8
