[  1%] [34m[1mGenerating C code for ROS interfaces[0m
[35m[1mConsolidate compiler generated dependencies of target kartoSlamToolbox[0m
[  1%] [34m[1mGenerating C++ code for ROS interfaces[0m
[  1%] Built target ament_cmake_python_symlink_slam_toolbox
[  2%] [32mBuilding CXX object lib/karto_sdk/CMakeFiles/kartoSlamToolbox.dir/src/Mapper.cpp.o[0m
[  3%] [32mBuilding CXX object lib/karto_sdk/CMakeFiles/kartoSlamToolbox.dir/src/Karto.cpp.o[0m
Traceback (most recent call last):
  File "/opt/ros/humble/share/rosidl_generator_c/cmake/../../../lib/rosidl_generator_c/rosidl_generator_c", line 8, in <module>
    from rosidl_generator_c import generate_c
  File "/opt/ros/humble/local/lib/python3.10/dist-packages/rosidl_generator_c/__init__.py", line 15, in <module>
    from rosidl_cmake import convert_camel_case_to_lower_case_underscore
  File "/opt/ros/humble/local/lib/python3.10/dist-packages/rosidl_cmake/__init__.py", line 24, in <module>
    from rosidl_parser.parser import parse_idl_file
  File "/opt/ros/humble/local/lib/python3.10/dist-packages/rosidl_parser/parser.py", line 20, in <module>
    from lark import Lark
ModuleNotFoundError: No module named 'lark'
Traceback (most recent call last):
  File "/opt/ros/humble/share/rosidl_generator_cpp/cmake/../../../lib/rosidl_generator_cpp/rosidl_generator_cpp", line 8, in <module>
    from rosidl_generator_cpp import generate_cpp
  File "/opt/ros/humble/local/lib/python3.10/dist-packages/rosidl_generator_cpp/__init__.py", line 17, in <module>
    from rosidl_cmake import generate_files
  File "/opt/ros/humble/local/lib/python3.10/dist-packages/rosidl_cmake/__init__.py", line 24, in <module>
    from rosidl_parser.parser import parse_idl_file
  File "/opt/ros/humble/local/lib/python3.10/dist-packages/rosidl_parser/parser.py", line 20, in <module>
    from lark import Lark
ModuleNotFoundError: No module named 'lark'
gmake[2]: *** [CMakeFiles/slam_toolbox__cpp.dir/build.make:252: rosidl_generator_cpp/slam_toolbox/srv/pause.hpp] Error 1
gmake[1]: *** [CMakeFiles/Makefile2:311: CMakeFiles/slam_toolbox__cpp.dir/all] Error 2
gmake[1]: *** Waiting for unfinished jobs....
gmake[2]: *** [CMakeFiles/slam_toolbox__rosidl_generator_c.dir/build.make:208: rosidl_generator_c/slam_toolbox/srv/pause.h] Error 1
gmake[1]: *** [CMakeFiles/Makefile2:258: CMakeFiles/slam_toolbox__rosidl_generator_c.dir/all] Error 2
running egg_info
writing slam_toolbox.egg-info/PKG-INFO
writing dependency_links to slam_toolbox.egg-info/dependency_links.txt
writing top-level names to slam_toolbox.egg-info/top_level.txt
reading manifest file 'slam_toolbox.egg-info/SOURCES.txt'
writing manifest file 'slam_toolbox.egg-info/SOURCES.txt'
[  3%] Built target ament_cmake_python_build_slam_toolbox_egg
[01m[K/home/hp/ROS2_WS/src/slam_toolbox/lib/karto_sdk/src/Mapper.cpp:[m[K In constructor â€˜[01m[Kkarto::ProcessInputData::ProcessInputData(const karto::LocalizedRangeScan&, const karto::Matrix3&)[m[Kâ€™:
[01m[K/home/hp/ROS2_WS/src/slam_toolbox/lib/karto_sdk/src/Mapper.cpp:702:11:[m[K [01;31m[Kerror: [m[Kâ€˜[01m[Kkarto::LocalizedRangeScan::LocalizedRangeScan(const karto::LocalizedRangeScan&)[m[Kâ€™ is private within this context
  702 |         : [01;31m[Kscan(s)[m[K, covariance(cov) {}
      |           [01;31m[K^~~~~~~[m[K
In file included from [01m[K/home/hp/ROS2_WS/src/slam_toolbox/lib/karto_sdk/include/karto_sdk/Mapper.h:36[m[K,
                 from [01m[K/home/hp/ROS2_WS/src/slam_toolbox/lib/karto_sdk/src/Mapper.cpp:36[m[K:
[01m[K/home/hp/ROS2_WS/src/slam_toolbox/lib/karto_sdk/include/karto_sdk/Karto.h:5737:3:[m[K [01;36m[Knote: [m[Kdeclared private here
 5737 |   [01;36m[KLocalizedRangeScan[m[K(const LocalizedRangeScan &);
      |   [01;36m[K^~~~~~~~~~~~~~~~~~[m[K
[01m[K/home/hp/ROS2_WS/src/slam_toolbox/lib/karto_sdk/src/Mapper.cpp:[m[K In constructor â€˜[01m[Kkarto::ProcessOutputData::ProcessOutputData(bool, const karto::LocalizedRangeScan&, const karto::Matrix3&)[m[Kâ€™:
[01m[K/home/hp/ROS2_WS/src/slam_toolbox/lib/karto_sdk/src/Mapper.cpp:723:24:[m[K [01;31m[Kerror: [m[Kâ€˜[01m[Kkarto::LocalizedRangeScan::LocalizedRangeScan(const karto::LocalizedRangeScan&)[m[Kâ€™ is private within this context
  723 |         : result(res), [01;31m[Kscan(s)[m[K, covariance(cov) {}
      |                        [01;31m[K^~~~~~~[m[K
In file included from [01m[K/home/hp/ROS2_WS/src/slam_toolbox/lib/karto_sdk/include/karto_sdk/Mapper.h:36[m[K,
                 from [01m[K/home/hp/ROS2_WS/src/slam_toolbox/lib/karto_sdk/src/Mapper.cpp:36[m[K:
[01m[K/home/hp/ROS2_WS/src/slam_toolbox/lib/karto_sdk/include/karto_sdk/Karto.h:5737:3:[m[K [01;36m[Knote: [m[Kdeclared private here
 5737 |   [01;36m[KLocalizedRangeScan[m[K(const LocalizedRangeScan &);
      |   [01;36m[K^~~~~~~~~~~~~~~~~~[m[K
gmake[2]: *** [lib/karto_sdk/CMakeFiles/kartoSlamToolbox.dir/build.make:90: lib/karto_sdk/CMakeFiles/kartoSlamToolbox.dir/src/Mapper.cpp.o] Error 1
gmake[2]: *** Waiting for unfinished jobs....
gmake[1]: *** [CMakeFiles/Makefile2:1045: lib/karto_sdk/CMakeFiles/kartoSlamToolbox.dir/all] Error 2
gmake: *** [Makefile:146: all] Error 2
