[0.848s] Invoking command in '/home/hp/ROS2_WS/src/build/slam_toolbox': CMAKE_PREFIX_PATH=${CMAKE_PREFIX_PATH}:/home/hp/ROS2_WS/install/my_robot_controller:/home/hp/ROS2_WS/install/my_exo:/home/hp/ROS2_WS/install/dynamic_tf:/home/hp/ROS2_WS/install/Dynamic_tf:/home/hp/ROS2_WS/install/DYNAMIC_TF:/home/hp/ROS2_WS/src/install/my_robot_controller:/home/hp/ROS2_WS/src/install/my_exo:/home/hp/ROS2_WS/src/install/dynamic_tf:/opt/ros/humble CONDA_PROMPT_MODIFIER=(base) /usr/bin/cmake --build /home/hp/ROS2_WS/src/build/slam_toolbox -- -j8 -l8
[0.948s] [  1%] [34m[1mGenerating C code for ROS interfaces[0m
[0.955s] [35m[1mConsolidate compiler generated dependencies of target kartoSlamToolbox[0m
[0.958s] [  1%] [34m[1mGenerating C++ code for ROS interfaces[0m
[0.960s] [  1%] Built target ament_cmake_python_symlink_slam_toolbox
[1.027s] [  2%] [32mBuilding CXX object lib/karto_sdk/CMakeFiles/kartoSlamToolbox.dir/src/Mapper.cpp.o[0m
[1.036s] [  3%] [32mBuilding CXX object lib/karto_sdk/CMakeFiles/kartoSlamToolbox.dir/src/Karto.cpp.o[0m
[1.085s] Traceback (most recent call last):
[1.086s]   File "/opt/ros/humble/share/rosidl_generator_c/cmake/../../../lib/rosidl_generator_c/rosidl_generator_c", line 8, in <module>
[1.086s]     from rosidl_generator_c import generate_c
[1.086s]   File "/opt/ros/humble/local/lib/python3.10/dist-packages/rosidl_generator_c/__init__.py", line 15, in <module>
[1.086s]     from rosidl_cmake import convert_camel_case_to_lower_case_underscore
[1.086s]   File "/opt/ros/humble/local/lib/python3.10/dist-packages/rosidl_cmake/__init__.py", line 24, in <module>
[1.087s]     from rosidl_parser.parser import parse_idl_file
[1.087s]   File "/opt/ros/humble/local/lib/python3.10/dist-packages/rosidl_parser/parser.py", line 20, in <module>
[1.087s]     from lark import Lark
[1.087s] ModuleNotFoundError: No module named 'lark'
[1.095s] Traceback (most recent call last):
[1.095s]   File "/opt/ros/humble/share/rosidl_generator_cpp/cmake/../../../lib/rosidl_generator_cpp/rosidl_generator_cpp", line 8, in <module>
[1.095s]     from rosidl_generator_cpp import generate_cpp
[1.095s]   File "/opt/ros/humble/local/lib/python3.10/dist-packages/rosidl_generator_cpp/__init__.py", line 17, in <module>
[1.096s]     from rosidl_cmake import generate_files
[1.096s]   File "/opt/ros/humble/local/lib/python3.10/dist-packages/rosidl_cmake/__init__.py", line 24, in <module>
[1.096s]     from rosidl_parser.parser import parse_idl_file
[1.096s]   File "/opt/ros/humble/local/lib/python3.10/dist-packages/rosidl_parser/parser.py", line 20, in <module>
[1.096s]     from lark import Lark
[1.096s] ModuleNotFoundError: No module named 'lark'
[1.117s] gmake[2]: *** [CMakeFiles/slam_toolbox__cpp.dir/build.make:252: rosidl_generator_cpp/slam_toolbox/srv/pause.hpp] Error 1
[1.117s] gmake[1]: *** [CMakeFiles/Makefile2:311: CMakeFiles/slam_toolbox__cpp.dir/all] Error 2
[1.117s] gmake[1]: *** Waiting for unfinished jobs....
[1.132s] gmake[2]: *** [CMakeFiles/slam_toolbox__rosidl_generator_c.dir/build.make:208: rosidl_generator_c/slam_toolbox/srv/pause.h] Error 1
[1.133s] gmake[1]: *** [CMakeFiles/Makefile2:258: CMakeFiles/slam_toolbox__rosidl_generator_c.dir/all] Error 2
[1.469s] running egg_info
[1.518s] writing slam_toolbox.egg-info/PKG-INFO
[1.519s] writing dependency_links to slam_toolbox.egg-info/dependency_links.txt
[1.519s] writing top-level names to slam_toolbox.egg-info/top_level.txt
[1.616s] reading manifest file 'slam_toolbox.egg-info/SOURCES.txt'
[1.617s] writing manifest file 'slam_toolbox.egg-info/SOURCES.txt'
[1.674s] [  3%] Built target ament_cmake_python_build_slam_toolbox_egg
[5.403s] [01m[K/home/hp/ROS2_WS/src/slam_toolbox/lib/karto_sdk/src/Mapper.cpp:[m[K In constructor â€˜[01m[Kkarto::ProcessInputData::ProcessInputData(const karto::LocalizedRangeScan&, const karto::Matrix3&)[m[Kâ€™:
[5.403s] [01m[K/home/hp/ROS2_WS/src/slam_toolbox/lib/karto_sdk/src/Mapper.cpp:702:11:[m[K [01;31m[Kerror: [m[Kâ€˜[01m[Kkarto::LocalizedRangeScan::LocalizedRangeScan(const karto::LocalizedRangeScan&)[m[Kâ€™ is private within this context
[5.403s]   702 |         : [01;31m[Kscan(s)[m[K, covariance(cov) {}
[5.403s]       |           [01;31m[K^~~~~~~[m[K
[5.403s] In file included from [01m[K/home/hp/ROS2_WS/src/slam_toolbox/lib/karto_sdk/include/karto_sdk/Mapper.h:36[m[K,
[5.404s]                  from [01m[K/home/hp/ROS2_WS/src/slam_toolbox/lib/karto_sdk/src/Mapper.cpp:36[m[K:
[5.404s] [01m[K/home/hp/ROS2_WS/src/slam_toolbox/lib/karto_sdk/include/karto_sdk/Karto.h:5737:3:[m[K [01;36m[Knote: [m[Kdeclared private here
[5.404s]  5737 |   [01;36m[KLocalizedRangeScan[m[K(const LocalizedRangeScan &);
[5.404s]       |   [01;36m[K^~~~~~~~~~~~~~~~~~[m[K
[5.404s] [01m[K/home/hp/ROS2_WS/src/slam_toolbox/lib/karto_sdk/src/Mapper.cpp:[m[K In constructor â€˜[01m[Kkarto::ProcessOutputData::ProcessOutputData(bool, const karto::LocalizedRangeScan&, const karto::Matrix3&)[m[Kâ€™:
[5.404s] [01m[K/home/hp/ROS2_WS/src/slam_toolbox/lib/karto_sdk/src/Mapper.cpp:723:24:[m[K [01;31m[Kerror: [m[Kâ€˜[01m[Kkarto::LocalizedRangeScan::LocalizedRangeScan(const karto::LocalizedRangeScan&)[m[Kâ€™ is private within this context
[5.405s]   723 |         : result(res), [01;31m[Kscan(s)[m[K, covariance(cov) {}
[5.405s]       |                        [01;31m[K^~~~~~~[m[K
[5.405s] In file included from [01m[K/home/hp/ROS2_WS/src/slam_toolbox/lib/karto_sdk/include/karto_sdk/Mapper.h:36[m[K,
[5.405s]                  from [01m[K/home/hp/ROS2_WS/src/slam_toolbox/lib/karto_sdk/src/Mapper.cpp:36[m[K:
[5.405s] [01m[K/home/hp/ROS2_WS/src/slam_toolbox/lib/karto_sdk/include/karto_sdk/Karto.h:5737:3:[m[K [01;36m[Knote: [m[Kdeclared private here
[5.405s]  5737 |   [01;36m[KLocalizedRangeScan[m[K(const LocalizedRangeScan &);
[5.405s]       |   [01;36m[K^~~~~~~~~~~~~~~~~~[m[K
[8.221s] gmake[2]: *** [lib/karto_sdk/CMakeFiles/kartoSlamToolbox.dir/build.make:90: lib/karto_sdk/CMakeFiles/kartoSlamToolbox.dir/src/Mapper.cpp.o] Error 1
[8.221s] gmake[2]: *** Waiting for unfinished jobs....
[12.859s] gmake[1]: *** [CMakeFiles/Makefile2:1045: lib/karto_sdk/CMakeFiles/kartoSlamToolbox.dir/all] Error 2
[12.859s] gmake: *** [Makefile:146: all] Error 2
[12.861s] Invoked command in '/home/hp/ROS2_WS/src/build/slam_toolbox' returned '2': CMAKE_PREFIX_PATH=${CMAKE_PREFIX_PATH}:/home/hp/ROS2_WS/install/my_robot_controller:/home/hp/ROS2_WS/install/my_exo:/home/hp/ROS2_WS/install/dynamic_tf:/home/hp/ROS2_WS/install/Dynamic_tf:/home/hp/ROS2_WS/install/DYNAMIC_TF:/home/hp/ROS2_WS/src/install/my_robot_controller:/home/hp/ROS2_WS/src/install/my_exo:/home/hp/ROS2_WS/src/install/dynamic_tf:/opt/ros/humble CONDA_PROMPT_MODIFIER=(base) /usr/bin/cmake --build /home/hp/ROS2_WS/src/build/slam_toolbox -- -j8 -l8
