[0.833s] Invoking command in '/home/hp/ROS2_WS/src/build/slam_toolbox': CMAKE_PREFIX_PATH=${CMAKE_PREFIX_PATH}:/home/hp/ROS2_WS/install/my_robot_controller:/home/hp/ROS2_WS/install/my_exo:/home/hp/ROS2_WS/install/dynamic_tf:/home/hp/ROS2_WS/install/Dynamic_tf:/home/hp/ROS2_WS/install/DYNAMIC_TF:/home/hp/ROS2_WS/src/install/rosidl_pycommon:/home/hp/ROS2_WS/src/install/rosidl_cli:/home/hp/ROS2_WS/src/install/my_robot_controller:/home/hp/ROS2_WS/src/install/my_exo:/home/hp/ROS2_WS/src/install/dynamic_tf:/opt/ros/humble CONDA_PROMPT_MODIFIER=(base) /usr/bin/cmake --build /home/hp/ROS2_WS/src/build/slam_toolbox -- -j8 -l8
[0.941s] [35m[1mConsolidate compiler generated dependencies of target kartoSlamToolbox[0m
[0.951s] [  9%] Built target slam_toolbox__rosidl_generator_c
[0.954s] [  9%] Built target slam_toolbox__cpp
[0.963s] [  9%] Built target ament_cmake_python_symlink_slam_toolbox
[1.007s] [ 10%] [32mBuilding CXX object lib/karto_sdk/CMakeFiles/kartoSlamToolbox.dir/src/Karto.cpp.o[0m
[1.008s] [ 11%] [32mBuilding CXX object lib/karto_sdk/CMakeFiles/kartoSlamToolbox.dir/src/Mapper.cpp.o[0m
[1.014s] [ 20%] Built target slam_toolbox__rosidl_typesupport_fastrtps_c
[1.026s] [ 29%] Built target slam_toolbox__rosidl_typesupport_introspection_c
[1.029s] [ 38%] Built target slam_toolbox__rosidl_typesupport_introspection_cpp
[1.046s] [ 47%] Built target slam_toolbox__rosidl_typesupport_c
[1.083s] [ 56%] Built target slam_toolbox__rosidl_typesupport_fastrtps_cpp
[1.085s] [ 65%] Built target slam_toolbox__rosidl_typesupport_cpp
[1.159s] [ 65%] Built target slam_toolbox
[1.163s] [ 67%] Built target SlamToolboxPlugin
[1.196s] [ 68%] Built target slam_toolbox__py
[1.250s] [ 76%] Built target slam_toolbox__rosidl_generator_py
[1.325s] [ 77%] Built target slam_toolbox__rosidl_typesupport_introspection_c__pyext
[1.335s] [ 78%] Built target slam_toolbox__rosidl_typesupport_fastrtps_c__pyext
[1.345s] [ 79%] Built target slam_toolbox__rosidl_typesupport_c__pyext
[1.519s] running egg_info
[1.566s] writing slam_toolbox.egg-info/PKG-INFO
[1.566s] writing dependency_links to slam_toolbox.egg-info/dependency_links.txt
[1.567s] writing top-level names to slam_toolbox.egg-info/top_level.txt
[1.710s] reading manifest file 'slam_toolbox.egg-info/SOURCES.txt'
[1.710s] writing manifest file 'slam_toolbox.egg-info/SOURCES.txt'
[1.796s] [ 79%] Built target ament_cmake_python_build_slam_toolbox_egg
[3.423s] In file included from [01m[K/home/hp/ROS2_WS/src/slam_toolbox/lib/karto_sdk/src/Karto.cpp:27[m[K:
[3.423s] [01m[K/home/hp/ROS2_WS/src/slam_toolbox/lib/karto_sdk/include/karto_sdk/Karto.h:[m[K In function â€˜[01m[Kstd::ostream& karto::operator<<(std::ostream&, const karto::BoundingBox2&)[m[Kâ€™:
[3.423s] [01m[K/home/hp/ROS2_WS/src/slam_toolbox/lib/karto_sdk/include/karto_sdk/Karto.h:2855:27:[m[K [01;31m[Kerror: [m[Kâ€˜[01m[Kconst class karto::BoundingBox2[m[Kâ€™ has no member named â€˜[01m[Kmin[m[Kâ€™
[3.424s]  2855 |     os << "Min: " << bbox.[01;31m[Kmin[m[K << " Max: " << bbox.max;
[3.424s]       |                           [01;31m[K^~~[m[K
[3.424s] [01m[K/home/hp/ROS2_WS/src/slam_toolbox/lib/karto_sdk/include/karto_sdk/Karto.h:2855:51:[m[K [01;31m[Kerror: [m[Kâ€˜[01m[Kconst class karto::BoundingBox2[m[Kâ€™ has no member named â€˜[01m[Kmax[m[Kâ€™
[3.424s]  2855 |     os << "Min: " << bbox.min << " Max: " << bbox.[01;31m[Kmax[m[K;
[3.424s]       |                                                   [01;31m[K^~~[m[K
[3.424s] [01m[K/home/hp/ROS2_WS/src/slam_toolbox/lib/karto_sdk/include/karto_sdk/Karto.h:[m[K In function â€˜[01m[Kstd::istream& karto::operator>>(std::istream&, karto::BoundingBox2&)[m[Kâ€™:
[3.424s] [01m[K/home/hp/ROS2_WS/src/slam_toolbox/lib/karto_sdk/include/karto_sdk/Karto.h:2861:24:[m[K [01;31m[Kerror: [m[Kâ€˜[01m[Kclass karto::BoundingBox2[m[Kâ€™ has no member named â€˜[01m[Kmin[m[Kâ€™
[3.425s]  2861 |     is >> temp >> bbox.[01;31m[Kmin[m[K;
[3.425s]       |                        [01;31m[K^~~[m[K
[3.425s] [01m[K/home/hp/ROS2_WS/src/slam_toolbox/lib/karto_sdk/include/karto_sdk/Karto.h:2862:24:[m[K [01;31m[Kerror: [m[Kâ€˜[01m[Kclass karto::BoundingBox2[m[Kâ€™ has no member named â€˜[01m[Kmax[m[Kâ€™
[3.425s]  2862 |     is >> temp >> bbox.[01;31m[Kmax[m[K;
[3.425s]       |                        [01;31m[K^~~[m[K
[4.853s] gmake[2]: *** [lib/karto_sdk/CMakeFiles/kartoSlamToolbox.dir/build.make:76: lib/karto_sdk/CMakeFiles/kartoSlamToolbox.dir/src/Karto.cpp.o] Error 1
[4.853s] gmake[2]: *** Waiting for unfinished jobs....
[5.034s] In file included from [01m[K/home/hp/ROS2_WS/src/slam_toolbox/lib/karto_sdk/include/karto_sdk/Mapper.h:36[m[K,
[5.034s]                  from [01m[K/home/hp/ROS2_WS/src/slam_toolbox/lib/karto_sdk/src/Mapper.cpp:36[m[K:
[5.034s] [01m[K/home/hp/ROS2_WS/src/slam_toolbox/lib/karto_sdk/include/karto_sdk/Karto.h:[m[K In function â€˜[01m[Kstd::ostream& karto::operator<<(std::ostream&, const karto::BoundingBox2&)[m[Kâ€™:
[5.034s] [01m[K/home/hp/ROS2_WS/src/slam_toolbox/lib/karto_sdk/include/karto_sdk/Karto.h:2855:27:[m[K [01;31m[Kerror: [m[Kâ€˜[01m[Kconst class karto::BoundingBox2[m[Kâ€™ has no member named â€˜[01m[Kmin[m[Kâ€™
[5.034s]  2855 |     os << "Min: " << bbox.[01;31m[Kmin[m[K << " Max: " << bbox.max;
[5.034s]       |                           [01;31m[K^~~[m[K
[5.034s] [01m[K/home/hp/ROS2_WS/src/slam_toolbox/lib/karto_sdk/include/karto_sdk/Karto.h:2855:51:[m[K [01;31m[Kerror: [m[Kâ€˜[01m[Kconst class karto::BoundingBox2[m[Kâ€™ has no member named â€˜[01m[Kmax[m[Kâ€™
[5.034s]  2855 |     os << "Min: " << bbox.min << " Max: " << bbox.[01;31m[Kmax[m[K;
[5.034s]       |                                                   [01;31m[K^~~[m[K
[5.034s] [01m[K/home/hp/ROS2_WS/src/slam_toolbox/lib/karto_sdk/include/karto_sdk/Karto.h:[m[K In function â€˜[01m[Kstd::istream& karto::operator>>(std::istream&, karto::BoundingBox2&)[m[Kâ€™:
[5.034s] [01m[K/home/hp/ROS2_WS/src/slam_toolbox/lib/karto_sdk/include/karto_sdk/Karto.h:2861:24:[m[K [01;31m[Kerror: [m[Kâ€˜[01m[Kclass karto::BoundingBox2[m[Kâ€™ has no member named â€˜[01m[Kmin[m[Kâ€™
[5.034s]  2861 |     is >> temp >> bbox.[01;31m[Kmin[m[K;
[5.035s]       |                        [01;31m[K^~~[m[K
[5.035s] [01m[K/home/hp/ROS2_WS/src/slam_toolbox/lib/karto_sdk/include/karto_sdk/Karto.h:2862:24:[m[K [01;31m[Kerror: [m[Kâ€˜[01m[Kclass karto::BoundingBox2[m[Kâ€™ has no member named â€˜[01m[Kmax[m[Kâ€™
[5.035s]  2862 |     is >> temp >> bbox.[01;31m[Kmax[m[K;
[5.035s]       |                        [01;31m[K^~~[m[K
[7.498s] gmake[2]: *** [lib/karto_sdk/CMakeFiles/kartoSlamToolbox.dir/build.make:90: lib/karto_sdk/CMakeFiles/kartoSlamToolbox.dir/src/Mapper.cpp.o] Error 1
[7.499s] gmake[1]: *** [CMakeFiles/Makefile2:1045: lib/karto_sdk/CMakeFiles/kartoSlamToolbox.dir/all] Error 2
[7.499s] gmake: *** [Makefile:146: all] Error 2
[7.501s] Invoked command in '/home/hp/ROS2_WS/src/build/slam_toolbox' returned '2': CMAKE_PREFIX_PATH=${CMAKE_PREFIX_PATH}:/home/hp/ROS2_WS/install/my_robot_controller:/home/hp/ROS2_WS/install/my_exo:/home/hp/ROS2_WS/install/dynamic_tf:/home/hp/ROS2_WS/install/Dynamic_tf:/home/hp/ROS2_WS/install/DYNAMIC_TF:/home/hp/ROS2_WS/src/install/rosidl_pycommon:/home/hp/ROS2_WS/src/install/rosidl_cli:/home/hp/ROS2_WS/src/install/my_robot_controller:/home/hp/ROS2_WS/src/install/my_exo:/home/hp/ROS2_WS/src/install/dynamic_tf:/opt/ros/humble CONDA_PROMPT_MODIFIER=(base) /usr/bin/cmake --build /home/hp/ROS2_WS/src/build/slam_toolbox -- -j8 -l8
