[  0%] Built target ament_cmake_python_symlink_slam_toolbox
[35m[1mConsolidate compiler generated dependencies of target kartoSlamToolbox[0m
[  0%] [34m[1mGenerating C++ code for ROS interfaces[0m
[  1%] [34m[1mGenerating C code for ROS interfaces[0m
[  1%] [32m[1mLinking CXX shared library libkartoSlamToolbox.so[0m
/usr/bin/ld: CMakeFiles/kartoSlamToolbox.dir/src/Mapper.cpp.o: in function `karto::operator<<(std::ostream&, karto::LocalizedRangeScan const&)':
Mapper.cpp:(.text+0x1b80): multiple definition of `karto::operator<<(std::ostream&, karto::LocalizedRangeScan const&)'; CMakeFiles/kartoSlamToolbox.dir/src/Karto.cpp.o:Karto.cpp:(.text+0x520): first defined here
/usr/bin/ld: CMakeFiles/kartoSlamToolbox.dir/src/Mapper.cpp.o: in function `karto::operator>>(std::istream&, karto::LocalizedRangeScan&)':
Mapper.cpp:(.text+0x6ee0): multiple definition of `karto::operator>>(std::istream&, karto::LocalizedRangeScan&)'; CMakeFiles/kartoSlamToolbox.dir/src/Karto.cpp.o:Karto.cpp:(.text+0x16c0): first defined here
running egg_info
writing slam_toolbox.egg-info/PKG-INFO
writing dependency_links to slam_toolbox.egg-info/dependency_links.txt
writing top-level names to slam_toolbox.egg-info/top_level.txt
reading manifest file 'slam_toolbox.egg-info/SOURCES.txt'
writing manifest file 'slam_toolbox.egg-info/SOURCES.txt'
collect2: error: ld returned 1 exit status
gmake[2]: *** [lib/karto_sdk/CMakeFiles/kartoSlamToolbox.dir/build.make:183: lib/karto_sdk/libkartoSlamToolbox.so] Error 1
gmake[1]: *** [CMakeFiles/Makefile2:1045: lib/karto_sdk/CMakeFiles/kartoSlamToolbox.dir/all] Error 2
gmake[1]: *** Waiting for unfinished jobs....
[  1%] Built target ament_cmake_python_build_slam_toolbox_egg
[  1%] Built target slam_toolbox__cpp
[  1%] [32mBuilding C object CMakeFiles/slam_toolbox__rosidl_generator_c.dir/rosidl_generator_c/slam_toolbox/srv/detail/pause__functions.c.o[0m
[  3%] [32mBuilding C object CMakeFiles/slam_toolbox__rosidl_generator_c.dir/rosidl_generator_c/slam_toolbox/srv/detail/save_map__functions.c.o[0m
[  3%] [32mBuilding C object CMakeFiles/slam_toolbox__rosidl_generator_c.dir/rosidl_generator_c/slam_toolbox/srv/detail/clear__functions.c.o[0m
[  3%] [32mBuilding C object CMakeFiles/slam_toolbox__rosidl_generator_c.dir/rosidl_generator_c/slam_toolbox/srv/detail/merge_maps__functions.c.o[0m
[  3%] [32mBuilding C object CMakeFiles/slam_toolbox__rosidl_generator_c.dir/rosidl_generator_c/slam_toolbox/srv/detail/toggle_interactive__functions.c.o[0m
[  4%] [32mBuilding C object CMakeFiles/slam_toolbox__rosidl_generator_c.dir/rosidl_generator_c/slam_toolbox/srv/detail/reset__functions.c.o[0m
[  5%] [32mBuilding C object CMakeFiles/slam_toolbox__rosidl_generator_c.dir/rosidl_generator_c/slam_toolbox/srv/detail/clear_queue__functions.c.o[0m
[  6%] [32mBuilding C object CMakeFiles/slam_toolbox__rosidl_generator_c.dir/rosidl_generator_c/slam_toolbox/srv/detail/loop_closure__functions.c.o[0m
[  7%] [32mBuilding C object CMakeFiles/slam_toolbox__rosidl_generator_c.dir/rosidl_generator_c/slam_toolbox/srv/detail/add_submap__functions.c.o[0m
[  8%] [32mBuilding C object CMakeFiles/slam_toolbox__rosidl_generator_c.dir/rosidl_generator_c/slam_toolbox/srv/detail/deserialize_pose_graph__functions.c.o[0m
[  8%] [32mBuilding C object CMakeFiles/slam_toolbox__rosidl_generator_c.dir/rosidl_generator_c/slam_toolbox/srv/detail/serialize_pose_graph__functions.c.o[0m
[  9%] [32m[1mLinking C shared library libslam_toolbox__rosidl_generator_c.so[0m
[  9%] Built target slam_toolbox__rosidl_generator_c
gmake: *** [Makefile:146: all] Error 2
